#
# There is insufficient memory for the Java Runtime Environment to continue.
# Native memory allocation (mmap) failed to map 38797312 bytes for G1 virtual space
# Possible reasons:
#   The system is out of physical RAM or swap space
#   The process is running with CompressedOops enabled, and the Java Heap may be blocking the growth of the native heap
# Possible solutions:
#   Reduce memory load on the system
#   Increase physical memory or swap space
#   Check if swap backing store is full
#   Decrease Java heap size (-Xmx/-Xms)
#   Decrease number of Java threads
#   Decrease Java thread stack sizes (-Xss)
#   Set larger code cache with -XX:ReservedCodeCacheSize=
#   JVM is running with Unscaled Compressed Oops mode in which the Java heap is
#     placed in the first 4GB address space. The Java Heap base address is the
#     maximum limit for the native heap growth. Please use -XX:HeapBaseMinAddress
#     to set the Java Heap base and to place the Java Heap above 4GB virtual address.
# This output file may be truncated or incomplete.
#
#  Out of Memory Error (os_windows.cpp:3466), pid=25208, tid=22708
#
# JRE version: OpenJDK Runtime Environment (16.0.1+9) (build 16.0.1+9-24)
# Java VM: OpenJDK 64-Bit Server VM (16.0.1+9-24, mixed mode, tiered, compressed oops, compressed class ptrs, g1 gc, windows-amd64)
# No core dump will be written. Minidumps are not enabled by default on client versions of Windows
#

---------------  S U M M A R Y ------------

Command Line: -Dcom.sun.management.jmxremote -Dcom.sun.management.jmxremote.port=62726 -Dcom.sun.management.jmxremote.authenticate=false -Dcom.sun.management.jmxremote.ssl=false -Djava.rmi.server.hostname=localhost -Dspring.jmx.enabled=true -Dspring.application.admin.enabled=true -XX:TieredStopAtLevel=1 -Dspring.boot.project.name=Eureka-service -Dfile.encoding=UTF-8 -XX:+ShowCodeDetailsInExceptionMessages org.art.EurekaServiceApplication --spring.output.ansi.enabled=always

Host: Intel(R) Core(TM) i5-8265U CPU @ 1.60GHz, 8 cores, 7G,  Windows 10 , 64 bit Build 19041 (10.0.19041.1023)
Time: Wed Sep  8 18:49:36 2021 Afr. centrale Ouest elapsed time: 674.629493 seconds (0d 0h 11m 14s)

---------------  T H R E A D  ---------------

Current thread (0x0000015173ab1700):  VMThread "VM Thread" [stack: 0x0000001c9a200000,0x0000001c9a300000] [id=22708]

Stack: [0x0000001c9a200000,0x0000001c9a300000]
Native frames: (J=compiled Java code, j=interpreted, Vv=VM code, C=native code)
V  [jvm.dll+0x6687ca]
V  [jvm.dll+0x7ca3c9]
V  [jvm.dll+0x7cbb53]
V  [jvm.dll+0x7cc1b3]
V  [jvm.dll+0x242ea5]
V  [jvm.dll+0x665589]
V  [jvm.dll+0x65a175]
V  [jvm.dll+0x2fc5ab]
V  [jvm.dll+0x3037a6]
V  [jvm.dll+0x352fee]
V  [jvm.dll+0x35321f]
V  [jvm.dll+0x2d3618]
V  [jvm.dll+0x2d11a5]
V  [jvm.dll+0x2d07dc]
V  [jvm.dll+0x3158c2]
V  [jvm.dll+0x7d05eb]
V  [jvm.dll+0x7d12e4]
V  [jvm.dll+0x7d17e9]
V  [jvm.dll+0x7d1aa4]
V  [jvm.dll+0x7d1b70]
V  [jvm.dll+0x779b4a]
V  [jvm.dll+0x667666]
C  [ucrtbase.dll+0x21bb2]
C  [KERNEL32.DLL+0x17034]
C  [ntdll.dll+0x52651]

VM_Operation (0x0000001c999fc4e0): G1CollectForAllocation, mode: safepoint, requested by thread 0x00000151750d47f0


---------------  P R O C E S S  ---------------

Threads class SMR info:
_java_thread_list=0x0000015176e52eb0, length=67, elements={
0x0000015174423380, 0x0000015173ab75d0, 0x0000015173adb410, 0x0000015173adbf20,
0x0000015173adf050, 0x0000015173adf960, 0x0000015173ae0320, 0x000001517446abe0,
0x00000151745a0b70, 0x00000151745ef280, 0x0000015174db8360, 0x0000015174dac8f0,
0x0000015174e16cf0, 0x0000015175fd7080, 0x0000015175fd6090, 0x0000015175fd8070,
0x0000015175fd55f0, 0x0000015175fd65e0, 0x0000015175fd7b20, 0x0000015175fd6b30,
0x0000015175fd85c0, 0x0000015175fd75d0, 0x0000015175fd50a0, 0x0000015175fd5b40,
0x00000151791c1f60, 0x00000151791bf4e0, 0x00000151791bff80, 0x00000151791bfa30,
0x00000151791bef90, 0x00000151791c24b0, 0x00000151791c2a00, 0x00000151791c0f70,
0x00000151791c04d0, 0x00000151791c0a20, 0x00000151791c14c0, 0x00000151791bafd0,
0x00000151791bba70, 0x00000151791bb520, 0x00000151791bda50, 0x00000151791bc510,
0x00000151791bca60, 0x00000151791be4f0, 0x00000151791bdfa0, 0x00000151791bea40,
0x00000151791c1a10, 0x00000151791bbfc0, 0x00000151791bcfb0, 0x00000151791bd500,
0x00000151750d8260, 0x00000151750d32b0, 0x00000151750d4d40, 0x00000151750d6d20,
0x00000151750d22c0, 0x00000151750d2810, 0x00000151750d2d60, 0x00000151750d5290,
0x00000151750d97a0, 0x00000151750d7270, 0x00000151750d8d00, 0x00000151750d3800,
0x00000151750d9cf0, 0x00000151750d7d10, 0x00000151750d77c0, 0x00000151750d87b0,
0x00000151750d42a0, 0x00000151750d47f0, 0x00000151750d9250
}

Java Threads: ( => current thread )
  0x0000015174423380 JavaThread "Reference Handler" daemon [_thread_blocked, id=4256, stack(0x0000001c9a300000,0x0000001c9a400000)]
  0x0000015173ab75d0 JavaThread "Finalizer" daemon [_thread_blocked, id=12040, stack(0x0000001c9a400000,0x0000001c9a500000)]
  0x0000015173adb410 JavaThread "Signal Dispatcher" daemon [_thread_blocked, id=16496, stack(0x0000001c9a500000,0x0000001c9a600000)]
  0x0000015173adbf20 JavaThread "Attach Listener" daemon [_thread_blocked, id=22760, stack(0x0000001c9a600000,0x0000001c9a700000)]
  0x0000015173adf050 JavaThread "Service Thread" daemon [_thread_blocked, id=20740, stack(0x0000001c9a700000,0x0000001c9a800000)]
  0x0000015173adf960 JavaThread "Monitor Deflation Thread" daemon [_thread_blocked, id=15392, stack(0x0000001c9a800000,0x0000001c9a900000)]
  0x0000015173ae0320 JavaThread "C1 CompilerThread0" daemon [_thread_blocked, id=29352, stack(0x0000001c9a900000,0x0000001c9aa00000)]
  0x000001517446abe0 JavaThread "Sweeper thread" daemon [_thread_blocked, id=25604, stack(0x0000001c9aa00000,0x0000001c9ab00000)]
  0x00000151745a0b70 JavaThread "Common-Cleaner" daemon [_thread_blocked, id=23732, stack(0x0000001c9ab00000,0x0000001c9ac00000)]
  0x00000151745ef280 JavaThread "Notification Thread" daemon [_thread_blocked, id=27212, stack(0x0000001c9ac00000,0x0000001c9ad00000)]
  0x0000015174db8360 JavaThread "RMI TCP Accept-0" daemon [_thread_in_native, id=23444, stack(0x0000001c9ad00000,0x0000001c9ae00000)]
  0x0000015174dac8f0 JavaThread "RMI TCP Accept-62726" daemon [_thread_in_native, id=10360, stack(0x0000001c9ae00000,0x0000001c9af00000)]
  0x0000015174e16cf0 JavaThread "RMI TCP Accept-0" daemon [_thread_in_native, id=18156, stack(0x0000001c9af00000,0x0000001c9b000000)]
  0x0000015175fd7080 JavaThread "RMI Scheduler(0)" daemon [_thread_blocked, id=28996, stack(0x0000001c9bb00000,0x0000001c9bc00000)]
  0x0000015175fd6090 JavaThread "RMI TCP Connection(13)-127.0.0.1" daemon [_thread_in_native, id=27792, stack(0x0000001c9bc00000,0x0000001c9bd00000)]
  0x0000015175fd8070 JavaThread "JMX server connection timeout 23" daemon [_thread_blocked, id=10936, stack(0x0000001c9bd00000,0x0000001c9be00000)]
  0x0000015175fd55f0 JavaThread "Catalina-utility-1" [_thread_blocked, id=6360, stack(0x0000001c9be00000,0x0000001c9bf00000)]
  0x0000015175fd65e0 JavaThread "Catalina-utility-2" [_thread_blocked, id=19944, stack(0x0000001c9c000000,0x0000001c9c100000)]
  0x0000015175fd7b20 JavaThread "container-0" [_thread_blocked, id=16896, stack(0x0000001c9c100000,0x0000001c9c200000)]
  0x0000015175fd6b30 JavaThread "spring.cloud.inetutils" daemon [_thread_blocked, id=7824, stack(0x0000001c9c200000,0x0000001c9c300000)]
  0x0000015175fd85c0 JavaThread "Eureka-DeltaRetentionTimer" daemon [_thread_blocked, id=13792, stack(0x0000001c9c300000,0x0000001c9c400000)]
  0x0000015175fd75d0 JavaThread "Eureka-EvictionTimer" daemon [_thread_blocked, id=23152, stack(0x0000001c9c400000,0x0000001c9c500000)]
  0x0000015175fd50a0 JavaThread "Eureka-MeasureRateTimer" daemon [_thread_blocked, id=4176, stack(0x0000001c9c500000,0x0000001c9c600000)]
  0x0000015175fd5b40 JavaThread "ReplicaAwareInstanceRegistry - RenewalThresholdUpdater" daemon [_thread_blocked, id=20120, stack(0x0000001c9c600000,0x0000001c9c700000)]
  0x00000151791c1f60 JavaThread "Eureka-MeasureRateTimer" daemon [_thread_blocked, id=29192, stack(0x0000001c9c700000,0x0000001c9c800000)]
  0x00000151791bf4e0 JavaThread "Apache-HttpClient-Conn-Cleaner2" daemon [_thread_blocked, id=26296, stack(0x0000001c9c800000,0x0000001c9c900000)]
  0x00000151791bff80 JavaThread "TaskAcceptor-target_localhost" daemon [_thread_blocked, id=21168, stack(0x0000001c9c900000,0x0000001c9ca00000)]
  0x00000151791bfa30 JavaThread "StatsMonitor-0" daemon [_thread_blocked, id=27580, stack(0x0000001c9ca00000,0x0000001c9cb00000)]
  0x00000151791bef90 JavaThread "TaskBatchingWorker-target_localhost-0" daemon [_thread_blocked, id=21880, stack(0x0000001c9cb00000,0x0000001c9cc00000)]
  0x00000151791c24b0 JavaThread "TaskBatchingWorker-target_localhost-1" daemon [_thread_blocked, id=29180, stack(0x0000001c9cc00000,0x0000001c9cd00000)]
  0x00000151791c2a00 JavaThread "TaskBatchingWorker-target_localhost-2" daemon [_thread_blocked, id=17524, stack(0x0000001c9cd00000,0x0000001c9ce00000)]
  0x00000151791c0f70 JavaThread "TaskBatchingWorker-target_localhost-3" daemon [_thread_blocked, id=14848, stack(0x0000001c9ce00000,0x0000001c9cf00000)]
  0x00000151791c04d0 JavaThread "TaskBatchingWorker-target_localhost-4" daemon [_thread_blocked, id=20444, stack(0x0000001c9cf00000,0x0000001c9d000000)]
  0x00000151791c0a20 JavaThread "TaskBatchingWorker-target_localhost-5" daemon [_thread_blocked, id=4888, stack(0x0000001c9d000000,0x0000001c9d100000)]
  0x00000151791c14c0 JavaThread "TaskBatchingWorker-target_localhost-6" daemon [_thread_blocked, id=1788, stack(0x0000001c9d100000,0x0000001c9d200000)]
  0x00000151791bafd0 JavaThread "TaskBatchingWorker-target_localhost-7" daemon [_thread_blocked, id=27692, stack(0x0000001c9d200000,0x0000001c9d300000)]
  0x00000151791bba70 JavaThread "TaskBatchingWorker-target_localhost-8" daemon [_thread_blocked, id=24100, stack(0x0000001c9d300000,0x0000001c9d400000)]
  0x00000151791bb520 JavaThread "TaskBatchingWorker-target_localhost-9" daemon [_thread_blocked, id=23072, stack(0x0000001c9d400000,0x0000001c9d500000)]
  0x00000151791bda50 JavaThread "TaskBatchingWorker-target_localhost-10" daemon [_thread_blocked, id=16372, stack(0x0000001c9d500000,0x0000001c9d600000)]
  0x00000151791bc510 JavaThread "TaskBatchingWorker-target_localhost-11" daemon [_thread_blocked, id=5960, stack(0x0000001c9d600000,0x0000001c9d700000)]
  0x00000151791bca60 JavaThread "TaskBatchingWorker-target_localhost-12" daemon [_thread_blocked, id=23116, stack(0x0000001c9d700000,0x0000001c9d800000)]
  0x00000151791be4f0 JavaThread "TaskBatchingWorker-target_localhost-13" daemon [_thread_blocked, id=15092, stack(0x0000001c9d800000,0x0000001c9d900000)]
  0x00000151791bdfa0 JavaThread "TaskBatchingWorker-target_localhost-14" daemon [_thread_blocked, id=24552, stack(0x0000001c9d900000,0x0000001c9da00000)]
  0x00000151791bea40 JavaThread "TaskBatchingWorker-target_localhost-15" daemon [_thread_blocked, id=9012, stack(0x0000001c9da00000,0x0000001c9db00000)]
  0x00000151791c1a10 JavaThread "TaskBatchingWorker-target_localhost-16" daemon [_thread_blocked, id=11480, stack(0x0000001c9db00000,0x0000001c9dc00000)]
  0x00000151791bbfc0 JavaThread "TaskBatchingWorker-target_localhost-17" daemon [_thread_blocked, id=27448, stack(0x0000001c9dc00000,0x0000001c9dd00000)]
  0x00000151791bcfb0 JavaThread "TaskBatchingWorker-target_localhost-18" daemon [_thread_blocked, id=12828, stack(0x0000001c9dd00000,0x0000001c9de00000)]
  0x00000151791bd500 JavaThread "TaskBatchingWorker-target_localhost-19" daemon [_thread_blocked, id=20664, stack(0x0000001c9de00000,0x0000001c9df00000)]
  0x00000151750d8260 JavaThread "TaskAcceptor-localhost" daemon [_thread_blocked, id=24756, stack(0x0000001c9df00000,0x0000001c9e000000)]
  0x00000151750d32b0 JavaThread "TaskNonBatchingWorker-localhost-0" daemon [_thread_blocked, id=24584, stack(0x0000001c9e000000,0x0000001c9e100000)]
  0x00000151750d4d40 JavaThread "Eureka-PeerNodesUpdater" daemon [_thread_blocked, id=29444, stack(0x0000001c9e100000,0x0000001c9e200000)]
  0x00000151750d6d20 JavaThread "Eureka-CacheFillTimer" daemon [_thread_blocked, id=23496, stack(0x0000001c9e200000,0x0000001c9e300000)]
  0x00000151750d22c0 JavaThread "http-nio-8010-Poller" daemon [_thread_in_native, id=14372, stack(0x0000001c9e400000,0x0000001c9e500000)]
  0x00000151750d2810 JavaThread "http-nio-8010-Acceptor" daemon [_thread_in_native, id=18360, stack(0x0000001c9e500000,0x0000001c9e600000)]
  0x00000151750d2d60 JavaThread "DestroyJavaVM" [_thread_blocked, id=22148, stack(0x0000001c99c00000,0x0000001c99d00000)]
  0x00000151750d5290 JavaThread "http-nio-8010-exec-1" daemon [_thread_blocked, id=15696, stack(0x0000001c9e700000,0x0000001c9e800000)]
  0x00000151750d97a0 JavaThread "http-nio-8010-exec-2" daemon [_thread_blocked, id=17764, stack(0x0000001c9e800000,0x0000001c9e900000)]
  0x00000151750d7270 JavaThread "http-nio-8010-exec-3" daemon [_thread_blocked, id=25576, stack(0x0000001c9e900000,0x0000001c9ea00000)]
  0x00000151750d8d00 JavaThread "http-nio-8010-exec-4" daemon [_thread_blocked, id=12320, stack(0x0000001c9ea00000,0x0000001c9eb00000)]
  0x00000151750d3800 JavaThread "http-nio-8010-exec-5" daemon [_thread_blocked, id=16616, stack(0x0000001c9eb00000,0x0000001c9ec00000)]
  0x00000151750d9cf0 JavaThread "http-nio-8010-exec-6" daemon [_thread_blocked, id=26204, stack(0x0000001c9ec00000,0x0000001c9ed00000)]
  0x00000151750d7d10 JavaThread "http-nio-8010-exec-7" daemon [_thread_blocked, id=22320, stack(0x0000001c9ed00000,0x0000001c9ee00000)]
  0x00000151750d77c0 JavaThread "http-nio-8010-exec-8" daemon [_thread_blocked, id=23316, stack(0x0000001c9ee00000,0x0000001c9ef00000)]
  0x00000151750d87b0 JavaThread "http-nio-8010-exec-9" daemon [_thread_blocked, id=10564, stack(0x0000001c9ef00000,0x0000001c9f000000)]
  0x00000151750d42a0 JavaThread "http-nio-8010-exec-10" daemon [_thread_blocked, id=19448, stack(0x0000001c9f000000,0x0000001c9f100000)]
  0x00000151750d47f0 JavaThread "RMI TCP Connection(14)-127.0.0.1" daemon [_thread_blocked, id=11860, stack(0x0000001c99900000,0x0000001c99a00000)]
  0x00000151750d9250 JavaThread "JMX server connection timeout 78" daemon [_thread_blocked, id=21000, stack(0x0000001c99a00000,0x0000001c99b00000)]

Other Threads:
=>0x0000015173ab1700 VMThread "VM Thread" [stack: 0x0000001c9a200000,0x0000001c9a300000] [id=22708]
  0x0000015174db6930 WatcherThread [stack: 0x0000001c9b000000,0x0000001c9b100000] [id=17216]
  0x0000015159d52510 GCTaskThread "GC Thread#0" [stack: 0x0000001c99d00000,0x0000001c99e00000] [id=22140]
  0x0000015175119c00 GCTaskThread "GC Thread#1" [stack: 0x0000001c9b100000,0x0000001c9b200000] [id=24912]
  0x0000015175f53020 GCTaskThread "GC Thread#2" [stack: 0x0000001c9b200000,0x0000001c9b300000] [id=444]
  0x0000015175f53330 GCTaskThread "GC Thread#3" [stack: 0x0000001c9b300000,0x0000001c9b400000] [id=10068]
  0x0000015175f53640 GCTaskThread "GC Thread#4" [stack: 0x0000001c9b400000,0x0000001c9b500000] [id=19736]
  0x0000015175f71f20 GCTaskThread "GC Thread#5" [stack: 0x0000001c9b500000,0x0000001c9b600000] [id=13508]
  0x0000015175f72230 GCTaskThread "GC Thread#6" [stack: 0x0000001c9b600000,0x0000001c9b700000] [id=15108]
  0x0000015175126fc0 GCTaskThread "GC Thread#7" [stack: 0x0000001c9b700000,0x0000001c9b800000] [id=2076]
  0x0000015159d64170 ConcurrentGCThread "G1 Main Marker" [stack: 0x0000001c99e00000,0x0000001c99f00000] [id=10980]
  0x0000015159d64b70 ConcurrentGCThread "G1 Conc#0" [stack: 0x0000001c99f00000,0x0000001c9a000000] [id=26308]
  0x00000151761e2a00 ConcurrentGCThread "G1 Conc#1" [stack: 0x0000001c9bf00000,0x0000001c9c000000] [id=15396]
  0x0000015159ddd350 ConcurrentGCThread "G1 Refine#0" [stack: 0x0000001c9a000000,0x0000001c9a100000] [id=6620]
  0x0000015175f53950 ConcurrentGCThread "G1 Refine#1" [stack: 0x0000001c9b800000,0x0000001c9b900000] [id=2404]
  0x0000015175f53c90 ConcurrentGCThread "G1 Refine#2" [stack: 0x0000001c9b900000,0x0000001c9ba00000] [id=11740]
  0x0000015159dddd60 ConcurrentGCThread "G1 Service" [stack: 0x0000001c9a100000,0x0000001c9a200000] [id=26584]

Threads with active compile tasks:

VM state: at safepoint (normal execution)

VM Mutex/Monitor currently owned by a thread:  ([mutex/lock_event])
[0x0000015159d0d600] Threads_lock - owner thread: 0x0000015173ab1700
[0x0000015159d0c2e0] Heap_lock - owner thread: 0x00000151750d47f0

Heap address: 0x0000000082000000, size: 2016 MB, Compressed Oops mode: 32-bit

CDS disabled.
Compressed class space mapped at: 0x0000000100000000-0x0000000140000000, reserved size: 1073741824
Narrow klass base: 0x0000000000000000, Narrow klass shift: 3, Narrow klass range: 0x140000000

GC Precious Log:
 CPUs: 8 total, 8 available
 Memory: 8062M
 Large Page Support: Disabled
 NUMA Support: Disabled
 Compressed Oops: Enabled (32-bit)
 Heap Region Size: 1M
 Heap Min Capacity: 8M
 Heap Initial Capacity: 126M
 Heap Max Capacity: 2016M
 Pre-touch: Disabled
 Parallel Workers: 8
 Concurrent Workers: 2
 Concurrent Refinement Workers: 8
 Periodic GC: Disabled

Heap:
 garbage-first heap   total 65536K, used 31962K [0x0000000082000000, 0x0000000100000000)
  region size 1024K, 2 young (2048K), 2 survivors (2048K)
 Metaspace       used 64602K, committed 65152K, reserved 1105920K
  class space    used 8645K, committed 8896K, reserved 1048576K

Heap Regions: E=young(eden), S=young(survivor), O=old, HS=humongous(starts), HC=humongous(continues), CS=collection set, F=free, OA=open archive, CA=closed archive, TAMS=top-at-mark-start (previous, next)
|   0|0x0000000082000000, 0x0000000082100000, 0x0000000082100000|100%| O|  |TAMS 0x0000000082100000, 0x0000000082100000| Untracked 
|   1|0x0000000082100000, 0x0000000082200000, 0x0000000082200000|100%| O|  |TAMS 0x0000000082200000, 0x0000000082200000| Untracked 
|   2|0x0000000082200000, 0x0000000082300000, 0x0000000082300000|100%| O|  |TAMS 0x0000000082300000, 0x0000000082300000| Untracked 
|   3|0x0000000082300000, 0x0000000082400000, 0x0000000082400000|100%| O|  |TAMS 0x0000000082400000, 0x0000000082400000| Untracked 
|   4|0x0000000082400000, 0x0000000082500000, 0x0000000082500000|100%| O|  |TAMS 0x0000000082500000, 0x0000000082500000| Untracked 
|   5|0x0000000082500000, 0x0000000082600000, 0x0000000082600000|100%| O|  |TAMS 0x0000000082600000, 0x0000000082600000| Untracked 
|   6|0x0000000082600000, 0x0000000082700000, 0x0000000082700000|100%| O|  |TAMS 0x0000000082700000, 0x0000000082700000| Untracked 
|   7|0x0000000082700000, 0x0000000082700000, 0x0000000082800000|  0%| F|  |TAMS 0x0000000082700000, 0x0000000082700000| Untracked 
|   8|0x0000000082800000, 0x0000000082900000, 0x0000000082900000|100%| O|  |TAMS 0x0000000082900000, 0x0000000082900000| Untracked 
|   9|0x0000000082900000, 0x0000000082a00000, 0x0000000082a00000|100%| O|  |TAMS 0x0000000082a00000, 0x0000000082a00000| Untracked 
|  10|0x0000000082a00000, 0x0000000082b00000, 0x0000000082b00000|100%| O|  |TAMS 0x0000000082b00000, 0x0000000082b00000| Untracked 
|  11|0x0000000082b00000, 0x0000000082b00000, 0x0000000082c00000|  0%| F|  |TAMS 0x0000000082b00000, 0x0000000082b00000| Untracked 
|  12|0x0000000082c00000, 0x0000000082c00000, 0x0000000082d00000|  0%| F|  |TAMS 0x0000000082c00000, 0x0000000082c00000| Untracked 
|  13|0x0000000082d00000, 0x0000000082d00000, 0x0000000082e00000|  0%| F|  |TAMS 0x0000000082d00000, 0x0000000082d00000| Untracked 
|  14|0x0000000082e00000, 0x0000000082e00000, 0x0000000082f00000|  0%| F|  |TAMS 0x0000000082e00000, 0x0000000082e00000| Untracked 
|  15|0x0000000082f00000, 0x0000000083000000, 0x0000000083000000|100%| O|  |TAMS 0x0000000083000000, 0x0000000083000000| Untracked 
|  16|0x0000000083000000, 0x0000000083100000, 0x0000000083100000|100%| O|  |TAMS 0x0000000083100000, 0x0000000083100000| Untracked 
|  17|0x0000000083100000, 0x0000000083200000, 0x0000000083200000|100%| O|  |TAMS 0x0000000083200000, 0x0000000083200000| Untracked 
|  18|0x0000000083200000, 0x0000000083300000, 0x0000000083300000|100%| O|  |TAMS 0x0000000083300000, 0x0000000083300000| Untracked 
|  19|0x0000000083300000, 0x0000000083400000, 0x0000000083400000|100%| O|  |TAMS 0x0000000083400000, 0x0000000083400000| Untracked 
|  20|0x0000000083400000, 0x0000000083500000, 0x0000000083500000|100%| O|  |TAMS 0x0000000083500000, 0x0000000083500000| Untracked 
|  21|0x0000000083500000, 0x0000000083600000, 0x0000000083600000|100%| O|  |TAMS 0x0000000083600000, 0x0000000083600000| Untracked 
|  22|0x0000000083600000, 0x0000000083700000, 0x0000000083700000|100%| O|  |TAMS 0x0000000083700000, 0x0000000083700000| Untracked 
|  23|0x0000000083700000, 0x0000000083800000, 0x0000000083800000|100%| O|  |TAMS 0x0000000083800000, 0x0000000083800000| Untracked 
|  24|0x0000000083800000, 0x0000000083800000, 0x0000000083900000|  0%| F|  |TAMS 0x0000000083800000, 0x0000000083800000| Untracked 
|  25|0x0000000083900000, 0x0000000083a00000, 0x0000000083a00000|100%| O|  |TAMS 0x0000000083a00000, 0x0000000083a00000| Untracked 
|  26|0x0000000083a00000, 0x0000000083b00000, 0x0000000083b00000|100%| O|  |TAMS 0x0000000083b00000, 0x0000000083b00000| Untracked 
|  27|0x0000000083b00000, 0x0000000083b00000, 0x0000000083c00000|  0%| F|  |TAMS 0x0000000083b00000, 0x0000000083b00000| Untracked 
|  28|0x0000000083c00000, 0x0000000083d00000, 0x0000000083d00000|100%| O|  |TAMS 0x0000000083c00000, 0x0000000083d00000| Untracked 
|  29|0x0000000083d00000, 0x0000000083e00000, 0x0000000083e00000|100%| O|  |TAMS 0x0000000083d00000, 0x0000000083e00000| Untracked 
|  30|0x0000000083e00000, 0x0000000083f00000, 0x0000000083f00000|100%| O|  |TAMS 0x0000000083e00000, 0x0000000083f00000| Untracked 
|  31|0x0000000083f00000, 0x0000000084000000, 0x0000000084000000|100%| O|  |TAMS 0x0000000083f00000, 0x0000000084000000| Untracked 
|  32|0x0000000084000000, 0x0000000084100000, 0x0000000084100000|100%| O|  |TAMS 0x0000000084000000, 0x0000000084100000| Untracked 
|  33|0x0000000084100000, 0x0000000084200000, 0x0000000084200000|100%| O|  |TAMS 0x0000000084100000, 0x0000000084200000| Untracked 
|  34|0x0000000084200000, 0x0000000084300000, 0x0000000084300000|100%| O|  |TAMS 0x0000000084200000, 0x0000000084300000| Untracked 
|  35|0x0000000084300000, 0x0000000084400000, 0x0000000084400000|100%| O|  |TAMS 0x0000000084300000, 0x0000000084400000| Untracked 
|  36|0x0000000084400000, 0x00000000844fea00, 0x0000000084500000| 99%| O|  |TAMS 0x0000000084400000, 0x00000000844fea00| Untracked 
|  37|0x0000000084500000, 0x0000000084500000, 0x0000000084600000|  0%| F|  |TAMS 0x0000000084500000, 0x0000000084500000| Untracked 
|  38|0x0000000084600000, 0x0000000084600000, 0x0000000084700000|  0%| F|  |TAMS 0x0000000084600000, 0x0000000084600000| Untracked 
|  39|0x0000000084700000, 0x0000000084700000, 0x0000000084800000|  0%| F|  |TAMS 0x0000000084700000, 0x0000000084700000| Untracked 
|  40|0x0000000084800000, 0x0000000084800000, 0x0000000084900000|  0%| F|  |TAMS 0x0000000084800000, 0x0000000084800000| Untracked 
|  41|0x0000000084900000, 0x0000000084937ec8, 0x0000000084a00000| 21%| S|CS|TAMS 0x0000000084900000, 0x0000000084900000| Complete 
|  42|0x0000000084a00000, 0x0000000084b00000, 0x0000000084b00000|100%| S|CS|TAMS 0x0000000084a00000, 0x0000000084a00000| Complete 
|  43|0x0000000084b00000, 0x0000000084b00000, 0x0000000084c00000|  0%| F|  |TAMS 0x0000000084b00000, 0x0000000084b00000| Untracked 
|  44|0x0000000084c00000, 0x0000000084c00000, 0x0000000084d00000|  0%| F|  |TAMS 0x0000000084c00000, 0x0000000084c00000| Untracked 
|  45|0x0000000084d00000, 0x0000000084d00000, 0x0000000084e00000|  0%| F|  |TAMS 0x0000000084d00000, 0x0000000084d00000| Untracked 
|  46|0x0000000084e00000, 0x0000000084e00000, 0x0000000084f00000|  0%| F|  |TAMS 0x0000000084e00000, 0x0000000084e00000| Untracked 
|  47|0x0000000084f00000, 0x0000000084f00000, 0x0000000085000000|  0%| F|  |TAMS 0x0000000084f00000, 0x0000000084f00000| Untracked 
|  48|0x0000000085000000, 0x0000000085000000, 0x0000000085100000|  0%| F|  |TAMS 0x0000000085000000, 0x0000000085000000| Untracked 
|  49|0x0000000085100000, 0x0000000085100000, 0x0000000085200000|  0%| F|  |TAMS 0x0000000085100000, 0x0000000085100000| Untracked 
|  50|0x0000000085200000, 0x0000000085200000, 0x0000000085300000|  0%| F|  |TAMS 0x0000000085200000, 0x0000000085200000| Untracked 
|  51|0x0000000085300000, 0x0000000085300000, 0x0000000085400000|  0%| F|  |TAMS 0x0000000085300000, 0x0000000085300000| Untracked 
|  52|0x0000000085400000, 0x0000000085400000, 0x0000000085500000|  0%| F|  |TAMS 0x0000000085400000, 0x0000000085400000| Untracked 
|  53|0x0000000085500000, 0x0000000085500000, 0x0000000085600000|  0%| F|  |TAMS 0x0000000085500000, 0x0000000085500000| Untracked 
|  54|0x0000000085600000, 0x0000000085600000, 0x0000000085700000|  0%| F|  |TAMS 0x0000000085600000, 0x0000000085600000| Untracked 
|  55|0x0000000085700000, 0x0000000085700000, 0x0000000085800000|  0%| F|  |TAMS 0x0000000085700000, 0x0000000085700000| Untracked 
|  56|0x0000000085800000, 0x0000000085800000, 0x0000000085900000|  0%| F|  |TAMS 0x0000000085800000, 0x0000000085800000| Untracked 
|  57|0x0000000085900000, 0x0000000085900000, 0x0000000085a00000|  0%| F|  |TAMS 0x0000000085900000, 0x0000000085900000| Untracked 
|  58|0x0000000085a00000, 0x0000000085a00000, 0x0000000085b00000|  0%| F|  |TAMS 0x0000000085a00000, 0x0000000085a00000| Untracked 
|  59|0x0000000085b00000, 0x0000000085b00000, 0x0000000085c00000|  0%| F|  |TAMS 0x0000000085b00000, 0x0000000085b00000| Untracked 
| 115|0x0000000089300000, 0x0000000089300000, 0x0000000089400000|  0%| F|  |TAMS 0x0000000089300000, 0x0000000089300000| Untracked 
| 116|0x0000000089400000, 0x0000000089400000, 0x0000000089500000|  0%| F|  |TAMS 0x0000000089400000, 0x0000000089400000| Untracked 
| 117|0x0000000089500000, 0x0000000089500000, 0x0000000089600000|  0%| F|  |TAMS 0x0000000089500000, 0x0000000089500000| Untracked 
| 125|0x0000000089d00000, 0x0000000089d00000, 0x0000000089e00000|  0%| F|  |TAMS 0x0000000089d00000, 0x0000000089d00000| Untracked 

Card table byte_map: [0x000001516c990000,0x000001516cd80000] _byte_map_base: 0x000001516c580000

Marking Bits (Prev, Next): (CMBitMap*) 0x0000015159d53b60, (CMBitMap*) 0x0000015159d53b20
 Prev Bits: [0x000001516f0f0000, 0x0000015171070000)
 Next Bits: [0x000001516d170000, 0x000001516f0f0000)

Polling page: 0x00000151594e0000

Metaspace:

Usage:
  Non-class:     54.65 MB used.
      Class:      8.44 MB used.
       Both:     63.09 MB used.

Virtual space:
  Non-class space:       56.00 MB reserved,      54.94 MB ( 98%) committed,  7 nodes.
      Class space:        1.00 GB reserved,       8.69 MB ( <1%) committed,  1 nodes.
              Both:        1.05 GB reserved,      63.62 MB (  6%) committed. 

Chunk freelists:
   Non-Class:  864.00 KB
       Class:  3.16 MB
        Both:  4.00 MB

MaxMetaspaceSize: 17179869184.00 GB
CompressedClassSpaceSize: 1.00 GB
 - commit_granule_bytes: 65536.
 - commit_granule_words: 8192.
 - virtual_space_node_default_size: 1048576.
 - enlarge_chunks_in_place: 1.
 - new_chunks_are_fully_committed: 0.
 - uncommit_free_chunks: 1.
 - use_allocation_guard: 0.
 - handle_deallocations: 1.


Internal statistics:

num_allocs_failed_limit: 14.
num_arena_births: 752.
num_arena_deaths: 0.
num_vsnodes_births: 8.
num_vsnodes_deaths: 0.
num_space_committed: 1017.
num_space_uncommitted: 0.
num_chunks_returned_to_freelist: 14.
num_chunks_taken_from_freelist: 2781.
num_chunk_merges: 14.
num_chunk_splits: 1889.
num_chunks_enlarged: 1355.
num_purges: 0.

CodeHeap 'non-profiled nmethods': size=238336Kb used=11173Kb max_used=11173Kb free=227162Kb
 bounds [0x000001515d9b0000, 0x000001515e4a0000, 0x000001516c270000]
CodeHeap 'non-nmethods': size=7424Kb used=1270Kb max_used=1270Kb free=6153Kb
 bounds [0x000001515d270000, 0x000001515d4e0000, 0x000001515d9b0000]
 total_blobs=7508 nmethods=6917 adapters=518
 compilation: enabled
              stopped_count=0, restarted_count=0
 full_count=0

Compilation events (20 events):
Event: 674.546 Thread 0x0000015173ae0320 6910       1       java.io.ObjectStreamClass$FieldReflectorKey::hashCode (5 bytes)
Event: 674.547 Thread 0x0000015173ae0320 nmethod 6910 0x000001515e497090 code [0x000001515e497220, 0x000001515e4972f8]
Event: 674.547 Thread 0x0000015173ae0320 6909       1       java.io.ObjectStreamField::setOffset (6 bytes)
Event: 674.547 Thread 0x0000015173ae0320 nmethod 6909 0x000001515e497390 code [0x000001515e497520, 0x000001515e4975f8]
Event: 674.548 Thread 0x0000015173ae0320 6911       1       java.lang.reflect.Field::getRoot (5 bytes)
Event: 674.548 Thread 0x0000015173ae0320 nmethod 6911 0x000001515e497690 code [0x000001515e497820, 0x000001515e4978f8]
Event: 674.549 Thread 0x0000015173ae0320 6912       1       java.lang.reflect.Field::setFieldAccessor (34 bytes)
Event: 674.549 Thread 0x0000015173ae0320 nmethod 6912 0x000001515e497990 code [0x000001515e497b40, 0x000001515e497dc8]
Event: 674.553 Thread 0x0000015173ae0320 6913       1       java.lang.Class$1::<init> (15 bytes)
Event: 674.553 Thread 0x0000015173ae0320 nmethod 6913 0x000001515e497e90 code [0x000001515e498020, 0x000001515e498178]
Event: 674.553 Thread 0x0000015173ae0320 6914       1       java.lang.Class$1::run (5 bytes)
Event: 674.554 Thread 0x0000015173ae0320 nmethod 6914 0x000001515e498210 code [0x000001515e4983e0, 0x000001515e498548]
Event: 674.554 Thread 0x0000015173ae0320 6915       1       java.lang.Class$1::run (10 bytes)
Event: 674.555 Thread 0x0000015173ae0320 nmethod 6915 0x000001515e498690 code [0x000001515e498860, 0x000001515e498a98]
Event: 674.555 Thread 0x0000015173ae0320 6916       1       java.io.SerialCallbackContext::getDesc (5 bytes)
Event: 674.555 Thread 0x0000015173ae0320 nmethod 6916 0x000001515e498c10 code [0x000001515e498da0, 0x000001515e498e78]
Event: 674.555 Thread 0x0000015173ae0320 6917       1       java.io.ObjectOutputStream::writeInt (9 bytes)
Event: 674.555 Thread 0x0000015173ae0320 nmethod 6917 0x000001515e498f10 code [0x000001515e4990c0, 0x000001515e4991a8]
Event: 674.619 Thread 0x0000015173ae0320 6918       1       org.springframework.boot.autoconfigure.condition.ConditionMessage::toString (17 bytes)
Event: 674.619 Thread 0x0000015173ae0320 nmethod 6918 0x000001515e499290 code [0x000001515e499420, 0x000001515e4994f8]

GC Heap History (20 events):
Event: 6.993 GC heap after
{Heap after GC invocations=13 (full 0):
 garbage-first heap   total 54272K, used 18717K [0x0000000082000000, 0x0000000100000000)
  region size 1024K, 1 young (1024K), 1 survivors (1024K)
 Metaspace       used 39277K, committed 39744K, reserved 1089536K
  class space    used 4976K, committed 5184K, reserved 1048576K
}
Event: 7.416 GC heap before
{Heap before GC invocations=13 (full 0):
 garbage-first heap   total 54272K, used 40221K [0x0000000082000000, 0x0000000100000000)
  region size 1024K, 22 young (22528K), 1 survivors (1024K)
 Metaspace       used 40461K, committed 40896K, reserved 1089536K
  class space    used 5143K, committed 5376K, reserved 1048576K
}
Event: 7.424 GC heap after
{Heap after GC invocations=14 (full 0):
 garbage-first heap   total 54272K, used 19508K [0x0000000082000000, 0x0000000100000000)
  region size 1024K, 2 young (2048K), 2 survivors (2048K)
 Metaspace       used 40461K, committed 40896K, reserved 1089536K
  class space    used 5143K, committed 5376K, reserved 1048576K
}
Event: 8.074 GC heap before
{Heap before GC invocations=14 (full 0):
 garbage-first heap   total 54272K, used 39988K [0x0000000082000000, 0x0000000100000000)
  region size 1024K, 23 young (23552K), 2 survivors (2048K)
 Metaspace       used 42825K, committed 43264K, reserved 1089536K
  class space    used 5468K, committed 5696K, reserved 1048576K
}
Event: 8.086 GC heap after
{Heap after GC invocations=15 (full 0):
 garbage-first heap   total 65536K, used 20963K [0x0000000082000000, 0x0000000100000000)
  region size 1024K, 3 young (3072K), 3 survivors (3072K)
 Metaspace       used 42825K, committed 43264K, reserved 1089536K
  class space    used 5468K, committed 5696K, reserved 1048576K
}
Event: 8.734 GC heap before
{Heap before GC invocations=15 (full 0):
 garbage-first heap   total 65536K, used 50659K [0x0000000082000000, 0x0000000100000000)
  region size 1024K, 32 young (32768K), 3 survivors (3072K)
 Metaspace       used 46321K, committed 46784K, reserved 1089536K
  class space    used 5981K, committed 6208K, reserved 1048576K
}
Event: 8.744 GC heap after
{Heap after GC invocations=16 (full 0):
 garbage-first heap   total 65536K, used 22455K [0x0000000082000000, 0x0000000100000000)
  region size 1024K, 4 young (4096K), 4 survivors (4096K)
 Metaspace       used 46321K, committed 46784K, reserved 1089536K
  class space    used 5981K, committed 6208K, reserved 1048576K
}
Event: 9.909 GC heap before
{Heap before GC invocations=16 (full 0):
 garbage-first heap   total 65536K, used 50103K [0x0000000082000000, 0x0000000100000000)
  region size 1024K, 31 young (31744K), 4 survivors (4096K)
 Metaspace       used 50286K, committed 50752K, reserved 1097728K
  class space    used 6639K, committed 6848K, reserved 1048576K
}
Event: 9.916 GC heap after
{Heap after GC invocations=17 (full 0):
 garbage-first heap   total 65536K, used 24877K [0x0000000082000000, 0x0000000100000000)
  region size 1024K, 4 young (4096K), 4 survivors (4096K)
 Metaspace       used 50286K, committed 50752K, reserved 1097728K
  class space    used 6639K, committed 6848K, reserved 1048576K
}
Event: 11.437 GC heap before
{Heap before GC invocations=17 (full 0):
 garbage-first heap   total 65536K, used 49453K [0x0000000082000000, 0x0000000100000000)
  region size 1024K, 29 young (29696K), 4 survivors (4096K)
 Metaspace       used 53410K, committed 53824K, reserved 1097728K
  class space    used 7118K, committed 7296K, reserved 1048576K
}
Event: 11.446 GC heap after
{Heap after GC invocations=18 (full 0):
 garbage-first heap   total 65536K, used 27120K [0x0000000082000000, 0x0000000100000000)
  region size 1024K, 3 young (3072K), 3 survivors (3072K)
 Metaspace       used 53410K, committed 53824K, reserved 1097728K
  class space    used 7118K, committed 7296K, reserved 1048576K
}
Event: 12.017 GC heap before
{Heap before GC invocations=18 (full 0):
 garbage-first heap   total 65536K, used 49648K [0x0000000082000000, 0x0000000100000000)
  region size 1024K, 25 young (25600K), 3 survivors (3072K)
 Metaspace       used 56528K, committed 57024K, reserved 1105920K
  class space    used 7504K, committed 7744K, reserved 1048576K
}
Event: 12.024 GC heap after
{Heap after GC invocations=19 (full 0):
 garbage-first heap   total 65536K, used 29839K [0x0000000082000000, 0x0000000100000000)
  region size 1024K, 3 young (3072K), 3 survivors (3072K)
 Metaspace       used 56528K, committed 57024K, reserved 1105920K
  class space    used 7504K, committed 7744K, reserved 1048576K
}
Event: 41.109 GC heap before
{Heap before GC invocations=19 (full 0):
 garbage-first heap   total 65536K, used 47247K [0x0000000082000000, 0x0000000100000000)
  region size 1024K, 22 young (22528K), 3 survivors (3072K)
 Metaspace       used 59039K, committed 59520K, reserved 1105920K
  class space    used 7822K, committed 8064K, reserved 1048576K
}
Event: 41.117 GC heap after
{Heap after GC invocations=20 (full 0):
 garbage-first heap   total 65536K, used 31459K [0x0000000082000000, 0x0000000100000000)
  region size 1024K, 2 young (2048K), 2 survivors (2048K)
 Metaspace       used 59039K, committed 59520K, reserved 1105920K
  class space    used 7822K, committed 8064K, reserved 1048576K
}
Event: 46.680 GC heap before
{Heap before GC invocations=21 (full 0):
 garbage-first heap   total 65536K, used 49891K [0x0000000082000000, 0x0000000100000000)
  region size 1024K, 21 young (21504K), 2 survivors (2048K)
 Metaspace       used 63061K, committed 63552K, reserved 1105920K
  class space    used 8419K, committed 8640K, reserved 1048576K
}
Event: 46.687 GC heap after
{Heap after GC invocations=22 (full 0):
 garbage-first heap   total 65536K, used 32850K [0x0000000082000000, 0x0000000100000000)
  region size 1024K, 3 young (3072K), 3 survivors (3072K)
 Metaspace       used 63061K, committed 63552K, reserved 1105920K
  class space    used 8419K, committed 8640K, reserved 1048576K
}
Event: 46.743 GC heap before
{Heap before GC invocations=22 (full 0):
 garbage-first heap   total 65536K, used 32850K [0x0000000082000000, 0x0000000100000000)
  region size 1024K, 4 young (4096K), 3 survivors (3072K)
 Metaspace       used 63264K, committed 63744K, reserved 1105920K
  class space    used 8454K, committed 8704K, reserved 1048576K
}
Event: 46.754 GC heap after
{Heap after GC invocations=23 (full 0):
 garbage-first heap   total 65536K, used 31139K [0x0000000082000000, 0x0000000100000000)
  region size 1024K, 1 young (1024K), 1 survivors (1024K)
 Metaspace       used 63264K, committed 63744K, reserved 1105920K
  class space    used 8454K, committed 8704K, reserved 1048576K
}
Event: 674.619 GC heap before
{Heap before GC invocations=23 (full 0):
 garbage-first heap   total 65536K, used 51619K [0x0000000082000000, 0x0000000100000000)
  region size 1024K, 21 young (21504K), 1 survivors (1024K)
 Metaspace       used 64602K, committed 65152K, reserved 1105920K
  class space    used 8645K, committed 8896K, reserved 1048576K
}

Deoptimization events (2 events):
Event: 11.853 Thread 0x0000015159d10b80 DEOPT PACKING pc=0x000001515dc888ea sp=0x0000001c99cfb500
Event: 11.853 Thread 0x0000015159d10b80 DEOPT UNPACKING pc=0x000001515d2bdece sp=0x0000001c99cfaa08 mode 3

Classes unloaded (0 events):
No events

Classes redefined (0 events):
No events

Internal exceptions (20 events):
Event: 674.438 Thread 0x00000151750d47f0 Exception <a 'java/lang/ClassNotFoundException'{0x0000000084c13f40}: org/springframework/boot/actuate/endpoint/jmx/DataEndpointMBean> (0x0000000084c13f40) 
thrown [t:\workspace\open\src\hotspot\share\classfile\systemDictionary.cpp, line 256]
Event: 674.438 Thread 0x00000151750d47f0 Exception <a 'java/lang/ClassNotFoundException'{0x0000000084c142e8}: org/springframework/context/support/LiveBeansView> (0x0000000084c142e8) 
thrown [t:\workspace\open\src\hotspot\share\classfile\systemDictionary.cpp, line 256]
Event: 674.442 Thread 0x00000151750d47f0 Exception <a 'java/lang/ClassNotFoundException'{0x0000000084c243f8}: org/springframework/boot/actuate/endpoint/jmx/EndpointMBean> (0x0000000084c243f8) 
thrown [t:\workspace\open\src\hotspot\share\classfile\systemDictionary.cpp, line 256]
Event: 674.442 Thread 0x00000151750d47f0 Exception <a 'java/lang/ClassNotFoundException'{0x0000000084c247c0}: org/springframework/boot/actuate/endpoint/jmx/DataEndpointMBean> (0x0000000084c247c0) 
thrown [t:\workspace\open\src\hotspot\share\classfile\systemDictionary.cpp, line 256]
Event: 674.442 Thread 0x00000151750d47f0 Exception <a 'java/lang/ClassNotFoundException'{0x0000000084c24b80}: org/springframework/context/support/LiveBeansView> (0x0000000084c24b80) 
thrown [t:\workspace\open\src\hotspot\share\classfile\systemDictionary.cpp, line 256]
Event: 674.442 Thread 0x00000151750d47f0 Exception <a 'java/lang/ClassNotFoundException'{0x0000000084c24f40}: org/springframework/boot/actuate/endpoint/jmx/EndpointMBean> (0x0000000084c24f40) 
thrown [t:\workspace\open\src\hotspot\share\classfile\systemDictionary.cpp, line 256]
Event: 674.442 Thread 0x00000151750d47f0 Exception <a 'java/lang/ClassNotFoundException'{0x0000000084c25300}: org/springframework/boot/actuate/endpoint/jmx/DataEndpointMBean> (0x0000000084c25300) 
thrown [t:\workspace\open\src\hotspot\share\classfile\systemDictionary.cpp, line 256]
Event: 674.442 Thread 0x00000151750d47f0 Exception <a 'java/lang/ClassNotFoundException'{0x0000000084c256b8}: org/springframework/context/support/LiveBeansView> (0x0000000084c256b8) 
thrown [t:\workspace\open\src\hotspot\share\classfile\systemDictionary.cpp, line 256]
Event: 674.448 Thread 0x00000151750d47f0 Exception <a 'java/lang/ClassNotFoundException'{0x0000000084c456c0}: org/springframework/boot/actuate/endpoint/jmx/EndpointMBean> (0x0000000084c456c0) 
thrown [t:\workspace\open\src\hotspot\share\classfile\systemDictionary.cpp, line 256]
Event: 674.449 Thread 0x00000151750d47f0 Exception <a 'java/lang/ClassNotFoundException'{0x0000000084c45a88}: org/springframework/boot/actuate/endpoint/jmx/DataEndpointMBean> (0x0000000084c45a88) 
thrown [t:\workspace\open\src\hotspot\share\classfile\systemDictionary.cpp, line 256]
Event: 674.449 Thread 0x00000151750d47f0 Exception <a 'java/lang/ClassNotFoundException'{0x0000000084c45e48}: org/springframework/context/support/LiveBeansView> (0x0000000084c45e48) 
thrown [t:\workspace\open\src\hotspot\share\classfile\systemDictionary.cpp, line 256]
Event: 674.451 Thread 0x00000151750d47f0 Exception <a 'java/lang/ClassNotFoundException'{0x0000000084c55cd8}: org/springframework/boot/actuate/endpoint/jmx/EndpointMBean> (0x0000000084c55cd8) 
thrown [t:\workspace\open\src\hotspot\share\classfile\systemDictionary.cpp, line 256]
Event: 674.451 Thread 0x00000151750d47f0 Exception <a 'java/lang/ClassNotFoundException'{0x0000000084c56088}: org/springframework/boot/actuate/endpoint/jmx/DataEndpointMBean> (0x0000000084c56088) 
thrown [t:\workspace\open\src\hotspot\share\classfile\systemDictionary.cpp, line 256]
Event: 674.451 Thread 0x00000151750d47f0 Exception <a 'java/lang/ClassNotFoundException'{0x0000000084c56730}: org/springframework/context/support/LiveBeansView> (0x0000000084c56730) 
thrown [t:\workspace\open\src\hotspot\share\classfile\systemDictionary.cpp, line 256]
Event: 674.452 Thread 0x00000151750d47f0 Exception <a 'java/lang/ClassNotFoundException'{0x0000000084c5a7c0}: org/springframework/boot/actuate/endpoint/jmx/EndpointMBean> (0x0000000084c5a7c0) 
thrown [t:\workspace\open\src\hotspot\share\classfile\systemDictionary.cpp, line 256]
Event: 674.452 Thread 0x00000151750d47f0 Exception <a 'java/lang/ClassNotFoundException'{0x0000000084c5ab88}: org/springframework/boot/actuate/endpoint/jmx/DataEndpointMBean> (0x0000000084c5ab88) 
thrown [t:\workspace\open\src\hotspot\share\classfile\systemDictionary.cpp, line 256]
Event: 674.452 Thread 0x00000151750d47f0 Exception <a 'java/lang/ClassNotFoundException'{0x0000000084c5af48}: org/springframework/context/support/LiveBeansView> (0x0000000084c5af48) 
thrown [t:\workspace\open\src\hotspot\share\classfile\systemDictionary.cpp, line 256]
Event: 674.455 Thread 0x00000151750d47f0 Exception <a 'java/lang/ClassNotFoundException'{0x0000000084c6b028}: org/springframework/boot/actuate/endpoint/jmx/EndpointMBean> (0x0000000084c6b028) 
thrown [t:\workspace\open\src\hotspot\share\classfile\systemDictionary.cpp, line 256]
Event: 674.455 Thread 0x00000151750d47f0 Exception <a 'java/lang/ClassNotFoundException'{0x0000000084c6b3d0}: org/springframework/boot/actuate/endpoint/jmx/DataEndpointMBean> (0x0000000084c6b3d0) 
thrown [t:\workspace\open\src\hotspot\share\classfile\systemDictionary.cpp, line 256]
Event: 674.455 Thread 0x00000151750d47f0 Exception <a 'java/lang/ClassNotFoundException'{0x0000000084c6b770}: org/springframework/context/support/LiveBeansView> (0x0000000084c6b770) 
thrown [t:\workspace\open\src\hotspot\share\classfile\systemDictionary.cpp, line 256]

Events (20 events):
Event: 674.303 loading class javax/management/BadAttributeValueExpException done
Event: 674.303 loading class javax/management/InvalidApplicationException
Event: 674.303 loading class javax/management/InvalidApplicationException done
Event: 674.304 loading class javax/management/InstanceOfQueryExp
Event: 674.305 loading class javax/management/InstanceOfQueryExp done
Event: 674.305 loading class javax/management/StringValueExp
Event: 674.306 loading class javax/management/ValueExp
Event: 674.306 loading class javax/management/ValueExp done
Event: 674.306 loading class javax/management/StringValueExp done
Event: 674.456 loading class javax/management/remote/rmi/RMIConnector$Util
Event: 674.456 loading class javax/management/remote/rmi/RMIConnector$Util done
Event: 674.469 loading class javax/management/remote/rmi/RMIConnectionImpl$6
Event: 674.469 loading class javax/management/remote/rmi/RMIConnectionImpl$6 done
Event: 674.469 loading class javax/management/remote/rmi/RMIConnectionImpl$7
Event: 674.470 loading class javax/management/remote/rmi/RMIConnectionImpl$7 done
Event: 674.470 loading class com/sun/jmx/remote/util/OrderClassLoaders
Event: 674.470 loading class com/sun/jmx/remote/util/OrderClassLoaders done
Event: 674.558 Executing  VM operation: Cleanup
Event: 674.558 Executing  VM operation: Cleanup done
Event: 674.619 Executing  VM operation: G1CollectForAllocation


Dynamic libraries:
0x00007ff7255a0000 - 0x00007ff7255ae000 	C:\Users\Hp_ProBook\Downloads\sts-4.11.0.RELEASE\plugins\org.eclipse.justj.openjdk.hotspot.jre.full.win32.x86_64_16.0.1.v20210528-1205\jre\bin\javaw.exe
0x00007ffbf8a30000 - 0x00007ffbf8c25000 	C:\WINDOWS\SYSTEM32\ntdll.dll
0x00007ffbf78e0000 - 0x00007ffbf799d000 	C:\WINDOWS\System32\KERNEL32.DLL
0x00007ffbf61f0000 - 0x00007ffbf64b9000 	C:\WINDOWS\System32\KERNELBASE.dll
0x00007ffbf69a0000 - 0x00007ffbf6aa0000 	C:\WINDOWS\System32\ucrtbase.dll
0x00007ffbe34f0000 - 0x00007ffbe3508000 	C:\Users\Hp_ProBook\Downloads\sts-4.11.0.RELEASE\plugins\org.eclipse.justj.openjdk.hotspot.jre.full.win32.x86_64_16.0.1.v20210528-1205\jre\bin\jli.dll
0x00007ffbe34d0000 - 0x00007ffbe34e9000 	C:\Users\Hp_ProBook\Downloads\sts-4.11.0.RELEASE\plugins\org.eclipse.justj.openjdk.hotspot.jre.full.win32.x86_64_16.0.1.v20210528-1205\jre\bin\VCRUNTIME140.dll
0x00007ffbf8560000 - 0x00007ffbf8700000 	C:\WINDOWS\System32\USER32.dll
0x00007ffbf6620000 - 0x00007ffbf6642000 	C:\WINDOWS\System32\win32u.dll
0x00007ffbddc60000 - 0x00007ffbddefa000 	C:\WINDOWS\WinSxS\amd64_microsoft.windows.common-controls_6595b64144ccf1df_6.0.19041.1110_none_60b5254171f9507e\COMCTL32.dll
0x00007ffbf88e0000 - 0x00007ffbf890a000 	C:\WINDOWS\System32\GDI32.dll
0x00007ffbf6d50000 - 0x00007ffbf6dee000 	C:\WINDOWS\System32\msvcrt.dll
0x00007ffbf6890000 - 0x00007ffbf699b000 	C:\WINDOWS\System32\gdi32full.dll
0x00007ffbf66b0000 - 0x00007ffbf674d000 	C:\WINDOWS\System32\msvcp_win.dll
0x00007ffbf6b50000 - 0x00007ffbf6b80000 	C:\WINDOWS\System32\IMM32.DLL
0x00007ffbedcf0000 - 0x00007ffbedcfc000 	C:\Users\Hp_ProBook\Downloads\sts-4.11.0.RELEASE\plugins\org.eclipse.justj.openjdk.hotspot.jre.full.win32.x86_64_16.0.1.v20210528-1205\jre\bin\vcruntime140_1.dll
0x00007ffbaebc0000 - 0x00007ffbaec51000 	C:\Users\Hp_ProBook\Downloads\sts-4.11.0.RELEASE\plugins\org.eclipse.justj.openjdk.hotspot.jre.full.win32.x86_64_16.0.1.v20210528-1205\jre\bin\msvcp140.dll
0x00007ffb934c0000 - 0x00007ffb9406b000 	C:\Users\Hp_ProBook\Downloads\sts-4.11.0.RELEASE\plugins\org.eclipse.justj.openjdk.hotspot.jre.full.win32.x86_64_16.0.1.v20210528-1205\jre\bin\server\jvm.dll
0x00007ffbf6aa0000 - 0x00007ffbf6b4c000 	C:\WINDOWS\System32\ADVAPI32.dll
0x00007ffbf8700000 - 0x00007ffbf879b000 	C:\WINDOWS\System32\sechost.dll
0x00007ffbf6c20000 - 0x00007ffbf6d4a000 	C:\WINDOWS\System32\RPCRT4.dll
0x00007ffbf78d0000 - 0x00007ffbf78d8000 	C:\WINDOWS\System32\PSAPI.DLL
0x00007ffbecef0000 - 0x00007ffbecefa000 	C:\WINDOWS\SYSTEM32\VERSION.dll
0x00007ffbca220000 - 0x00007ffbca229000 	C:\WINDOWS\SYSTEM32\WSOCK32.dll
0x00007ffbf8870000 - 0x00007ffbf88db000 	C:\WINDOWS\System32\WS2_32.dll
0x00007ffbda6c0000 - 0x00007ffbda6e7000 	C:\WINDOWS\SYSTEM32\WINMM.dll
0x00007ffbf4a40000 - 0x00007ffbf4a52000 	C:\WINDOWS\SYSTEM32\kernel.appcore.dll
0x00007ffbf3ab0000 - 0x00007ffbf3aba000 	C:\Users\Hp_ProBook\Downloads\sts-4.11.0.RELEASE\plugins\org.eclipse.justj.openjdk.hotspot.jre.full.win32.x86_64_16.0.1.v20210528-1205\jre\bin\jimage.dll
0x00007ffbf47d0000 - 0x00007ffbf49b4000 	C:\WINDOWS\SYSTEM32\DBGHELP.DLL
0x00007ffbde5d0000 - 0x00007ffbde5fc000 	C:\WINDOWS\SYSTEM32\dbgcore.DLL
0x00007ffbf6800000 - 0x00007ffbf6883000 	C:\WINDOWS\System32\bcryptPrimitives.dll
0x00007ffbc4a70000 - 0x00007ffbc4a95000 	C:\Users\Hp_ProBook\Downloads\sts-4.11.0.RELEASE\plugins\org.eclipse.justj.openjdk.hotspot.jre.full.win32.x86_64_16.0.1.v20210528-1205\jre\bin\java.dll
0x00007ffbef110000 - 0x00007ffbef128000 	C:\Users\Hp_ProBook\Downloads\sts-4.11.0.RELEASE\plugins\org.eclipse.justj.openjdk.hotspot.jre.full.win32.x86_64_16.0.1.v20210528-1205\jre\bin\zip.dll
0x00007ffbf79b0000 - 0x00007ffbf80ef000 	C:\WINDOWS\System32\SHELL32.dll
0x00007ffbf3f70000 - 0x00007ffbf4701000 	C:\WINDOWS\SYSTEM32\windows.storage.dll
0x00007ffbf7510000 - 0x00007ffbf7865000 	C:\WINDOWS\System32\combase.dll
0x00007ffbf5a30000 - 0x00007ffbf5a5c000 	C:\WINDOWS\SYSTEM32\Wldp.dll
0x00007ffbf7000000 - 0x00007ffbf70ae000 	C:\WINDOWS\System32\SHCORE.dll
0x00007ffbf7870000 - 0x00007ffbf78c5000 	C:\WINDOWS\System32\shlwapi.dll
0x00007ffbf60b0000 - 0x00007ffbf60cf000 	C:\WINDOWS\SYSTEM32\profapi.dll
0x00007ffbc7370000 - 0x00007ffbc7389000 	C:\Users\Hp_ProBook\Downloads\sts-4.11.0.RELEASE\plugins\org.eclipse.justj.openjdk.hotspot.jre.full.win32.x86_64_16.0.1.v20210528-1205\jre\bin\net.dll
0x00007ffbec120000 - 0x00007ffbec22a000 	C:\WINDOWS\SYSTEM32\WINHTTP.dll
0x00007ffbf5810000 - 0x00007ffbf587a000 	C:\WINDOWS\system32\mswsock.dll
0x00007ffbc5100000 - 0x00007ffbc5113000 	C:\Users\Hp_ProBook\Downloads\sts-4.11.0.RELEASE\plugins\org.eclipse.justj.openjdk.hotspot.jre.full.win32.x86_64_16.0.1.v20210528-1205\jre\bin\nio.dll
0x00007ffbf3af0000 - 0x00007ffbf3af9000 	C:\Users\Hp_ProBook\Downloads\sts-4.11.0.RELEASE\plugins\org.eclipse.justj.openjdk.hotspot.jre.full.win32.x86_64_16.0.1.v20210528-1205\jre\bin\management.dll
0x00007ffbefa80000 - 0x00007ffbefa8b000 	C:\Users\Hp_ProBook\Downloads\sts-4.11.0.RELEASE\plugins\org.eclipse.justj.openjdk.hotspot.jre.full.win32.x86_64_16.0.1.v20210528-1205\jre\bin\management_ext.dll
0x00007ffbca230000 - 0x00007ffbca247000 	C:\WINDOWS\system32\napinsp.dll
0x00007ffbca1d0000 - 0x00007ffbca1eb000 	C:\WINDOWS\system32\pnrpnsp.dll
0x00007ffbf01f0000 - 0x00007ffbf0205000 	C:\WINDOWS\system32\wshbth.dll
0x00007ffbf1300000 - 0x00007ffbf131d000 	C:\WINDOWS\system32\NLAapi.dll
0x00007ffbf5520000 - 0x00007ffbf555b000 	C:\WINDOWS\SYSTEM32\IPHLPAPI.DLL
0x00007ffbf5560000 - 0x00007ffbf562c000 	C:\WINDOWS\SYSTEM32\DNSAPI.dll
0x00007ffbf6c10000 - 0x00007ffbf6c18000 	C:\WINDOWS\System32\NSI.dll
0x00007ffbca1b0000 - 0x00007ffbca1c2000 	C:\WINDOWS\System32\winrnr.dll
0x0000000075ce0000 - 0x0000000075d06000 	C:\Program Files\Bonjour\mdnsNSP.dll
0x00007ffbeaad0000 - 0x00007ffbeaada000 	C:\Windows\System32\rasadhlp.dll
0x00007ffbe0b90000 - 0x00007ffbe0c0f000 	C:\WINDOWS\System32\fwpuclnt.dll
0x00007ffbf61c0000 - 0x00007ffbf61e7000 	C:\WINDOWS\System32\bcrypt.dll
0x00007ffbf5a70000 - 0x00007ffbf5a88000 	C:\WINDOWS\SYSTEM32\CRYPTSP.dll
0x00007ffbf51d0000 - 0x00007ffbf5204000 	C:\WINDOWS\system32\rsaenh.dll
0x00007ffbf6070000 - 0x00007ffbf609e000 	C:\WINDOWS\SYSTEM32\USERENV.dll
0x00007ffbf5990000 - 0x00007ffbf599c000 	C:\WINDOWS\SYSTEM32\CRYPTBASE.dll
0x00007ffbf3f50000 - 0x00007ffbf3f67000 	C:\WINDOWS\SYSTEM32\dhcpcsvc6.DLL
0x00007ffbf3f30000 - 0x00007ffbf3f4d000 	C:\WINDOWS\SYSTEM32\dhcpcsvc.DLL
0x00007ffbf31d0000 - 0x00007ffbf31e0000 	C:\Users\Hp_ProBook\Downloads\sts-4.11.0.RELEASE\plugins\org.eclipse.justj.openjdk.hotspot.jre.full.win32.x86_64_16.0.1.v20210528-1205\jre\bin\verify.dll
0x00007ffbf3b00000 - 0x00007ffbf3b0e000 	C:\Users\Hp_ProBook\Downloads\sts-4.11.0.RELEASE\plugins\org.eclipse.justj.openjdk.hotspot.jre.full.win32.x86_64_16.0.1.v20210528-1205\jre\bin\sunmscapi.dll
0x00007ffbf64c0000 - 0x00007ffbf661f000 	C:\WINDOWS\System32\CRYPT32.dll
0x00007ffbf5b80000 - 0x00007ffbf5ba7000 	C:\WINDOWS\SYSTEM32\ncrypt.dll
0x00007ffbf5b40000 - 0x00007ffbf5b7b000 	C:\WINDOWS\SYSTEM32\NTASN1.dll
0x00007ffbed590000 - 0x00007ffbed597000 	C:\WINDOWS\system32\wshunix.dll

dbghelp: loaded successfully - version: 4.0.5 - missing functions: none
symbol engine: initialized successfully - sym options: 0x614 - pdb path: .;C:\Users\Hp_ProBook\Downloads\sts-4.11.0.RELEASE\plugins\org.eclipse.justj.openjdk.hotspot.jre.full.win32.x86_64_16.0.1.v20210528-1205\jre\bin;C:\WINDOWS\SYSTEM32;C:\WINDOWS\WinSxS\amd64_microsoft.windows.common-controls_6595b64144ccf1df_6.0.19041.1110_none_60b5254171f9507e;C:\Users\Hp_ProBook\Downloads\sts-4.11.0.RELEASE\plugins\org.eclipse.justj.openjdk.hotspot.jre.full.win32.x86_64_16.0.1.v20210528-1205\jre\bin\server;C:\Program Files\Bonjour

VM Arguments:
jvm_args: -Dcom.sun.management.jmxremote -Dcom.sun.management.jmxremote.port=62726 -Dcom.sun.management.jmxremote.authenticate=false -Dcom.sun.management.jmxremote.ssl=false -Djava.rmi.server.hostname=localhost -Dspring.jmx.enabled=true -Dspring.application.admin.enabled=true -XX:TieredStopAtLevel=1 -Dspring.boot.project.name=Eureka-service -Dfile.encoding=UTF-8 -XX:+ShowCodeDetailsInExceptionMessages 
java_command: org.art.EurekaServiceApplication --spring.output.ansi.enabled=always
java_class_path (initial): C:\Users\Hp_ProBook\git\eureka-service-\Eureka-service\target\classes;C:\Users\Hp_ProBook\.m2\repository\org\springframework\boot\spring-boot-starter-web\2.5.4\spring-boot-starter-web-2.5.4.jar;C:\Users\Hp_ProBook\.m2\repository\org\springframework\boot\spring-boot-starter\2.5.4\spring-boot-starter-2.5.4.jar;C:\Users\Hp_ProBook\.m2\repository\org\springframework\boot\spring-boot\2.5.4\spring-boot-2.5.4.jar;C:\Users\Hp_ProBook\.m2\repository\org\springframework\boot\spring-boot-autoconfigure\2.5.4\spring-boot-autoconfigure-2.5.4.jar;C:\Users\Hp_ProBook\.m2\repository\org\springframework\boot\spring-boot-starter-logging\2.5.4\spring-boot-starter-logging-2.5.4.jar;C:\Users\Hp_ProBook\.m2\repository\ch\qos\logback\logback-classic\1.2.5\logback-classic-1.2.5.jar;C:\Users\Hp_ProBook\.m2\repository\ch\qos\logback\logback-core\1.2.5\logback-core-1.2.5.jar;C:\Users\Hp_ProBook\.m2\repository\org\apache\logging\log4j\log4j-to-slf4j\2.14.1\log4j-to-slf4j-2.14.1.jar;C:\Users\Hp_ProBook\.m2\repository\org\apache\logging\log4j\log4j-api\2.14.1\log4j-api-2.14.1.jar;C:\Users\Hp_ProBook\.m2\repository\org\slf4j\jul-to-slf4j\1.7.32\jul-to-slf4j-1.7.32.jar;C:\Users\Hp_ProBook\.m2\repository\jakarta\annotation\jakarta.annotation-api\1.3.5\jakarta.annotation-api-1.3.5.jar;C:\Users\Hp_ProBook\.m2\repository\org\yaml\snakeyaml\1.28\snakeyaml-1.28.jar;C:\Users\Hp_ProBook\.m2\repository\org\springframework\boot\spring-boot-starter-json\2.5.4\spring-boot-starter-json-2.5.4.jar;C:\Users\Hp_ProBook\.m2\repository\com\fasterxml\jackson\core\jackson-databind\2.12.4\jackson-databind-2.12.4.jar;C:\Users\Hp_ProBook\.m2\repository\com\fasterxml\jackson\core\jackson-annotations\2.12.4\jackson-annotations-2.12.4.jar;C:\Users\Hp_ProBook\.m2\repository\com\fasterxml\jackson\core\jackson-core\2.12.4\jackson-core-2.12.4.jar;C:\Users\Hp_ProBook\.m2\repository\com\fasterxml\jackson\datatype\jackson-datatype-jdk8\2.12.4\jackson-datatype-jdk8-2.12.4.jar;C:\Users\Hp_ProBook\.m2\repo
Launcher Type: SUN_STANDARD

[Global flags]
     intx CICompilerCount                          = 4                                         {product} {ergonomic}
     uint ConcGCThreads                            = 2                                         {product} {ergonomic}
     uint G1ConcRefinementThreads                  = 8                                         {product} {ergonomic}
   size_t G1HeapRegionSize                         = 1048576                                   {product} {ergonomic}
    uintx GCDrainStackTargetSize                   = 64                                        {product} {ergonomic}
   size_t InitialHeapSize                          = 132120576                                 {product} {ergonomic}
     bool ManagementServer                         = true                                      {product} {command line}
   size_t MarkStackSize                            = 4194304                                   {product} {ergonomic}
   size_t MaxHeapSize                              = 2113929216                                {product} {ergonomic}
   size_t MaxNewSize                               = 1267728384                                {product} {ergonomic}
   size_t MinHeapDeltaBytes                        = 1048576                                   {product} {ergonomic}
   size_t MinHeapSize                              = 8388608                                   {product} {ergonomic}
    uintx NonNMethodCodeHeapSize                   = 7549744                                {pd product} {ergonomic}
    uintx NonProfiledCodeHeapSize                  = 244108496                              {pd product} {ergonomic}
    uintx ProfiledCodeHeapSize                     = 0                                      {pd product} {ergonomic}
    uintx ReservedCodeCacheSize                    = 251658240                              {pd product} {ergonomic}
     bool SegmentedCodeCache                       = true                                      {product} {ergonomic}
     bool ShowCodeDetailsInExceptionMessages       = true                                   {manageable} {command line}
   size_t SoftMaxHeapSize                          = 2113929216                             {manageable} {ergonomic}
     intx TieredStopAtLevel                        = 1                                         {product} {command line}
     bool UseCompressedClassPointers               = true                           {product lp64_product} {ergonomic}
     bool UseCompressedOops                        = true                           {product lp64_product} {ergonomic}
     bool UseG1GC                                  = true                                      {product} {ergonomic}
     bool UseLargePagesIndividualAllocation        = false                                  {pd product} {ergonomic}

Logging:
Log output configuration:
 #0: stdout all=warning uptime,level,tags
 #1: stderr all=off uptime,level,tags

Environment Variables:
JAVA_HOME=C:\Program Files\Java\jdk1.8.0_121
PATH=C:/Users/Hp_ProBook/Downloads/sts-4.11.0.RELEASE//plugins/org.eclipse.justj.openjdk.hotspot.jre.full.win32.x86_64_16.0.1.v20210528-1205/jre/bin/server;C:/Users/Hp_ProBook/Downloads/sts-4.11.0.RELEASE//plugins/org.eclipse.justj.openjdk.hotspot.jre.full.win32.x86_64_16.0.1.v20210528-1205/jre/bin;C:\Program Files\Java\jdk1.8.0_121\bin;C:\WINDOWS;C:\WINDOWS\System32\Wbem;C:\WINDOWS\System32\WindowsPowerShell\v1.0\;C:\WINDOWS\System32\OpenSSH\;C:\Program Files (x86)\Intel\Intel(R) Management Engine Components\DAL;C:\Program Files\Intel\Intel(R) Management Engine Components\DAL;C:\Program Files\Intel\WiFi\bin\;C:\Program Files\Common Files\Intel\WirelessCommon\;C:\Program Files\Microsoft SQL Server\Client SDK\ODBC\130\Tools\Binn\;C:\Program Files (x86)\Microsoft SQL Server\140\Tools\Binn\;C:\Program Files\Microsoft SQL Server\140\Tools\Binn\;C:\Program Files\Microsoft SQL Server\140\DTS\Binn\;C:\Program Files (x86)\Microsoft SQL Server\150\DTS\Binn\;C:\WINDOWS\system32;C:\Program Files\Git\cmd;C:\Program Files\Git\mingw64\bin;C:\Program Files\Git\usr\bin;C:\Program Files\Docker\Docker\resources\bin;C:\ProgramData\DockerDesktop\version-bin;C:\Program Files\nodejs\;C:\Users\Hp_ProBook\AppData\Local\Microsoft\WindowsApps;C:\apache-maven-3.0.5\bin;C:\Users\Hp_ProBook\AppData\Local\Programs\Microsoft VS Code\bin;C:\Users\Hp_ProBook\AppData\Local\GitHubDesktop\bin;C:\Users\Hp_ProBook\AppData\Roaming\npm;C:\Users\Hp_ProBook\Downloads\sts-4.11.0.RELEASE;
USERNAME=Hp_ProBook
OS=Windows_NT
PROCESSOR_IDENTIFIER=Intel64 Family 6 Model 142 Stepping 11, GenuineIntel



---------------  S Y S T E M  ---------------

OS:
 Windows 10 , 64 bit Build 19041 (10.0.19041.1023)
OS uptime: 44 days 7:46 hours
Hyper-V role detected

CPU: total 8 (initial active 8) (4 cores per cpu, 2 threads per core) family 6 model 142 stepping 11 microcode 0xde, cx8, cmov, fxsr, ht, mmx, 3dnowpref, sse, sse2, sse3, ssse3, sse4.1, sse4.2, popcnt, lzcnt, tsc, tscinvbit, avx, avx2, aes, erms, clmul, bmi1, bmi2, adx, fma, vzeroupper, clflush, clflushopt, hv

Memory: 4k page, system-wide physical 8062M (538M free)
TotalPageFile size 20920M (AvailPageFile size 22M)
current process WorkingSet (physical memory assigned to process): 163M, peak: 204M
current process commit charge ("private bytes"): 241M, peak: 278M

vm_info: OpenJDK 64-Bit Server VM (16.0.1+9-24) for windows-amd64 JRE (16.0.1+9-24), built on Mar 26 2021 19:30:07 by "mach5one" with MS VC++ 16.7 (VS2019)

END.
