#
# There is insufficient memory for the Java Runtime Environment to continue.
# Native memory allocation (mmap) failed to map 65536 bytes for Failed to commit metaspace.
# Possible reasons:
#   The system is out of physical RAM or swap space
#   The process is running with CompressedOops enabled, and the Java Heap may be blocking the growth of the native heap
# Possible solutions:
#   Reduce memory load on the system
#   Increase physical memory or swap space
#   Check if swap backing store is full
#   Decrease Java heap size (-Xmx/-Xms)
#   Decrease number of Java threads
#   Decrease Java thread stack sizes (-Xss)
#   Set larger code cache with -XX:ReservedCodeCacheSize=
#   JVM is running with Unscaled Compressed Oops mode in which the Java heap is
#     placed in the first 4GB address space. The Java Heap base address is the
#     maximum limit for the native heap growth. Please use -XX:HeapBaseMinAddress
#     to set the Java Heap base and to place the Java Heap above 4GB virtual address.
# This output file may be truncated or incomplete.
#
#  Out of Memory Error (virtualSpaceNode.cpp:108), pid=14368, tid=10876
#
# JRE version: OpenJDK Runtime Environment (16.0.1+9) (build 16.0.1+9-24)
# Java VM: OpenJDK 64-Bit Server VM (16.0.1+9-24, mixed mode, tiered, compressed oops, compressed class ptrs, g1 gc, windows-amd64)
# No core dump will be written. Minidumps are not enabled by default on client versions of Windows
#

---------------  S U M M A R Y ------------

Command Line: -Dcom.sun.management.jmxremote -Dcom.sun.management.jmxremote.port=50427 -Dcom.sun.management.jmxremote.authenticate=false -Dcom.sun.management.jmxremote.ssl=false -Djava.rmi.server.hostname=localhost -Dspring.jmx.enabled=true -Dspring.application.admin.enabled=true -XX:TieredStopAtLevel=1 -Dspring.boot.project.name=AG-payment-service -Dfile.encoding=UTF-8 -XX:+ShowCodeDetailsInExceptionMessages org.art.AgPaymentServiceApplication --spring.output.ansi.enabled=always

Host: Intel(R) Core(TM) i5-8265U CPU @ 1.60GHz, 8 cores, 7G,  Windows 10 , 64 bit Build 19041 (10.0.19041.1023)
Time: Thu Aug 26 14:15:12 2021 Afr. centrale Ouest elapsed time: 1.525349 seconds (0d 0h 0m 1s)

---------------  T H R E A D  ---------------

Current thread (0x00000194f2493fa0):  JavaThread "main" [_thread_in_vm, id=10876, stack(0x000000027fd00000,0x000000027fe00000)]

Stack: [0x000000027fd00000,0x000000027fe00000]
Native frames: (J=compiled Java code, j=interpreted, Vv=VM code, C=native code)
V  [jvm.dll+0x6687ca]
V  [jvm.dll+0x7ca3c9]
V  [jvm.dll+0x7cbb53]
V  [jvm.dll+0x7cc1b3]
V  [jvm.dll+0x242ea5]
V  [jvm.dll+0x7c6a4b]
V  [jvm.dll+0x60e436]
V  [jvm.dll+0x60e49a]
V  [jvm.dll+0x610aca]
V  [jvm.dll+0x60ed31]
V  [jvm.dll+0x6193f7]
V  [jvm.dll+0x1e9a52]
V  [jvm.dll+0x1e9f85]
V  [jvm.dll+0x1eab0f]
V  [jvm.dll+0x1df8a1]
V  [jvm.dll+0x536728]
V  [jvm.dll+0x1f0fa2]
V  [jvm.dll+0x741e03]
V  [jvm.dll+0x7436a8]
V  [jvm.dll+0x7439d3]
V  [jvm.dll+0x23ad74]
V  [jvm.dll+0x23b012]
V  [jvm.dll+0x552398]
V  [jvm.dll+0x5551e0]
V  [jvm.dll+0x379fde]
V  [jvm.dll+0x37961f]
C  0x000001948001b00c

Java frames: (J=compiled Java code, j=interpreted, Vv=VM code)
j  sun.net.www.protocol.jar.JarURLConnection.<clinit>()V+0 java.base@16.0.1
v  ~StubRoutines::call_stub
j  sun.net.www.protocol.jar.Handler.openConnection(Ljava/net/URL;)Ljava/net/URLConnection;+0 java.base@16.0.1
j  java.net.URL.openConnection()Ljava/net/URLConnection;+5 java.base@16.0.1
j  org.springframework.core.io.UrlResource.getInputStream()Ljava/io/InputStream;+4
j  org.springframework.core.io.support.PropertiesLoaderUtils.fillProperties(Ljava/util/Properties;Lorg/springframework/core/io/Resource;)V+1
j  org.springframework.core.io.support.PropertiesLoaderUtils.loadProperties(Lorg/springframework/core/io/Resource;)Ljava/util/Properties;+10
j  org.springframework.core.io.support.SpringFactoriesLoader.loadSpringFactories(Ljava/lang/ClassLoader;)Ljava/util/Map;+65
j  org.springframework.core.io.support.SpringFactoriesLoader.loadFactoryNames(Ljava/lang/Class;Ljava/lang/ClassLoader;)Ljava/util/List;+18
j  org.springframework.boot.SpringApplication.getSpringFactoriesInstances(Ljava/lang/Class;[Ljava/lang/Class;[Ljava/lang/Object;)Ljava/util/Collection;+13
j  org.springframework.boot.SpringApplication.getSpringFactoriesInstances(Ljava/lang/Class;)Ljava/util/Collection;+10
j  org.springframework.boot.SpringApplication.getBootstrapRegistryInitializersFromSpringFactories()Ljava/util/List;+11
j  org.springframework.boot.SpringApplication.<init>(Lorg/springframework/core/io/ResourceLoader;[Ljava/lang/Class;)V+113
j  org.springframework.boot.SpringApplication.<init>([Ljava/lang/Class;)V+3
j  org.springframework.boot.SpringApplication.run([Ljava/lang/Class;[Ljava/lang/String;)Lorg/springframework/context/ConfigurableApplicationContext;+5
j  org.springframework.boot.SpringApplication.run(Ljava/lang/Class;[Ljava/lang/String;)Lorg/springframework/context/ConfigurableApplicationContext;+9
j  org.art.AgPaymentServiceApplication.main([Ljava/lang/String;)V+3
v  ~StubRoutines::call_stub

---------------  P R O C E S S  ---------------

Threads class SMR info:
_java_thread_list=0x000001948f7d9ea0, length=15, elements={
0x00000194f2493fa0, 0x00000194ff1d3620, 0x00000194ff1d4130, 0x00000194ff1f6480,
0x00000194ffc15590, 0x00000194ffc17fb0, 0x00000194ffc188c0, 0x00000194ffc1cb80,
0x00000194ffc1d4d0, 0x00000194ff167b80, 0x00000194ffde13f0, 0x000001948f48dfe0,
0x000001948f4a9540, 0x000001948f497a50, 0x000001948f178a50
}

Java Threads: ( => current thread )
=>0x00000194f2493fa0 JavaThread "main" [_thread_in_vm, id=10876, stack(0x000000027fd00000,0x000000027fe00000)]
  0x00000194ff1d3620 JavaThread "Reference Handler" daemon [_thread_blocked, id=2640, stack(0x0000000200400000,0x0000000200500000)]
  0x00000194ff1d4130 JavaThread "Finalizer" daemon [_thread_blocked, id=18248, stack(0x0000000200500000,0x0000000200600000)]
  0x00000194ff1f6480 JavaThread "Signal Dispatcher" daemon [_thread_blocked, id=7696, stack(0x0000000200600000,0x0000000200700000)]
  0x00000194ffc15590 JavaThread "Attach Listener" daemon [_thread_blocked, id=9700, stack(0x0000000200700000,0x0000000200800000)]
  0x00000194ffc17fb0 JavaThread "Service Thread" daemon [_thread_blocked, id=4208, stack(0x0000000200800000,0x0000000200900000)]
  0x00000194ffc188c0 JavaThread "Monitor Deflation Thread" daemon [_thread_blocked, id=20992, stack(0x0000000200900000,0x0000000200a00000)]
  0x00000194ffc1cb80 JavaThread "C1 CompilerThread0" daemon [_thread_blocked, id=16496, stack(0x0000000200a00000,0x0000000200b00000)]
  0x00000194ffc1d4d0 JavaThread "Sweeper thread" daemon [_thread_blocked, id=15272, stack(0x0000000200b00000,0x0000000200c00000)]
  0x00000194ff167b80 JavaThread "Common-Cleaner" daemon [_thread_blocked, id=12868, stack(0x0000000200c00000,0x0000000200d00000)]
  0x00000194ffde13f0 JavaThread "Notification Thread" daemon [_thread_blocked, id=14404, stack(0x0000000200d00000,0x0000000200e00000)]
  0x000001948f48dfe0 JavaThread "RMI TCP Accept-0" daemon [_thread_in_native, id=14460, stack(0x0000000200e00000,0x0000000200f00000)]
  0x000001948f4a9540 JavaThread "RMI TCP Accept-50427" daemon [_thread_in_native, id=3024, stack(0x0000000200f00000,0x0000000201000000)]
  0x000001948f497a50 JavaThread "RMI TCP Accept-0" daemon [_thread_in_native, id=17212, stack(0x0000000201000000,0x0000000201100000)]
  0x000001948f178a50 JavaThread "RMI TCP Connection(1)-127.0.0.1" daemon [_thread_in_vm, id=8672, stack(0x0000000201a00000,0x0000000201b00000)]

Other Threads:
  0x00000194ff1cdd00 VMThread "VM Thread" [stack: 0x0000000200300000,0x0000000200400000] [id=8276]
  0x00000194ffcb14a0 WatcherThread [stack: 0x0000000201100000,0x0000000201200000] [id=11940]
  0x00000194f24d47b0 GCTaskThread "GC Thread#0" [stack: 0x000000027fe00000,0x000000027ff00000] [id=18552]
  0x000001948f52a400 GCTaskThread "GC Thread#1" [stack: 0x0000000201200000,0x0000000201300000] [id=15244]
  0x000001948f52a710 GCTaskThread "GC Thread#2" [stack: 0x0000000201300000,0x0000000201400000] [id=11056]
  0x000001948f7fe8d0 GCTaskThread "GC Thread#3" [stack: 0x0000000201400000,0x0000000201500000] [id=10168]
  0x000001948f50d460 GCTaskThread "GC Thread#4" [stack: 0x0000000201500000,0x0000000201600000] [id=18168]
  0x000001948f7febe0 GCTaskThread "GC Thread#5" [stack: 0x0000000201600000,0x0000000201700000] [id=19364]
  0x00000194906897b0 GCTaskThread "GC Thread#6" [stack: 0x0000000201700000,0x0000000201800000] [id=14472]
  0x0000019490689ac0 GCTaskThread "GC Thread#7" [stack: 0x0000000201800000,0x0000000201900000] [id=19620]
  0x00000194f24e6a50 ConcurrentGCThread "G1 Main Marker" [stack: 0x000000027ff00000,0x0000000280000000] [id=15128]
  0x00000194f24e72f0 ConcurrentGCThread "G1 Conc#0" [stack: 0x0000000200000000,0x0000000200100000] [id=19748]
  0x00000194f255e9a0 ConcurrentGCThread "G1 Refine#0" [stack: 0x0000000200100000,0x0000000200200000] [id=11540]
  0x000001948f50d770 ConcurrentGCThread "G1 Refine#1" [stack: 0x0000000201900000,0x0000000201a00000] [id=1592]
  0x00000194ff032490 ConcurrentGCThread "G1 Service" [stack: 0x0000000200200000,0x0000000200300000] [id=19876]

Threads with active compile tasks:

VM state: not at safepoint (normal execution)

VM Mutex/Monitor currently owned by a thread:  ([mutex/lock_event])
[0x00000194f248f0b0] MetaspaceExpand_lock - owner thread: 0x00000194f2493fa0

Heap address: 0x0000000082000000, size: 2016 MB, Compressed Oops mode: 32-bit

CDS disabled.
Compressed class space mapped at: 0x0000000100000000-0x0000000140000000, reserved size: 1073741824
Narrow klass base: 0x0000000000000000, Narrow klass shift: 3, Narrow klass range: 0x140000000

GC Precious Log:
 CPUs: 8 total, 8 available
 Memory: 8062M
 Large Page Support: Disabled
 NUMA Support: Disabled
 Compressed Oops: Enabled (32-bit)
 Heap Region Size: 1M
 Heap Min Capacity: 8M
 Heap Initial Capacity: 126M
 Heap Max Capacity: 2016M
 Pre-touch: Disabled
 Parallel Workers: 8
 Concurrent Workers: 2
 Concurrent Refinement Workers: 8
 Periodic GC: Disabled

Heap:
 garbage-first heap   total 129024K, used 10278K [0x0000000082000000, 0x0000000100000000)
  region size 1024K, 5 young (5120K), 3 survivors (3072K)
 Metaspace       used 14123K, committed 14272K, reserved 1064960K
  class space    used 1436K, committed 1536K, reserved 1048576K

Heap Regions: E=young(eden), S=young(survivor), O=old, HS=humongous(starts), HC=humongous(continues), CS=collection set, F=free, OA=open archive, CA=closed archive, TAMS=top-at-mark-start (previous, next)
|   0|0x0000000082000000, 0x0000000082100000, 0x0000000082100000|100%|HS|  |TAMS 0x0000000082000000, 0x0000000082000000| Complete 
|   1|0x0000000082100000, 0x0000000082100000, 0x0000000082200000|  0%| F|  |TAMS 0x0000000082100000, 0x0000000082100000| Untracked 
|   2|0x0000000082200000, 0x0000000082300000, 0x0000000082300000|100%| O|  |TAMS 0x0000000082200000, 0x0000000082200000| Untracked 
|   3|0x0000000082300000, 0x0000000082400000, 0x0000000082400000|100%| O|  |TAMS 0x0000000082300000, 0x0000000082300000| Untracked 
|   4|0x0000000082400000, 0x0000000082500000, 0x0000000082500000|100%| O|  |TAMS 0x0000000082400000, 0x0000000082400000| Untracked 
|   5|0x0000000082500000, 0x0000000082600000, 0x0000000082600000|100%| O|  |TAMS 0x0000000082500000, 0x0000000082500000| Untracked 
|   6|0x0000000082600000, 0x0000000082700000, 0x0000000082700000|100%| O|  |TAMS 0x0000000082600000, 0x0000000082600000| Untracked 
|   7|0x0000000082700000, 0x0000000082709a00, 0x0000000082800000|  3%| O|  |TAMS 0x0000000082700000, 0x0000000082700000| Untracked 
|   8|0x0000000082800000, 0x0000000082800000, 0x0000000082900000|  0%| F|  |TAMS 0x0000000082800000, 0x0000000082800000| Untracked 
|   9|0x0000000082900000, 0x0000000082900000, 0x0000000082a00000|  0%| F|  |TAMS 0x0000000082900000, 0x0000000082900000| Untracked 
|  10|0x0000000082a00000, 0x0000000082a00000, 0x0000000082b00000|  0%| F|  |TAMS 0x0000000082a00000, 0x0000000082a00000| Untracked 
|  11|0x0000000082b00000, 0x0000000082b00000, 0x0000000082c00000|  0%| F|  |TAMS 0x0000000082b00000, 0x0000000082b00000| Untracked 
|  12|0x0000000082c00000, 0x0000000082c00000, 0x0000000082d00000|  0%| F|  |TAMS 0x0000000082c00000, 0x0000000082c00000| Untracked 
|  13|0x0000000082d00000, 0x0000000082d00000, 0x0000000082e00000|  0%| F|  |TAMS 0x0000000082d00000, 0x0000000082d00000| Untracked 
|  14|0x0000000082e00000, 0x0000000082e00000, 0x0000000082f00000|  0%| F|  |TAMS 0x0000000082e00000, 0x0000000082e00000| Untracked 
|  15|0x0000000082f00000, 0x0000000082f00000, 0x0000000083000000|  0%| F|  |TAMS 0x0000000082f00000, 0x0000000082f00000| Untracked 
|  16|0x0000000083000000, 0x0000000083000000, 0x0000000083100000|  0%| F|  |TAMS 0x0000000083000000, 0x0000000083000000| Untracked 
|  17|0x0000000083100000, 0x0000000083100000, 0x0000000083200000|  0%| F|  |TAMS 0x0000000083100000, 0x0000000083100000| Untracked 
|  18|0x0000000083200000, 0x0000000083200000, 0x0000000083300000|  0%| F|  |TAMS 0x0000000083200000, 0x0000000083200000| Untracked 
|  19|0x0000000083300000, 0x0000000083300000, 0x0000000083400000|  0%| F|  |TAMS 0x0000000083300000, 0x0000000083300000| Untracked 
|  20|0x0000000083400000, 0x0000000083400000, 0x0000000083500000|  0%| F|  |TAMS 0x0000000083400000, 0x0000000083400000| Untracked 
|  21|0x0000000083500000, 0x0000000083500000, 0x0000000083600000|  0%| F|  |TAMS 0x0000000083500000, 0x0000000083500000| Untracked 
|  22|0x0000000083600000, 0x0000000083600000, 0x0000000083700000|  0%| F|  |TAMS 0x0000000083600000, 0x0000000083600000| Untracked 
|  23|0x0000000083700000, 0x0000000083700000, 0x0000000083800000|  0%| F|  |TAMS 0x0000000083700000, 0x0000000083700000| Untracked 
|  24|0x0000000083800000, 0x0000000083800000, 0x0000000083900000|  0%| F|  |TAMS 0x0000000083800000, 0x0000000083800000| Untracked 
|  25|0x0000000083900000, 0x0000000083900000, 0x0000000083a00000|  0%| F|  |TAMS 0x0000000083900000, 0x0000000083900000| Untracked 
|  26|0x0000000083a00000, 0x0000000083a00000, 0x0000000083b00000|  0%| F|  |TAMS 0x0000000083a00000, 0x0000000083a00000| Untracked 
|  27|0x0000000083b00000, 0x0000000083b00000, 0x0000000083c00000|  0%| F|  |TAMS 0x0000000083b00000, 0x0000000083b00000| Untracked 
|  28|0x0000000083c00000, 0x0000000083c00000, 0x0000000083d00000|  0%| F|  |TAMS 0x0000000083c00000, 0x0000000083c00000| Untracked 
|  29|0x0000000083d00000, 0x0000000083d00000, 0x0000000083e00000|  0%| F|  |TAMS 0x0000000083d00000, 0x0000000083d00000| Untracked 
|  30|0x0000000083e00000, 0x0000000083e00000, 0x0000000083f00000|  0%| F|  |TAMS 0x0000000083e00000, 0x0000000083e00000| Untracked 
|  31|0x0000000083f00000, 0x0000000083f00000, 0x0000000084000000|  0%| F|  |TAMS 0x0000000083f00000, 0x0000000083f00000| Untracked 
|  32|0x0000000084000000, 0x0000000084000000, 0x0000000084100000|  0%| F|  |TAMS 0x0000000084000000, 0x0000000084000000| Untracked 
|  33|0x0000000084100000, 0x0000000084100000, 0x0000000084200000|  0%| F|  |TAMS 0x0000000084100000, 0x0000000084100000| Untracked 
|  34|0x0000000084200000, 0x0000000084200000, 0x0000000084300000|  0%| F|  |TAMS 0x0000000084200000, 0x0000000084200000| Untracked 
|  35|0x0000000084300000, 0x0000000084300000, 0x0000000084400000|  0%| F|  |TAMS 0x0000000084300000, 0x0000000084300000| Untracked 
|  36|0x0000000084400000, 0x0000000084400000, 0x0000000084500000|  0%| F|  |TAMS 0x0000000084400000, 0x0000000084400000| Untracked 
|  37|0x0000000084500000, 0x0000000084500000, 0x0000000084600000|  0%| F|  |TAMS 0x0000000084500000, 0x0000000084500000| Untracked 
|  38|0x0000000084600000, 0x0000000084600000, 0x0000000084700000|  0%| F|  |TAMS 0x0000000084600000, 0x0000000084600000| Untracked 
|  39|0x0000000084700000, 0x0000000084700000, 0x0000000084800000|  0%| F|  |TAMS 0x0000000084700000, 0x0000000084700000| Untracked 
|  40|0x0000000084800000, 0x0000000084800000, 0x0000000084900000|  0%| F|  |TAMS 0x0000000084800000, 0x0000000084800000| Untracked 
|  41|0x0000000084900000, 0x0000000084900000, 0x0000000084a00000|  0%| F|  |TAMS 0x0000000084900000, 0x0000000084900000| Untracked 
|  42|0x0000000084a00000, 0x0000000084a00000, 0x0000000084b00000|  0%| F|  |TAMS 0x0000000084a00000, 0x0000000084a00000| Untracked 
|  43|0x0000000084b00000, 0x0000000084b00000, 0x0000000084c00000|  0%| F|  |TAMS 0x0000000084b00000, 0x0000000084b00000| Untracked 
|  44|0x0000000084c00000, 0x0000000084c00000, 0x0000000084d00000|  0%| F|  |TAMS 0x0000000084c00000, 0x0000000084c00000| Untracked 
|  45|0x0000000084d00000, 0x0000000084d00000, 0x0000000084e00000|  0%| F|  |TAMS 0x0000000084d00000, 0x0000000084d00000| Untracked 
|  46|0x0000000084e00000, 0x0000000084e00000, 0x0000000084f00000|  0%| F|  |TAMS 0x0000000084e00000, 0x0000000084e00000| Untracked 
|  47|0x0000000084f00000, 0x0000000084f00000, 0x0000000085000000|  0%| F|  |TAMS 0x0000000084f00000, 0x0000000084f00000| Untracked 
|  48|0x0000000085000000, 0x0000000085000000, 0x0000000085100000|  0%| F|  |TAMS 0x0000000085000000, 0x0000000085000000| Untracked 
|  49|0x0000000085100000, 0x0000000085100000, 0x0000000085200000|  0%| F|  |TAMS 0x0000000085100000, 0x0000000085100000| Untracked 
|  50|0x0000000085200000, 0x0000000085200000, 0x0000000085300000|  0%| F|  |TAMS 0x0000000085200000, 0x0000000085200000| Untracked 
|  51|0x0000000085300000, 0x0000000085300000, 0x0000000085400000|  0%| F|  |TAMS 0x0000000085300000, 0x0000000085300000| Untracked 
|  52|0x0000000085400000, 0x0000000085400000, 0x0000000085500000|  0%| F|  |TAMS 0x0000000085400000, 0x0000000085400000| Untracked 
|  53|0x0000000085500000, 0x0000000085500000, 0x0000000085600000|  0%| F|  |TAMS 0x0000000085500000, 0x0000000085500000| Untracked 
|  54|0x0000000085600000, 0x0000000085600000, 0x0000000085700000|  0%| F|  |TAMS 0x0000000085600000, 0x0000000085600000| Untracked 
|  55|0x0000000085700000, 0x0000000085700000, 0x0000000085800000|  0%| F|  |TAMS 0x0000000085700000, 0x0000000085700000| Untracked 
|  56|0x0000000085800000, 0x0000000085800000, 0x0000000085900000|  0%| F|  |TAMS 0x0000000085800000, 0x0000000085800000| Untracked 
|  57|0x0000000085900000, 0x0000000085900000, 0x0000000085a00000|  0%| F|  |TAMS 0x0000000085900000, 0x0000000085900000| Untracked 
|  58|0x0000000085a00000, 0x0000000085a00000, 0x0000000085b00000|  0%| F|  |TAMS 0x0000000085a00000, 0x0000000085a00000| Untracked 
|  59|0x0000000085b00000, 0x0000000085b00000, 0x0000000085c00000|  0%| F|  |TAMS 0x0000000085b00000, 0x0000000085b00000| Untracked 
|  60|0x0000000085c00000, 0x0000000085c00000, 0x0000000085d00000|  0%| F|  |TAMS 0x0000000085c00000, 0x0000000085c00000| Untracked 
|  61|0x0000000085d00000, 0x0000000085d00000, 0x0000000085e00000|  0%| F|  |TAMS 0x0000000085d00000, 0x0000000085d00000| Untracked 
|  62|0x0000000085e00000, 0x0000000085e00000, 0x0000000085f00000|  0%| F|  |TAMS 0x0000000085e00000, 0x0000000085e00000| Untracked 
|  63|0x0000000085f00000, 0x0000000085f00000, 0x0000000086000000|  0%| F|  |TAMS 0x0000000085f00000, 0x0000000085f00000| Untracked 
|  64|0x0000000086000000, 0x0000000086000000, 0x0000000086100000|  0%| F|  |TAMS 0x0000000086000000, 0x0000000086000000| Untracked 
|  65|0x0000000086100000, 0x0000000086100000, 0x0000000086200000|  0%| F|  |TAMS 0x0000000086100000, 0x0000000086100000| Untracked 
|  66|0x0000000086200000, 0x0000000086200000, 0x0000000086300000|  0%| F|  |TAMS 0x0000000086200000, 0x0000000086200000| Untracked 
|  67|0x0000000086300000, 0x0000000086300000, 0x0000000086400000|  0%| F|  |TAMS 0x0000000086300000, 0x0000000086300000| Untracked 
|  68|0x0000000086400000, 0x0000000086400000, 0x0000000086500000|  0%| F|  |TAMS 0x0000000086400000, 0x0000000086400000| Untracked 
|  69|0x0000000086500000, 0x0000000086500000, 0x0000000086600000|  0%| F|  |TAMS 0x0000000086500000, 0x0000000086500000| Untracked 
|  70|0x0000000086600000, 0x0000000086600000, 0x0000000086700000|  0%| F|  |TAMS 0x0000000086600000, 0x0000000086600000| Untracked 
|  71|0x0000000086700000, 0x0000000086700000, 0x0000000086800000|  0%| F|  |TAMS 0x0000000086700000, 0x0000000086700000| Untracked 
|  72|0x0000000086800000, 0x0000000086800000, 0x0000000086900000|  0%| F|  |TAMS 0x0000000086800000, 0x0000000086800000| Untracked 
|  73|0x0000000086900000, 0x0000000086900000, 0x0000000086a00000|  0%| F|  |TAMS 0x0000000086900000, 0x0000000086900000| Untracked 
|  74|0x0000000086a00000, 0x0000000086a00000, 0x0000000086b00000|  0%| F|  |TAMS 0x0000000086a00000, 0x0000000086a00000| Untracked 
|  75|0x0000000086b00000, 0x0000000086b00000, 0x0000000086c00000|  0%| F|  |TAMS 0x0000000086b00000, 0x0000000086b00000| Untracked 
|  76|0x0000000086c00000, 0x0000000086c00000, 0x0000000086d00000|  0%| F|  |TAMS 0x0000000086c00000, 0x0000000086c00000| Untracked 
|  77|0x0000000086d00000, 0x0000000086d00000, 0x0000000086e00000|  0%| F|  |TAMS 0x0000000086d00000, 0x0000000086d00000| Untracked 
|  78|0x0000000086e00000, 0x0000000086e00000, 0x0000000086f00000|  0%| F|  |TAMS 0x0000000086e00000, 0x0000000086e00000| Untracked 
|  79|0x0000000086f00000, 0x0000000086f00000, 0x0000000087000000|  0%| F|  |TAMS 0x0000000086f00000, 0x0000000086f00000| Untracked 
|  80|0x0000000087000000, 0x0000000087000000, 0x0000000087100000|  0%| F|  |TAMS 0x0000000087000000, 0x0000000087000000| Untracked 
|  81|0x0000000087100000, 0x0000000087100000, 0x0000000087200000|  0%| F|  |TAMS 0x0000000087100000, 0x0000000087100000| Untracked 
|  82|0x0000000087200000, 0x0000000087200000, 0x0000000087300000|  0%| F|  |TAMS 0x0000000087200000, 0x0000000087200000| Untracked 
|  83|0x0000000087300000, 0x0000000087300000, 0x0000000087400000|  0%| F|  |TAMS 0x0000000087300000, 0x0000000087300000| Untracked 
|  84|0x0000000087400000, 0x0000000087400000, 0x0000000087500000|  0%| F|  |TAMS 0x0000000087400000, 0x0000000087400000| Untracked 
|  85|0x0000000087500000, 0x0000000087500000, 0x0000000087600000|  0%| F|  |TAMS 0x0000000087500000, 0x0000000087500000| Untracked 
|  86|0x0000000087600000, 0x0000000087600000, 0x0000000087700000|  0%| F|  |TAMS 0x0000000087600000, 0x0000000087600000| Untracked 
|  87|0x0000000087700000, 0x0000000087700000, 0x0000000087800000|  0%| F|  |TAMS 0x0000000087700000, 0x0000000087700000| Untracked 
|  88|0x0000000087800000, 0x0000000087800000, 0x0000000087900000|  0%| F|  |TAMS 0x0000000087800000, 0x0000000087800000| Untracked 
|  89|0x0000000087900000, 0x0000000087900000, 0x0000000087a00000|  0%| F|  |TAMS 0x0000000087900000, 0x0000000087900000| Untracked 
|  90|0x0000000087a00000, 0x0000000087a00000, 0x0000000087b00000|  0%| F|  |TAMS 0x0000000087a00000, 0x0000000087a00000| Untracked 
|  91|0x0000000087b00000, 0x0000000087b00000, 0x0000000087c00000|  0%| F|  |TAMS 0x0000000087b00000, 0x0000000087b00000| Untracked 
|  92|0x0000000087c00000, 0x0000000087c00000, 0x0000000087d00000|  0%| F|  |TAMS 0x0000000087c00000, 0x0000000087c00000| Untracked 
|  93|0x0000000087d00000, 0x0000000087d00000, 0x0000000087e00000|  0%| F|  |TAMS 0x0000000087d00000, 0x0000000087d00000| Untracked 
|  94|0x0000000087e00000, 0x0000000087e00000, 0x0000000087f00000|  0%| F|  |TAMS 0x0000000087e00000, 0x0000000087e00000| Untracked 
|  95|0x0000000087f00000, 0x0000000087f00000, 0x0000000088000000|  0%| F|  |TAMS 0x0000000087f00000, 0x0000000087f00000| Untracked 
|  96|0x0000000088000000, 0x0000000088000000, 0x0000000088100000|  0%| F|  |TAMS 0x0000000088000000, 0x0000000088000000| Untracked 
|  97|0x0000000088100000, 0x0000000088100000, 0x0000000088200000|  0%| F|  |TAMS 0x0000000088100000, 0x0000000088100000| Untracked 
|  98|0x0000000088200000, 0x0000000088200000, 0x0000000088300000|  0%| F|  |TAMS 0x0000000088200000, 0x0000000088200000| Untracked 
|  99|0x0000000088300000, 0x0000000088300000, 0x0000000088400000|  0%| F|  |TAMS 0x0000000088300000, 0x0000000088300000| Untracked 
| 100|0x0000000088400000, 0x0000000088500000, 0x0000000088500000|100%| S|CS|TAMS 0x0000000088400000, 0x0000000088400000| Complete 
| 101|0x0000000088500000, 0x0000000088600000, 0x0000000088600000|100%| S|CS|TAMS 0x0000000088500000, 0x0000000088500000| Complete 
| 102|0x0000000088600000, 0x0000000088700000, 0x0000000088700000|100%| S|CS|TAMS 0x0000000088600000, 0x0000000088600000| Complete 
| 103|0x0000000088700000, 0x0000000088700000, 0x0000000088800000|  0%| F|  |TAMS 0x0000000088700000, 0x0000000088700000| Untracked 
| 104|0x0000000088800000, 0x0000000088800000, 0x0000000088900000|  0%| F|  |TAMS 0x0000000088800000, 0x0000000088800000| Untracked 
| 105|0x0000000088900000, 0x0000000088900000, 0x0000000088a00000|  0%| F|  |TAMS 0x0000000088900000, 0x0000000088900000| Untracked 
| 106|0x0000000088a00000, 0x0000000088a00000, 0x0000000088b00000|  0%| F|  |TAMS 0x0000000088a00000, 0x0000000088a00000| Untracked 
| 107|0x0000000088b00000, 0x0000000088b00000, 0x0000000088c00000|  0%| F|  |TAMS 0x0000000088b00000, 0x0000000088b00000| Untracked 
| 108|0x0000000088c00000, 0x0000000088c00000, 0x0000000088d00000|  0%| F|  |TAMS 0x0000000088c00000, 0x0000000088c00000| Untracked 
| 109|0x0000000088d00000, 0x0000000088d00000, 0x0000000088e00000|  0%| F|  |TAMS 0x0000000088d00000, 0x0000000088d00000| Untracked 
| 110|0x0000000088e00000, 0x0000000088e00000, 0x0000000088f00000|  0%| F|  |TAMS 0x0000000088e00000, 0x0000000088e00000| Untracked 
| 111|0x0000000088f00000, 0x0000000088f00000, 0x0000000089000000|  0%| F|  |TAMS 0x0000000088f00000, 0x0000000088f00000| Untracked 
| 112|0x0000000089000000, 0x0000000089000000, 0x0000000089100000|  0%| F|  |TAMS 0x0000000089000000, 0x0000000089000000| Untracked 
| 113|0x0000000089100000, 0x0000000089100000, 0x0000000089200000|  0%| F|  |TAMS 0x0000000089100000, 0x0000000089100000| Untracked 
| 114|0x0000000089200000, 0x0000000089200000, 0x0000000089300000|  0%| F|  |TAMS 0x0000000089200000, 0x0000000089200000| Untracked 
| 115|0x0000000089300000, 0x0000000089300000, 0x0000000089400000|  0%| F|  |TAMS 0x0000000089300000, 0x0000000089300000| Untracked 
| 116|0x0000000089400000, 0x0000000089400000, 0x0000000089500000|  0%| F|  |TAMS 0x0000000089400000, 0x0000000089400000| Untracked 
| 117|0x0000000089500000, 0x0000000089500000, 0x0000000089600000|  0%| F|  |TAMS 0x0000000089500000, 0x0000000089500000| Untracked 
| 118|0x0000000089600000, 0x0000000089600000, 0x0000000089700000|  0%| F|  |TAMS 0x0000000089600000, 0x0000000089600000| Untracked 
| 119|0x0000000089700000, 0x0000000089700000, 0x0000000089800000|  0%| F|  |TAMS 0x0000000089700000, 0x0000000089700000| Untracked 
| 120|0x0000000089800000, 0x0000000089800000, 0x0000000089900000|  0%| F|  |TAMS 0x0000000089800000, 0x0000000089800000| Untracked 
| 121|0x0000000089900000, 0x0000000089900000, 0x0000000089a00000|  0%| F|  |TAMS 0x0000000089900000, 0x0000000089900000| Untracked 
| 122|0x0000000089a00000, 0x0000000089a00000, 0x0000000089b00000|  0%| F|  |TAMS 0x0000000089a00000, 0x0000000089a00000| Untracked 
| 123|0x0000000089b00000, 0x0000000089b00000, 0x0000000089c00000|  0%| F|  |TAMS 0x0000000089b00000, 0x0000000089b00000| Untracked 
| 124|0x0000000089c00000, 0x0000000089d00000, 0x0000000089d00000|100%| E|  |TAMS 0x0000000089c00000, 0x0000000089c00000| Complete 
| 125|0x0000000089d00000, 0x0000000089e00000, 0x0000000089e00000|100%| E|CS|TAMS 0x0000000089d00000, 0x0000000089d00000| Complete 

Card table byte_map: [0x00000194f8030000,0x00000194f8420000] _byte_map_base: 0x00000194f7c20000

Marking Bits (Prev, Next): (CMBitMap*) 0x00000194f24d5c60, (CMBitMap*) 0x00000194f24d5ca0
 Prev Bits: [0x00000194f8810000, 0x00000194fa790000)
 Next Bits: [0x00000194fa790000, 0x00000194fc710000)

Polling page: 0x00000194f71a0000

Metaspace:

Usage:
  Non-class:     12.39 MB used.
      Class:      1.40 MB used.
       Both:     13.79 MB used.

Virtual space:
  Non-class space:       16.00 MB reserved,      12.44 MB ( 78%) committed,  2 nodes.
      Class space:        1.00 GB reserved,       1.50 MB ( <1%) committed,  1 nodes.
              Both:        1.02 GB reserved,      13.94 MB (  1%) committed. 

Chunk freelists:
   Non-Class:  2.69 MB
       Class:  2.50 MB
        Both:  5.19 MB

MaxMetaspaceSize: 17179869184.00 GB
CompressedClassSpaceSize: 1.00 GB
 - commit_granule_bytes: 65536.
 - commit_granule_words: 8192.
 - virtual_space_node_default_size: 1048576.
 - enlarge_chunks_in_place: 1.
 - new_chunks_are_fully_committed: 0.
 - uncommit_free_chunks: 1.
 - use_allocation_guard: 0.
 - handle_deallocations: 1.


Internal statistics:

num_allocs_failed_limit: 0.
num_arena_births: 108.
num_arena_deaths: 0.
num_vsnodes_births: 3.
num_vsnodes_deaths: 0.
num_space_committed: 223.
num_space_uncommitted: 0.
num_chunks_returned_to_freelist: 0.
num_chunks_taken_from_freelist: 192.
num_chunk_merges: 0.
num_chunk_splits: 116.
num_chunks_enlarged: 77.
num_purges: 0.

CodeHeap 'non-profiled nmethods': size=238336Kb used=1580Kb max_used=1580Kb free=236755Kb
 bounds [0x0000019480740000, 0x00000194809b0000, 0x000001948f000000]
CodeHeap 'non-nmethods': size=7424Kb used=1150Kb max_used=1150Kb free=6273Kb
 bounds [0x0000019480000000, 0x0000019480270000, 0x0000019480740000]
 total_blobs=1555 nmethods=1117 adapters=366
 compilation: enabled
              stopped_count=0, restarted_count=0
 full_count=0

Compilation events (20 events):
Event: 1.511 Thread 0x00000194ffc1cb80 1107       1       java.lang.ref.ReferenceQueue::reallyPoll (65 bytes)
Event: 1.512 Thread 0x00000194ffc1cb80 nmethod 1107 0x00000194808c8390 code [0x00000194808c8540, 0x00000194808c8838]
Event: 1.512 Thread 0x00000194ffc1cb80 1108       1       jdk.internal.loader.ClassLoaders$AppClassLoader::loadClass (40 bytes)
Event: 1.512 Thread 0x00000194ffc1cb80 nmethod 1108 0x00000194808c8d10 code [0x00000194808c8f00, 0x00000194808c91d8]
Event: 1.512 Thread 0x00000194ffc1cb80 1109       1       jdk.internal.loader.NativeLibraries$NativeLibraryImpl::find (6 bytes)
Event: 1.513 Thread 0x00000194ffc1cb80 nmethod 1109 0x00000194808c9410 code [0x00000194808c95a0, 0x00000194808c9688]
Event: 1.513 Thread 0x00000194ffc1cb80 1111       1       sun.invoke.util.Wrapper::isSubwordOrInt (20 bytes)
Event: 1.513 Thread 0x00000194ffc1cb80 nmethod 1111 0x00000194808c9710 code [0x00000194808c98a0, 0x00000194808c99f8]
Event: 1.513 Thread 0x00000194ffc1cb80 1112       1       sun.invoke.util.Wrapper::isIntegral (23 bytes)
Event: 1.513 Thread 0x00000194ffc1cb80 nmethod 1112 0x00000194808c9a90 code [0x00000194808c9c20, 0x00000194808c9d38]
Event: 1.513 Thread 0x00000194ffc1cb80 1113       1       sun.invoke.util.Wrapper::isNumeric (16 bytes)
Event: 1.513 Thread 0x00000194ffc1cb80 nmethod 1113 0x00000194808c9d90 code [0x00000194808c9f20, 0x00000194808c9ff8]
Event: 1.514 Thread 0x00000194ffc1cb80 1114       1       java.util.concurrent.locks.AbstractQueuedSynchronizer::setState (6 bytes)
Event: 1.514 Thread 0x00000194ffc1cb80 nmethod 1114 0x00000194808ca090 code [0x00000194808ca220, 0x00000194808ca2f8]
Event: 1.514 Thread 0x00000194ffc1cb80 1115       1       sun.invoke.util.VerifyAccess::isTypeVisible (47 bytes)
Event: 1.515 Thread 0x00000194ffc1cb80 nmethod 1115 0x00000194808ca390 code [0x00000194808ca560, 0x00000194808ca758]
Event: 1.515 Thread 0x00000194ffc1cb80 1116       1       jdk.internal.reflect.MagicAccessorImpl::<init> (5 bytes)
Event: 1.515 Thread 0x00000194ffc1cb80 nmethod 1116 0x00000194808ca910 code [0x00000194808caaa0, 0x00000194808cab58]
Event: 1.516 Thread 0x00000194ffc1cb80 1117       1       java.util.concurrent.locks.AbstractOwnableSynchronizer::getExclusiveOwnerThread (5 bytes)
Event: 1.517 Thread 0x00000194ffc1cb80 nmethod 1117 0x00000194808cac10 code [0x00000194808cada0, 0x00000194808cae78]

GC Heap History (2 events):
Event: 1.482 GC heap before
{Heap before GC invocations=0 (full 0):
 garbage-first heap   total 129024K, used 24576K [0x0000000082000000, 0x0000000100000000)
  region size 1024K, 23 young (23552K), 0 survivors (0K)
 Metaspace       used 13800K, committed 14016K, reserved 1064960K
  class space    used 1386K, committed 1472K, reserved 1048576K
}
Event: 1.494 GC heap after
{Heap after GC invocations=1 (full 0):
 garbage-first heap   total 129024K, used 9254K [0x0000000082000000, 0x0000000100000000)
  region size 1024K, 3 young (3072K), 3 survivors (3072K)
 Metaspace       used 13800K, committed 14016K, reserved 1064960K
  class space    used 1386K, committed 1472K, reserved 1048576K
}

Deoptimization events (0 events):
No events

Classes unloaded (0 events):
No events

Classes redefined (0 events):
No events

Internal exceptions (17 events):
Event: 0.392 Thread 0x00000194f2493fa0 Exception <a 'java/lang/NoSuchMethodError'{0x0000000089b41d60}: 'void java.lang.invoke.DirectMethodHandle$Holder.invokeSpecial(java.lang.Object, java.lang.Object, java.lang.Object)'> (0x0000000089b41d60) 
thrown [t:\workspace\open\src\hotspot\share\interpreter\linkResolver.cpp, line 790]
Event: 0.650 Thread 0x00000194f2493fa0 Exception <a 'java/lang/NoSuchMethodError'{0x000000008909e730}: 'java.lang.Object java.lang.invoke.DirectMethodHandle$Holder.invokeStatic(java.lang.Object)'> (0x000000008909e730) 
thrown [t:\workspace\open\src\hotspot\share\interpreter\linkResolver.cpp, line 790]
Event: 0.651 Thread 0x00000194f2493fa0 Exception <a 'java/lang/NoSuchMethodError'{0x00000000890a1e80}: 'java.lang.Object java.lang.invoke.DirectMethodHandle$Holder.invokeStaticInit(java.lang.Object)'> (0x00000000890a1e80) 
thrown [t:\workspace\open\src\hotspot\share\interpreter\linkResolver.cpp, line 790]
Event: 0.695 Thread 0x00000194f2493fa0 Exception <a 'java/lang/NoSuchMethodError'{0x00000000890c5870}: 'java.lang.Object java.lang.invoke.DirectMethodHandle$Holder.invokeInterface(java.lang.Object, java.lang.Object)'> (0x00000000890c5870) 
thrown [t:\workspace\open\src\hotspot\share\interpreter\linkResolver.cpp, line 790]
Event: 0.696 Thread 0x00000194f2493fa0 Exception <a 'java/lang/NoSuchMethodError'{0x00000000890cdc80}: 'java.lang.Object java.lang.invoke.DirectMethodHandle$Holder.invokeStaticInit(java.lang.Object, java.lang.Object, java.lang.Object)'> (0x00000000890cdc80) 
thrown [t:\workspace\open\src\hotspot\share\interpreter\linkResolver.cpp, line 790]
Event: 0.703 Thread 0x00000194f2493fa0 Exception <a 'java/lang/NoSuchMethodError'{0x00000000890eb038}: 'int java.lang.invoke.DirectMethodHandle$Holder.invokeInterface(java.lang.Object, java.lang.Object)'> (0x00000000890eb038) 
thrown [t:\workspace\open\src\hotspot\share\interpreter\linkResolver.cpp, line 790]
Event: 0.704 Thread 0x00000194f2493fa0 Exception <a 'java/lang/IncompatibleClassChangeError'{0x00000000890ee830}: Found class java.lang.Object, but interface was expected> (0x00000000890ee830) 
thrown [t:\workspace\open\src\hotspot\share\interpreter\linkResolver.cpp, line 857]
Event: 0.705 Thread 0x00000194f2493fa0 Exception <a 'java/lang/NoSuchMethodError'{0x00000000890f4680}: 'void java.lang.invoke.DirectMethodHandle$Holder.invokeStatic(java.lang.Object, java.lang.Object)'> (0x00000000890f4680) 
thrown [t:\workspace\open\src\hotspot\share\interpreter\linkResolver.cpp, line 790]
Event: 0.785 Thread 0x00000194f2493fa0 Exception <a 'java/lang/NoSuchMethodError'{0x0000000088fc3fa8}: 'int java.lang.invoke.DirectMethodHandle$Holder.invokeSpecial(java.lang.Object, java.lang.Object, java.lang.Object)'> (0x0000000088fc3fa8) 
thrown [t:\workspace\open\src\hotspot\share\interpreter\linkResolver.cpp, line 790]
Event: 0.841 Thread 0x00000194f2493fa0 Exception <a 'java/lang/NoSuchMethodError'{0x0000000088e95980}: 'void java.lang.invoke.DirectMethodHandle$Holder.invokeStatic(java.lang.Object, java.lang.Object, java.lang.Object)'> (0x0000000088e95980) 
thrown [t:\workspace\open\src\hotspot\share\interpreter\linkResolver.cpp, line 790]
Event: 0.900 Thread 0x00000194f2493fa0 Exception <a 'java/lang/NoSuchMethodError'{0x0000000088ef6138}: 'int java.lang.invoke.DirectMethodHandle$Holder.invokeSpecialIFC(java.lang.Object, java.lang.Object, java.lang.Object)'> (0x0000000088ef6138) 
thrown [t:\workspace\open\src\hotspot\share\interpreter\linkResolver.cpp, line 790]
Event: 0.954 Thread 0x00000194f2493fa0 Exception <a 'java/lang/NoSuchMethodError'{0x0000000088d6d618}: 'java.lang.Object java.lang.invoke.DirectMethodHandle$Holder.invokeStaticInit(java.lang.Object, int, int, int, int)'> (0x0000000088d6d618) 
thrown [t:\workspace\open\src\hotspot\share\interpreter\linkResolver.cpp, line 790]
Event: 1.079 Thread 0x00000194f2493fa0 Exception <a 'java/lang/NoSuchMethodError'{0x0000000088da00c0}: 'java.lang.Object java.lang.invoke.DirectMethodHandle$Holder.invokeStaticInit(java.lang.Object, java.lang.Object, int, int, int, int)'> (0x0000000088da00c0) 
thrown [t:\workspace\open\src\hotspot\share\interpreter\linkResolver.cpp, line 790]
Event: 1.130 Thread 0x00000194f2493fa0 Exception <a 'java/lang/ClassNotFoundException'{0x0000000088dbbef8}: javax/management/remote/rmi/RMIServerImpl_Skel> (0x0000000088dbbef8) 
thrown [t:\workspace\open\src\hotspot\share\classfile\systemDictionary.cpp, line 256]
Event: 1.228 Thread 0x00000194f2493fa0 Exception <a 'java/lang/ClassNotFoundException'{0x0000000088b19ff0}: jdk/internal/agent/resources/spi/agentProvider> (0x0000000088b19ff0) 
thrown [t:\workspace\open\src\hotspot\share\classfile\systemDictionary.cpp, line 256]
Event: 1.355 Thread 0x00000194f2493fa0 Exception <a 'java/lang/ClassNotFoundException'{0x00000000889c6f00}: javax/smartcardio/CardPermission> (0x00000000889c6f00) 
thrown [t:\workspace\open\src\hotspot\share\classfile\systemDictionary.cpp, line 256]
Event: 1.359 Thread 0x00000194f2493fa0 Exception <a 'java/io/FileNotFoundException'{0x00000000889d5738}> (0x00000000889d5738) 
thrown [t:\workspace\open\src\hotspot\share\prims\jni.cpp, line 579]

Events (20 events):
Event: 1.521 loading class java/rmi/activation/ActivationGroupID
Event: 1.521 loading class sun/net/www/protocol/jar/JarURLConnection
Event: 1.521 loading class java/rmi/activation/ActivationGroupID done
Event: 1.521 loading class java/rmi/activation/ActivationInstantiator
Event: 1.521 loading class java/rmi/activation/ActivationInstantiator done
Event: 1.521 loading class java/rmi/activation/ActivationMonitor
Event: 1.521 loading class java/rmi/activation/ActivationMonitor done
Event: 1.521 loading class java/rmi/activation/UnknownGroupException
Event: 1.521 loading class java/rmi/activation/ActivationException
Event: 1.521 loading class java/net/JarURLConnection
Event: 1.521 loading class java/rmi/activation/ActivationException done
Event: 1.521 loading class java/rmi/activation/UnknownGroupException done
Event: 1.521 loading class java/net/JarURLConnection done
Event: 1.521 loading class java/rmi/activation/ActivationID
Event: 1.521 loading class sun/net/www/protocol/jar/JarURLConnection done
Event: 1.521 loading class sun/net/www/protocol/jar/JarFileFactory
Event: 1.522 loading class java/rmi/activation/ActivationID done
Event: 1.522 loading class java/rmi/activation/ActivationDesc
Event: 1.522 loading class sun/net/www/protocol/jar/URLJarFile$URLJarFileCloseController
Event: 1.522 loading class sun/net/www/protocol/jar/URLJarFile$URLJarFileCloseController done


Dynamic libraries:
0x00007ff7568b0000 - 0x00007ff7568be000 	C:\Users\Hp_ProBook\Downloads\sts-4.11.0.RELEASE\plugins\org.eclipse.justj.openjdk.hotspot.jre.full.win32.x86_64_16.0.1.v20210528-1205\jre\bin\javaw.exe
0x00007ffbf8a30000 - 0x00007ffbf8c25000 	C:\WINDOWS\SYSTEM32\ntdll.dll
0x00007ffbf78e0000 - 0x00007ffbf799d000 	C:\WINDOWS\System32\KERNEL32.DLL
0x00007ffbf61f0000 - 0x00007ffbf64b9000 	C:\WINDOWS\System32\KERNELBASE.dll
0x00007ffbf69a0000 - 0x00007ffbf6aa0000 	C:\WINDOWS\System32\ucrtbase.dll
0x00007ffbe14f0000 - 0x00007ffbe1508000 	C:\Users\Hp_ProBook\Downloads\sts-4.11.0.RELEASE\plugins\org.eclipse.justj.openjdk.hotspot.jre.full.win32.x86_64_16.0.1.v20210528-1205\jre\bin\jli.dll
0x00007ffbeab10000 - 0x00007ffbeab29000 	C:\Users\Hp_ProBook\Downloads\sts-4.11.0.RELEASE\plugins\org.eclipse.justj.openjdk.hotspot.jre.full.win32.x86_64_16.0.1.v20210528-1205\jre\bin\VCRUNTIME140.dll
0x00007ffbf8560000 - 0x00007ffbf8700000 	C:\WINDOWS\System32\USER32.dll
0x00007ffbddc60000 - 0x00007ffbddefa000 	C:\WINDOWS\WinSxS\amd64_microsoft.windows.common-controls_6595b64144ccf1df_6.0.19041.1110_none_60b5254171f9507e\COMCTL32.dll
0x00007ffbf6620000 - 0x00007ffbf6642000 	C:\WINDOWS\System32\win32u.dll
0x00007ffbf6d50000 - 0x00007ffbf6dee000 	C:\WINDOWS\System32\msvcrt.dll
0x00007ffbf88e0000 - 0x00007ffbf890a000 	C:\WINDOWS\System32\GDI32.dll
0x00007ffbf6890000 - 0x00007ffbf699b000 	C:\WINDOWS\System32\gdi32full.dll
0x00007ffbf66b0000 - 0x00007ffbf674d000 	C:\WINDOWS\System32\msvcp_win.dll
0x00007ffbf6b50000 - 0x00007ffbf6b80000 	C:\WINDOWS\System32\IMM32.DLL
0x00007ffbf3c40000 - 0x00007ffbf3c4c000 	C:\Users\Hp_ProBook\Downloads\sts-4.11.0.RELEASE\plugins\org.eclipse.justj.openjdk.hotspot.jre.full.win32.x86_64_16.0.1.v20210528-1205\jre\bin\vcruntime140_1.dll
0x00007ffbc5a40000 - 0x00007ffbc5ad1000 	C:\Users\Hp_ProBook\Downloads\sts-4.11.0.RELEASE\plugins\org.eclipse.justj.openjdk.hotspot.jre.full.win32.x86_64_16.0.1.v20210528-1205\jre\bin\msvcp140.dll
0x00007ffb99ee0000 - 0x00007ffb9aa8b000 	C:\Users\Hp_ProBook\Downloads\sts-4.11.0.RELEASE\plugins\org.eclipse.justj.openjdk.hotspot.jre.full.win32.x86_64_16.0.1.v20210528-1205\jre\bin\server\jvm.dll
0x00007ffbf6aa0000 - 0x00007ffbf6b4c000 	C:\WINDOWS\System32\ADVAPI32.dll
0x00007ffbf8700000 - 0x00007ffbf879b000 	C:\WINDOWS\System32\sechost.dll
0x00007ffbf6c20000 - 0x00007ffbf6d4a000 	C:\WINDOWS\System32\RPCRT4.dll
0x00007ffbf78d0000 - 0x00007ffbf78d8000 	C:\WINDOWS\System32\PSAPI.DLL
0x00007ffbecef0000 - 0x00007ffbecefa000 	C:\WINDOWS\SYSTEM32\VERSION.dll
0x00007ffbda6c0000 - 0x00007ffbda6e7000 	C:\WINDOWS\SYSTEM32\WINMM.dll
0x00007ffbca220000 - 0x00007ffbca229000 	C:\WINDOWS\SYSTEM32\WSOCK32.dll
0x00007ffbf8870000 - 0x00007ffbf88db000 	C:\WINDOWS\System32\WS2_32.dll
0x00007ffbf4a40000 - 0x00007ffbf4a52000 	C:\WINDOWS\SYSTEM32\kernel.appcore.dll
0x00007ffbf3aa0000 - 0x00007ffbf3aaa000 	C:\Users\Hp_ProBook\Downloads\sts-4.11.0.RELEASE\plugins\org.eclipse.justj.openjdk.hotspot.jre.full.win32.x86_64_16.0.1.v20210528-1205\jre\bin\jimage.dll
0x00007ffbf47d0000 - 0x00007ffbf49b4000 	C:\WINDOWS\SYSTEM32\DBGHELP.DLL
0x00007ffbde5d0000 - 0x00007ffbde5fc000 	C:\WINDOWS\SYSTEM32\dbgcore.DLL
0x00007ffbf6800000 - 0x00007ffbf6883000 	C:\WINDOWS\System32\bcryptPrimitives.dll
0x00007ffbda120000 - 0x00007ffbda145000 	C:\Users\Hp_ProBook\Downloads\sts-4.11.0.RELEASE\plugins\org.eclipse.justj.openjdk.hotspot.jre.full.win32.x86_64_16.0.1.v20210528-1205\jre\bin\java.dll
0x00007ffbe0b50000 - 0x00007ffbe0b68000 	C:\Users\Hp_ProBook\Downloads\sts-4.11.0.RELEASE\plugins\org.eclipse.justj.openjdk.hotspot.jre.full.win32.x86_64_16.0.1.v20210528-1205\jre\bin\zip.dll
0x00007ffbf79b0000 - 0x00007ffbf80ef000 	C:\WINDOWS\System32\SHELL32.dll
0x00007ffbf3f70000 - 0x00007ffbf4701000 	C:\WINDOWS\SYSTEM32\windows.storage.dll
0x00007ffbf7510000 - 0x00007ffbf7865000 	C:\WINDOWS\System32\combase.dll
0x00007ffbf5a30000 - 0x00007ffbf5a5c000 	C:\WINDOWS\SYSTEM32\Wldp.dll
0x00007ffbf7000000 - 0x00007ffbf70ae000 	C:\WINDOWS\System32\SHCORE.dll
0x00007ffbf7870000 - 0x00007ffbf78c5000 	C:\WINDOWS\System32\shlwapi.dll
0x00007ffbf60b0000 - 0x00007ffbf60cf000 	C:\WINDOWS\SYSTEM32\profapi.dll
0x00007ffbdf580000 - 0x00007ffbdf599000 	C:\Users\Hp_ProBook\Downloads\sts-4.11.0.RELEASE\plugins\org.eclipse.justj.openjdk.hotspot.jre.full.win32.x86_64_16.0.1.v20210528-1205\jre\bin\net.dll
0x00007ffbec120000 - 0x00007ffbec22a000 	C:\WINDOWS\SYSTEM32\WINHTTP.dll
0x00007ffbf5810000 - 0x00007ffbf587a000 	C:\WINDOWS\system32\mswsock.dll
0x00007ffbdcb20000 - 0x00007ffbdcb33000 	C:\Users\Hp_ProBook\Downloads\sts-4.11.0.RELEASE\plugins\org.eclipse.justj.openjdk.hotspot.jre.full.win32.x86_64_16.0.1.v20210528-1205\jre\bin\nio.dll
0x00007ffbf3160000 - 0x00007ffbf3169000 	C:\Users\Hp_ProBook\Downloads\sts-4.11.0.RELEASE\plugins\org.eclipse.justj.openjdk.hotspot.jre.full.win32.x86_64_16.0.1.v20210528-1205\jre\bin\management.dll
0x00007ffbef1a0000 - 0x00007ffbef1ab000 	C:\Users\Hp_ProBook\Downloads\sts-4.11.0.RELEASE\plugins\org.eclipse.justj.openjdk.hotspot.jre.full.win32.x86_64_16.0.1.v20210528-1205\jre\bin\management_ext.dll
0x00007ffbca230000 - 0x00007ffbca247000 	C:\WINDOWS\system32\napinsp.dll
0x00007ffbca1d0000 - 0x00007ffbca1eb000 	C:\WINDOWS\system32\pnrpnsp.dll
0x00007ffbf01f0000 - 0x00007ffbf0205000 	C:\WINDOWS\system32\wshbth.dll
0x00007ffbf1300000 - 0x00007ffbf131d000 	C:\WINDOWS\system32\NLAapi.dll
0x00007ffbf5520000 - 0x00007ffbf555b000 	C:\WINDOWS\SYSTEM32\IPHLPAPI.DLL
0x00007ffbf5560000 - 0x00007ffbf562c000 	C:\WINDOWS\SYSTEM32\DNSAPI.dll
0x00007ffbf6c10000 - 0x00007ffbf6c18000 	C:\WINDOWS\System32\NSI.dll
0x00007ffbca1b0000 - 0x00007ffbca1c2000 	C:\WINDOWS\System32\winrnr.dll
0x0000000075ce0000 - 0x0000000075d06000 	C:\Program Files\Bonjour\mdnsNSP.dll
0x00007ffbeaad0000 - 0x00007ffbeaada000 	C:\Windows\System32\rasadhlp.dll
0x00007ffbe0b90000 - 0x00007ffbe0c0f000 	C:\WINDOWS\System32\fwpuclnt.dll
0x00007ffbf61c0000 - 0x00007ffbf61e7000 	C:\WINDOWS\System32\bcrypt.dll
0x00007ffbf5a70000 - 0x00007ffbf5a88000 	C:\WINDOWS\SYSTEM32\CRYPTSP.dll
0x00007ffbf51d0000 - 0x00007ffbf5204000 	C:\WINDOWS\system32\rsaenh.dll
0x00007ffbf6070000 - 0x00007ffbf609e000 	C:\WINDOWS\SYSTEM32\USERENV.dll
0x00007ffbf5990000 - 0x00007ffbf599c000 	C:\WINDOWS\SYSTEM32\CRYPTBASE.dll
0x00007ffbf3f50000 - 0x00007ffbf3f67000 	C:\WINDOWS\SYSTEM32\dhcpcsvc6.DLL
0x00007ffbf3f30000 - 0x00007ffbf3f4d000 	C:\WINDOWS\SYSTEM32\dhcpcsvc.DLL
0x00007ffbf3ab0000 - 0x00007ffbf3ac0000 	C:\Users\Hp_ProBook\Downloads\sts-4.11.0.RELEASE\plugins\org.eclipse.justj.openjdk.hotspot.jre.full.win32.x86_64_16.0.1.v20210528-1205\jre\bin\verify.dll

dbghelp: loaded successfully - version: 4.0.5 - missing functions: none
symbol engine: initialized successfully - sym options: 0x614 - pdb path: .;C:\Users\Hp_ProBook\Downloads\sts-4.11.0.RELEASE\plugins\org.eclipse.justj.openjdk.hotspot.jre.full.win32.x86_64_16.0.1.v20210528-1205\jre\bin;C:\WINDOWS\SYSTEM32;C:\WINDOWS\WinSxS\amd64_microsoft.windows.common-controls_6595b64144ccf1df_6.0.19041.1110_none_60b5254171f9507e;C:\Users\Hp_ProBook\Downloads\sts-4.11.0.RELEASE\plugins\org.eclipse.justj.openjdk.hotspot.jre.full.win32.x86_64_16.0.1.v20210528-1205\jre\bin\server;C:\Program Files\Bonjour

VM Arguments:
jvm_args: -Dcom.sun.management.jmxremote -Dcom.sun.management.jmxremote.port=50427 -Dcom.sun.management.jmxremote.authenticate=false -Dcom.sun.management.jmxremote.ssl=false -Djava.rmi.server.hostname=localhost -Dspring.jmx.enabled=true -Dspring.application.admin.enabled=true -XX:TieredStopAtLevel=1 -Dspring.boot.project.name=AG-payment-service -Dfile.encoding=UTF-8 -XX:+ShowCodeDetailsInExceptionMessages 
java_command: org.art.AgPaymentServiceApplication --spring.output.ansi.enabled=always
java_class_path (initial): C:\Users\Hp_ProBook\Documents\workspace-spring-tool-suite-4-4.11.0.RELEASE\AG-payment-service\target\classes;C:\Users\Hp_ProBook\.m2\repository\org\springframework\boot\spring-boot-starter-data-jpa\2.5.4\spring-boot-starter-data-jpa-2.5.4.jar;C:\Users\Hp_ProBook\.m2\repository\org\springframework\boot\spring-boot-starter-aop\2.5.4\spring-boot-starter-aop-2.5.4.jar;C:\Users\Hp_ProBook\.m2\repository\org\springframework\spring-aop\5.3.9\spring-aop-5.3.9.jar;C:\Users\Hp_ProBook\.m2\repository\org\aspectj\aspectjweaver\1.9.7\aspectjweaver-1.9.7.jar;C:\Users\Hp_ProBook\.m2\repository\org\springframework\boot\spring-boot-starter-jdbc\2.5.4\spring-boot-starter-jdbc-2.5.4.jar;C:\Users\Hp_ProBook\.m2\repository\com\zaxxer\HikariCP\4.0.3\HikariCP-4.0.3.jar;C:\Users\Hp_ProBook\.m2\repository\org\springframework\spring-jdbc\5.3.9\spring-jdbc-5.3.9.jar;C:\Users\Hp_ProBook\.m2\repository\jakarta\transaction\jakarta.transaction-api\1.3.3\jakarta.transaction-api-1.3.3.jar;C:\Users\Hp_ProBook\.m2\repository\jakarta\persistence\jakarta.persistence-api\2.2.3\jakarta.persistence-api-2.2.3.jar;C:\Users\Hp_ProBook\.m2\repository\org\hibernate\hibernate-core\5.4.32.Final\hibernate-core-5.4.32.Final.jar;C:\Users\Hp_ProBook\.m2\repository\org\jboss\logging\jboss-logging\3.4.2.Final\jboss-logging-3.4.2.Final.jar;C:\Users\Hp_ProBook\.m2\repository\org\javassist\javassist\3.27.0-GA\javassist-3.27.0-GA.jar;C:\Users\Hp_ProBook\.m2\repository\net\bytebuddy\byte-buddy\1.10.22\byte-buddy-1.10.22.jar;C:\Users\Hp_ProBook\.m2\repository\antlr\antlr\2.7.7\antlr-2.7.7.jar;C:\Users\Hp_ProBook\.m2\repository\org\jboss\jandex\2.2.3.Final\jandex-2.2.3.Final.jar;C:\Users\Hp_ProBook\.m2\repository\com\fasterxml\classmate\1.5.1\classmate-1.5.1.jar;C:\Users\Hp_ProBook\.m2\repository\org\dom4j\dom4j\2.1.3\dom4j-2.1.3.jar;C:\Users\Hp_ProBook\.m2\repository\org\hibernate\common\hibernate-commons-annotations\5.1.2.Final\hibernate-commons-annotations-5.1.2.Final.jar;C:\Users\Hp_ProBook\.
Launcher Type: SUN_STANDARD

[Global flags]
     intx CICompilerCount                          = 4                                         {product} {ergonomic}
     uint ConcGCThreads                            = 2                                         {product} {ergonomic}
     uint G1ConcRefinementThreads                  = 8                                         {product} {ergonomic}
   size_t G1HeapRegionSize                         = 1048576                                   {product} {ergonomic}
    uintx GCDrainStackTargetSize                   = 64                                        {product} {ergonomic}
   size_t InitialHeapSize                          = 132120576                                 {product} {ergonomic}
     bool ManagementServer                         = true                                      {product} {command line}
   size_t MarkStackSize                            = 4194304                                   {product} {ergonomic}
   size_t MaxHeapSize                              = 2113929216                                {product} {ergonomic}
   size_t MaxNewSize                               = 1267728384                                {product} {ergonomic}
   size_t MinHeapDeltaBytes                        = 1048576                                   {product} {ergonomic}
   size_t MinHeapSize                              = 8388608                                   {product} {ergonomic}
    uintx NonNMethodCodeHeapSize                   = 7549744                                {pd product} {ergonomic}
    uintx NonProfiledCodeHeapSize                  = 244108496                              {pd product} {ergonomic}
    uintx ProfiledCodeHeapSize                     = 0                                      {pd product} {ergonomic}
    uintx ReservedCodeCacheSize                    = 251658240                              {pd product} {ergonomic}
     bool SegmentedCodeCache                       = true                                      {product} {ergonomic}
     bool ShowCodeDetailsInExceptionMessages       = true                                   {manageable} {command line}
   size_t SoftMaxHeapSize                          = 2113929216                             {manageable} {ergonomic}
     intx TieredStopAtLevel                        = 1                                         {product} {command line}
     bool UseCompressedClassPointers               = true                           {product lp64_product} {ergonomic}
     bool UseCompressedOops                        = true                           {product lp64_product} {ergonomic}
     bool UseG1GC                                  = true                                      {product} {ergonomic}
     bool UseLargePagesIndividualAllocation        = false                                  {pd product} {ergonomic}

Logging:
Log output configuration:
 #0: stdout all=warning uptime,level,tags
 #1: stderr all=off uptime,level,tags

Environment Variables:
JAVA_HOME=C:\Program Files\Java\jdk1.8.0_121
PATH=C:/Users/Hp_ProBook/Downloads/sts-4.11.0.RELEASE//plugins/org.eclipse.justj.openjdk.hotspot.jre.full.win32.x86_64_16.0.1.v20210528-1205/jre/bin/server;C:/Users/Hp_ProBook/Downloads/sts-4.11.0.RELEASE//plugins/org.eclipse.justj.openjdk.hotspot.jre.full.win32.x86_64_16.0.1.v20210528-1205/jre/bin;C:\Program Files\Java\jdk1.8.0_121\bin;C:\WINDOWS;C:\WINDOWS\System32\Wbem;C:\WINDOWS\System32\WindowsPowerShell\v1.0\;C:\WINDOWS\System32\OpenSSH\;C:\Program Files (x86)\Intel\Intel(R) Management Engine Components\DAL;C:\Program Files\Intel\Intel(R) Management Engine Components\DAL;C:\Program Files\Intel\WiFi\bin\;C:\Program Files\Common Files\Intel\WirelessCommon\;C:\Program Files\Microsoft SQL Server\Client SDK\ODBC\130\Tools\Binn\;C:\Program Files (x86)\Microsoft SQL Server\140\Tools\Binn\;C:\Program Files\Microsoft SQL Server\140\Tools\Binn\;C:\Program Files\Microsoft SQL Server\140\DTS\Binn\;C:\Program Files (x86)\Microsoft SQL Server\150\DTS\Binn\;C:\WINDOWS\system32;C:\Program Files\Git\cmd;C:\Program Files\Git\mingw64\bin;C:\Program Files\Git\usr\bin;C:\Program Files\Docker\Docker\resources\bin;C:\ProgramData\DockerDesktop\version-bin;C:\Program Files\nodejs\;C:\Users\Hp_ProBook\AppData\Local\Microsoft\WindowsApps;C:\apache-maven-3.0.5\bin;C:\Users\Hp_ProBook\AppData\Local\Programs\Microsoft VS Code\bin;C:\Users\Hp_ProBook\AppData\Local\GitHubDesktop\bin;C:\Users\Hp_ProBook\AppData\Roaming\npm;C:\Users\Hp_ProBook\Downloads\sts-4.11.0.RELEASE;
USERNAME=Hp_ProBook
OS=Windows_NT
PROCESSOR_IDENTIFIER=Intel64 Family 6 Model 142 Stepping 11, GenuineIntel



---------------  S Y S T E M  ---------------

OS:
 Windows 10 , 64 bit Build 19041 (10.0.19041.1023)
OS uptime: 31 days 3:12 hours
Hyper-V role detected

CPU: total 8 (initial active 8) (4 cores per cpu, 2 threads per core) family 6 model 142 stepping 11 microcode 0xde, cx8, cmov, fxsr, ht, mmx, 3dnowpref, sse, sse2, sse3, ssse3, sse4.1, sse4.2, popcnt, lzcnt, tsc, tscinvbit, avx, avx2, aes, erms, clmul, bmi1, bmi2, adx, fma, vzeroupper, clflush, clflushopt, hv

Memory: 4k page, system-wide physical 8062M (825M free)
TotalPageFile size 20920M (AvailPageFile size 1M)
current process WorkingSet (physical memory assigned to process): 83M, peak: 83M
current process commit charge ("private bytes"): 219M, peak: 219M

vm_info: OpenJDK 64-Bit Server VM (16.0.1+9-24) for windows-amd64 JRE (16.0.1+9-24), built on Mar 26 2021 19:30:07 by "mach5one" with MS VC++ 16.7 (VS2019)

END.
