#
# There is insufficient memory for the Java Runtime Environment to continue.
# Native memory allocation (mmap) failed to map 38797312 bytes for G1 virtual space
# Possible reasons:
#   The system is out of physical RAM or swap space
#   The process is running with CompressedOops enabled, and the Java Heap may be blocking the growth of the native heap
# Possible solutions:
#   Reduce memory load on the system
#   Increase physical memory or swap space
#   Check if swap backing store is full
#   Decrease Java heap size (-Xmx/-Xms)
#   Decrease number of Java threads
#   Decrease Java thread stack sizes (-Xss)
#   Set larger code cache with -XX:ReservedCodeCacheSize=
#   JVM is running with Unscaled Compressed Oops mode in which the Java heap is
#     placed in the first 4GB address space. The Java Heap base address is the
#     maximum limit for the native heap growth. Please use -XX:HeapBaseMinAddress
#     to set the Java Heap base and to place the Java Heap above 4GB virtual address.
# This output file may be truncated or incomplete.
#
#  Out of Memory Error (os_windows.cpp:3466), pid=16072, tid=9616
#
# JRE version: OpenJDK Runtime Environment (16.0.1+9) (build 16.0.1+9-24)
# Java VM: OpenJDK 64-Bit Server VM (16.0.1+9-24, mixed mode, tiered, compressed oops, compressed class ptrs, g1 gc, windows-amd64)
# No core dump will be written. Minidumps are not enabled by default on client versions of Windows
#

---------------  S U M M A R Y ------------

Command Line: -Dcom.sun.management.jmxremote -Dcom.sun.management.jmxremote.port=55883 -Dcom.sun.management.jmxremote.authenticate=false -Dcom.sun.management.jmxremote.ssl=false -Djava.rmi.server.hostname=localhost -Dspring.jmx.enabled=true -Dspring.application.admin.enabled=true -XX:TieredStopAtLevel=1 -Dspring.boot.project.name=AG-payment-service -Dfile.encoding=UTF-8 -XX:+ShowCodeDetailsInExceptionMessages org.art.AgPaymentServiceApplication --spring.output.ansi.enabled=always

Host: Intel(R) Core(TM) i5-8265U CPU @ 1.60GHz, 8 cores, 7G,  Windows 10 , 64 bit Build 19041 (10.0.19041.1023)
Time: Thu Aug 26 14:15:43 2021 Afr. centrale Ouest elapsed time: 6.155175 seconds (0d 0h 0m 6s)

---------------  T H R E A D  ---------------

Current thread (0x000001ac3d7c0150):  VMThread "VM Thread" [stack: 0x0000005c40d00000,0x0000005c40e00000] [id=9616]

Stack: [0x0000005c40d00000,0x0000005c40e00000]
Native frames: (J=compiled Java code, j=interpreted, Vv=VM code, C=native code)
V  [jvm.dll+0x6687ca]
V  [jvm.dll+0x7ca3c9]
V  [jvm.dll+0x7cbb53]
V  [jvm.dll+0x7cc1b3]
V  [jvm.dll+0x242ea5]
V  [jvm.dll+0x665589]
V  [jvm.dll+0x65a175]
V  [jvm.dll+0x2fc5ab]
V  [jvm.dll+0x3037a6]
V  [jvm.dll+0x352fee]
V  [jvm.dll+0x35321f]
V  [jvm.dll+0x2d3618]
V  [jvm.dll+0x2d11a5]
V  [jvm.dll+0x2d07dc]
V  [jvm.dll+0x3158c2]
V  [jvm.dll+0x7d05eb]
V  [jvm.dll+0x7d12e4]
V  [jvm.dll+0x7d17e9]
V  [jvm.dll+0x7d1aa4]
V  [jvm.dll+0x7d1b70]
V  [jvm.dll+0x779b4a]
V  [jvm.dll+0x667666]
C  [ucrtbase.dll+0x21bb2]
C  [KERNEL32.DLL+0x17034]
C  [ntdll.dll+0x52651]

VM_Operation (0x0000005c42afd570): G1CollectForAllocation, mode: safepoint, requested by thread 0x000001ac3fd6a0a0


---------------  P R O C E S S  ---------------

Threads class SMR info:
_java_thread_list=0x000001ac404e6490, length=20, elements={
0x000001ac21a56030, 0x000001ac3d7d7260, 0x000001ac3d7da520, 0x000001ac3d7fb3e0,
0x000001ac3d7fbef0, 0x000001ac3e140920, 0x000001ac3e144ed0, 0x000001ac3e146030,
0x000001ac3e147120, 0x000001ac3d744f50, 0x000001ac3e301c00, 0x000001ac3e9af240,
0x000001ac3e9b2b50, 0x000001ac3e9b3070, 0x000001ac3e9aca20, 0x000001ac3ea37e30,
0x000001ac3ea3a770, 0x000001ac3ea635e0, 0x000001ac3fd69b50, 0x000001ac3fd6a0a0
}

Java Threads: ( => current thread )
  0x000001ac21a56030 JavaThread "main" [_thread_blocked, id=10624, stack(0x0000005c40700000,0x0000005c40800000)]
  0x000001ac3d7d7260 JavaThread "Reference Handler" daemon [_thread_blocked, id=11680, stack(0x0000005c40e00000,0x0000005c40f00000)]
  0x000001ac3d7da520 JavaThread "Finalizer" daemon [_thread_blocked, id=14044, stack(0x0000005c40f00000,0x0000005c41000000)]
  0x000001ac3d7fb3e0 JavaThread "Signal Dispatcher" daemon [_thread_blocked, id=18488, stack(0x0000005c41000000,0x0000005c41100000)]
  0x000001ac3d7fbef0 JavaThread "Attach Listener" daemon [_thread_blocked, id=15644, stack(0x0000005c41100000,0x0000005c41200000)]
  0x000001ac3e140920 JavaThread "Service Thread" daemon [_thread_blocked, id=4168, stack(0x0000005c41200000,0x0000005c41300000)]
  0x000001ac3e144ed0 JavaThread "Monitor Deflation Thread" daemon [_thread_blocked, id=20816, stack(0x0000005c41300000,0x0000005c41400000)]
  0x000001ac3e146030 JavaThread "C1 CompilerThread0" daemon [_thread_blocked, id=1164, stack(0x0000005c41400000,0x0000005c41500000)]
  0x000001ac3e147120 JavaThread "Sweeper thread" daemon [_thread_blocked, id=3244, stack(0x0000005c41500000,0x0000005c41600000)]
  0x000001ac3d744f50 JavaThread "Common-Cleaner" daemon [_thread_blocked, id=13048, stack(0x0000005c41600000,0x0000005c41700000)]
  0x000001ac3e301c00 JavaThread "Notification Thread" daemon [_thread_blocked, id=1544, stack(0x0000005c41700000,0x0000005c41800000)]
  0x000001ac3e9af240 JavaThread "RMI TCP Accept-0" daemon [_thread_in_native, id=18012, stack(0x0000005c41800000,0x0000005c41900000)]
  0x000001ac3e9b2b50 JavaThread "RMI TCP Accept-55883" daemon [_thread_in_native, id=2276, stack(0x0000005c41900000,0x0000005c41a00000)]
  0x000001ac3e9b3070 JavaThread "RMI TCP Connection(1)-127.0.0.1" daemon [_thread_in_native, id=19080, stack(0x0000005c41a00000,0x0000005c41b00000)]
  0x000001ac3e9aca20 JavaThread "RMI TCP Accept-0" daemon [_thread_in_native, id=21116, stack(0x0000005c41b00000,0x0000005c41c00000)]
  0x000001ac3ea37e30 JavaThread "RMI Scheduler(0)" daemon [_thread_blocked, id=11160, stack(0x0000005c41d00000,0x0000005c41e00000)]
  0x000001ac3ea3a770 JavaThread "RMI TCP Connection(2)-127.0.0.1" daemon [_thread_in_native, id=14248, stack(0x0000005c41e00000,0x0000005c41f00000)]
  0x000001ac3ea635e0 JavaThread "JMX server connection timeout 22" daemon [_thread_blocked, id=2340, stack(0x0000005c41f00000,0x0000005c42000000)]
  0x000001ac3fd69b50 JavaThread "Thread-0" [_thread_blocked, id=16156, stack(0x0000005c42900000,0x0000005c42a00000)]
  0x000001ac3fd6a0a0 JavaThread "restartedMain" [_thread_blocked, id=13920, stack(0x0000005c42a00000,0x0000005c42b00000)]

Other Threads:
=>0x000001ac3d7c0150 VMThread "VM Thread" [stack: 0x0000005c40d00000,0x0000005c40e00000] [id=9616]
  0x000001ac218aa190 WatcherThread [stack: 0x0000005c41c00000,0x0000005c41d00000] [id=19344]
  0x000001ac21a91bd0 GCTaskThread "GC Thread#0" [stack: 0x0000005c40800000,0x0000005c40900000] [id=1992]
  0x000001ac3ea807f0 GCTaskThread "GC Thread#1" [stack: 0x0000005c42000000,0x0000005c42100000] [id=10152]
  0x000001ac3ea80b00 GCTaskThread "GC Thread#2" [stack: 0x0000005c42100000,0x0000005c42200000] [id=17636]
  0x000001ac3eb8f210 GCTaskThread "GC Thread#3" [stack: 0x0000005c42200000,0x0000005c42300000] [id=19896]
  0x000001ac3eb8f520 GCTaskThread "GC Thread#4" [stack: 0x0000005c42300000,0x0000005c42400000] [id=3720]
  0x000001ac3eb90040 GCTaskThread "GC Thread#5" [stack: 0x0000005c42400000,0x0000005c42500000] [id=5340]
  0x000001ac3eb90b60 GCTaskThread "GC Thread#6" [stack: 0x0000005c42500000,0x0000005c42600000] [id=1608]
  0x000001ac3eb91e10 GCTaskThread "GC Thread#7" [stack: 0x0000005c42600000,0x0000005c42700000] [id=10080]
  0x000001ac21aa2df0 ConcurrentGCThread "G1 Main Marker" [stack: 0x0000005c40900000,0x0000005c40a00000] [id=15000]
  0x000001ac21aa5630 ConcurrentGCThread "G1 Conc#0" [stack: 0x0000005c40a00000,0x0000005c40b00000] [id=18608]
  0x000001ac3eb92120 ConcurrentGCThread "G1 Conc#1" [stack: 0x0000005c42c00000,0x0000005c42d00000] [id=4144]
  0x000001ac21b10450 ConcurrentGCThread "G1 Refine#0" [stack: 0x0000005c40b00000,0x0000005c40c00000] [id=14548]
  0x000001ac3ea80e10 ConcurrentGCThread "G1 Refine#1" [stack: 0x0000005c42700000,0x0000005c42800000] [id=10088]
  0x000001ac3e3fb980 ConcurrentGCThread "G1 Refine#2" [stack: 0x0000005c42800000,0x0000005c42900000] [id=15920]
  0x000001ac21b10c80 ConcurrentGCThread "G1 Service" [stack: 0x0000005c40c00000,0x0000005c40d00000] [id=19192]

Threads with active compile tasks:

VM state: at safepoint (normal execution)

VM Mutex/Monitor currently owned by a thread:  ([mutex/lock_event])
[0x000001ac21a51de0] Threads_lock - owner thread: 0x000001ac3d7c0150
[0x000001ac21a517b0] Heap_lock - owner thread: 0x000001ac3fd6a0a0

Heap address: 0x0000000082000000, size: 2016 MB, Compressed Oops mode: 32-bit

CDS disabled.
Compressed class space mapped at: 0x0000000100000000-0x0000000140000000, reserved size: 1073741824
Narrow klass base: 0x0000000000000000, Narrow klass shift: 3, Narrow klass range: 0x140000000

GC Precious Log:
 CPUs: 8 total, 8 available
 Memory: 8062M
 Large Page Support: Disabled
 NUMA Support: Disabled
 Compressed Oops: Enabled (32-bit)
 Heap Region Size: 1M
 Heap Min Capacity: 8M
 Heap Initial Capacity: 126M
 Heap Max Capacity: 2016M
 Pre-touch: Disabled
 Parallel Workers: 8
 Concurrent Workers: 2
 Concurrent Refinement Workers: 8
 Periodic GC: Disabled

Heap:
 garbage-first heap   total 65536K, used 22656K [0x0000000082000000, 0x0000000100000000)
  region size 1024K, 4 young (4096K), 4 survivors (4096K)
 Metaspace       used 41304K, committed 41664K, reserved 1089536K
  class space    used 5325K, committed 5504K, reserved 1048576K

Heap Regions: E=young(eden), S=young(survivor), O=old, HS=humongous(starts), HC=humongous(continues), CS=collection set, F=free, OA=open archive, CA=closed archive, TAMS=top-at-mark-start (previous, next)
|   0|0x0000000082000000, 0x0000000082100000, 0x0000000082100000|100%|HS|  |TAMS 0x0000000082100000, 0x0000000082000000| Complete 
|   1|0x0000000082100000, 0x0000000082200000, 0x0000000082200000|100%| O|  |TAMS 0x0000000082200000, 0x0000000082100000| Untracked 
|   2|0x0000000082200000, 0x0000000082300000, 0x0000000082300000|100%| O|  |TAMS 0x0000000082300000, 0x0000000082200000| Untracked 
|   3|0x0000000082300000, 0x0000000082400000, 0x0000000082400000|100%| O|  |TAMS 0x0000000082400000, 0x0000000082300000| Untracked 
|   4|0x0000000082400000, 0x0000000082500000, 0x0000000082500000|100%| O|  |TAMS 0x0000000082500000, 0x0000000082400000| Untracked 
|   5|0x0000000082500000, 0x0000000082600000, 0x0000000082600000|100%| O|  |TAMS 0x0000000082600000, 0x0000000082500000| Untracked 
|   6|0x0000000082600000, 0x0000000082700000, 0x0000000082700000|100%| O|  |TAMS 0x0000000082700000, 0x0000000082600000| Untracked 
|   7|0x0000000082700000, 0x0000000082800000, 0x0000000082800000|100%| O|  |TAMS 0x0000000082800000, 0x0000000082700000| Untracked 
|   8|0x0000000082800000, 0x0000000082872000, 0x0000000082900000| 44%| O|  |TAMS 0x0000000082872000, 0x0000000082800000| Untracked 
|   9|0x0000000082900000, 0x0000000082a00000, 0x0000000082a00000|100%| O|  |TAMS 0x0000000082a00000, 0x0000000082900000| Untracked 
|  10|0x0000000082a00000, 0x0000000082b00000, 0x0000000082b00000|100%| O|  |TAMS 0x0000000082b00000, 0x0000000082a00000| Untracked 
|  11|0x0000000082b00000, 0x0000000082c00000, 0x0000000082c00000|100%| O|  |TAMS 0x0000000082c00000, 0x0000000082b00000| Untracked 
|  12|0x0000000082c00000, 0x0000000082d00000, 0x0000000082d00000|100%| O|  |TAMS 0x0000000082d00000, 0x0000000082c00000| Untracked 
|  13|0x0000000082d00000, 0x0000000082e00000, 0x0000000082e00000|100%| O|  |TAMS 0x0000000082d28c00, 0x0000000082d00000| Untracked 
|  14|0x0000000082e00000, 0x0000000082eb3c00, 0x0000000082f00000| 70%| O|  |TAMS 0x0000000082e00000, 0x0000000082e00000| Untracked 
|  15|0x0000000082f00000, 0x0000000083000000, 0x0000000083000000|100%| O|  |TAMS 0x0000000082f00000, 0x0000000082f00000| Untracked 
|  16|0x0000000083000000, 0x0000000083100000, 0x0000000083100000|100%| O|  |TAMS 0x0000000083000000, 0x0000000083000000| Untracked 
|  17|0x0000000083100000, 0x0000000083200000, 0x0000000083200000|100%| O|  |TAMS 0x0000000083100000, 0x0000000083100000| Untracked 
|  18|0x0000000083200000, 0x0000000083300000, 0x0000000083300000|100%| O|  |TAMS 0x0000000083200000, 0x0000000083200000| Untracked 
|  19|0x0000000083300000, 0x00000000833c3400, 0x0000000083400000| 76%| O|  |TAMS 0x0000000083300000, 0x0000000083300000| Untracked 
|  20|0x0000000083400000, 0x0000000083400000, 0x0000000083500000|  0%| F|  |TAMS 0x0000000083400000, 0x0000000083400000| Untracked 
|  21|0x0000000083500000, 0x0000000083500000, 0x0000000083600000|  0%| F|  |TAMS 0x0000000083500000, 0x0000000083500000| Untracked 
|  22|0x0000000083600000, 0x0000000083600000, 0x0000000083700000|  0%| F|  |TAMS 0x0000000083600000, 0x0000000083600000| Untracked 
|  23|0x0000000083700000, 0x0000000083700000, 0x0000000083800000|  0%| F|  |TAMS 0x0000000083700000, 0x0000000083700000| Untracked 
|  24|0x0000000083800000, 0x0000000083800000, 0x0000000083900000|  0%| F|  |TAMS 0x0000000083800000, 0x0000000083800000| Untracked 
|  25|0x0000000083900000, 0x0000000083900000, 0x0000000083a00000|  0%| F|  |TAMS 0x0000000083900000, 0x0000000083900000| Untracked 
|  26|0x0000000083a00000, 0x0000000083a00000, 0x0000000083b00000|  0%| F|  |TAMS 0x0000000083a00000, 0x0000000083a00000| Untracked 
|  27|0x0000000083b00000, 0x0000000083b00000, 0x0000000083c00000|  0%| F|  |TAMS 0x0000000083b00000, 0x0000000083b00000| Untracked 
|  28|0x0000000083c00000, 0x0000000083c00000, 0x0000000083d00000|  0%| F|  |TAMS 0x0000000083c00000, 0x0000000083c00000| Untracked 
|  29|0x0000000083d00000, 0x0000000083d37260, 0x0000000083e00000| 21%| S|CS|TAMS 0x0000000083d00000, 0x0000000083d00000| Complete 
|  30|0x0000000083e00000, 0x0000000083f00000, 0x0000000083f00000|100%| S|CS|TAMS 0x0000000083e00000, 0x0000000083e00000| Complete 
|  31|0x0000000083f00000, 0x0000000084000000, 0x0000000084000000|100%| S|CS|TAMS 0x0000000083f00000, 0x0000000083f00000| Complete 
|  32|0x0000000084000000, 0x0000000084100000, 0x0000000084100000|100%| S|CS|TAMS 0x0000000084000000, 0x0000000084000000| Complete 
|  33|0x0000000084100000, 0x0000000084100000, 0x0000000084200000|  0%| F|  |TAMS 0x0000000084100000, 0x0000000084100000| Untracked 
|  34|0x0000000084200000, 0x0000000084200000, 0x0000000084300000|  0%| F|  |TAMS 0x0000000084200000, 0x0000000084200000| Untracked 
|  35|0x0000000084300000, 0x0000000084300000, 0x0000000084400000|  0%| F|  |TAMS 0x0000000084300000, 0x0000000084300000| Untracked 
|  36|0x0000000084400000, 0x0000000084400000, 0x0000000084500000|  0%| F|  |TAMS 0x0000000084400000, 0x0000000084400000| Untracked 
|  37|0x0000000084500000, 0x0000000084500000, 0x0000000084600000|  0%| F|  |TAMS 0x0000000084500000, 0x0000000084500000| Untracked 
|  38|0x0000000084600000, 0x0000000084600000, 0x0000000084700000|  0%| F|  |TAMS 0x0000000084600000, 0x0000000084600000| Untracked 
|  39|0x0000000084700000, 0x0000000084700000, 0x0000000084800000|  0%| F|  |TAMS 0x0000000084700000, 0x0000000084700000| Untracked 
|  40|0x0000000084800000, 0x0000000084800000, 0x0000000084900000|  0%| F|  |TAMS 0x0000000084800000, 0x0000000084800000| Untracked 
|  41|0x0000000084900000, 0x0000000084900000, 0x0000000084a00000|  0%| F|  |TAMS 0x0000000084900000, 0x0000000084900000| Untracked 
|  42|0x0000000084a00000, 0x0000000084a00000, 0x0000000084b00000|  0%| F|  |TAMS 0x0000000084a00000, 0x0000000084a00000| Untracked 
|  43|0x0000000084b00000, 0x0000000084b00000, 0x0000000084c00000|  0%| F|  |TAMS 0x0000000084b00000, 0x0000000084b00000| Untracked 
|  44|0x0000000084c00000, 0x0000000084c00000, 0x0000000084d00000|  0%| F|  |TAMS 0x0000000084c00000, 0x0000000084c00000| Untracked 
|  45|0x0000000084d00000, 0x0000000084d00000, 0x0000000084e00000|  0%| F|  |TAMS 0x0000000084d00000, 0x0000000084d00000| Untracked 
|  46|0x0000000084e00000, 0x0000000084e00000, 0x0000000084f00000|  0%| F|  |TAMS 0x0000000084e00000, 0x0000000084e00000| Untracked 
|  47|0x0000000084f00000, 0x0000000084f00000, 0x0000000085000000|  0%| F|  |TAMS 0x0000000084f00000, 0x0000000084f00000| Untracked 
|  48|0x0000000085000000, 0x0000000085000000, 0x0000000085100000|  0%| F|  |TAMS 0x0000000085000000, 0x0000000085000000| Untracked 
|  49|0x0000000085100000, 0x0000000085100000, 0x0000000085200000|  0%| F|  |TAMS 0x0000000085100000, 0x0000000085100000| Untracked 
|  50|0x0000000085200000, 0x0000000085200000, 0x0000000085300000|  0%| F|  |TAMS 0x0000000085200000, 0x0000000085200000| Untracked 
|  51|0x0000000085300000, 0x0000000085300000, 0x0000000085400000|  0%| F|  |TAMS 0x0000000085300000, 0x0000000085300000| Untracked 
|  52|0x0000000085400000, 0x0000000085400000, 0x0000000085500000|  0%| F|  |TAMS 0x0000000085400000, 0x0000000085400000| Untracked 
|  53|0x0000000085500000, 0x0000000085500000, 0x0000000085600000|  0%| F|  |TAMS 0x0000000085500000, 0x0000000085500000| Untracked 
|  54|0x0000000085600000, 0x0000000085600000, 0x0000000085700000|  0%| F|  |TAMS 0x0000000085600000, 0x0000000085600000| Untracked 
|  55|0x0000000085700000, 0x0000000085700000, 0x0000000085800000|  0%| F|  |TAMS 0x0000000085700000, 0x0000000085700000| Untracked 
|  56|0x0000000085800000, 0x0000000085800000, 0x0000000085900000|  0%| F|  |TAMS 0x0000000085800000, 0x0000000085800000| Untracked 
|  57|0x0000000085900000, 0x0000000085900000, 0x0000000085a00000|  0%| F|  |TAMS 0x0000000085900000, 0x0000000085900000| Untracked 
|  58|0x0000000085a00000, 0x0000000085a00000, 0x0000000085b00000|  0%| F|  |TAMS 0x0000000085a00000, 0x0000000085a00000| Untracked 
|  59|0x0000000085b00000, 0x0000000085b00000, 0x0000000085c00000|  0%| F|  |TAMS 0x0000000085b00000, 0x0000000085b00000| Untracked 
|  97|0x0000000088100000, 0x0000000088100000, 0x0000000088200000|  0%| F|  |TAMS 0x0000000088100000, 0x0000000088100000| Untracked 
|  98|0x0000000088200000, 0x0000000088200000, 0x0000000088300000|  0%| F|  |TAMS 0x0000000088200000, 0x0000000088200000| Untracked 
|  99|0x0000000088300000, 0x0000000088300000, 0x0000000088400000|  0%| F|  |TAMS 0x0000000088300000, 0x0000000088300000| Untracked 
| 125|0x0000000089d00000, 0x0000000089d00000, 0x0000000089e00000|  0%| F|  |TAMS 0x0000000089d00000, 0x0000000089d00000| Untracked 

Card table byte_map: [0x000001ac36610000,0x000001ac36a00000] _byte_map_base: 0x000001ac36200000

Marking Bits (Prev, Next): (CMBitMap*) 0x000001ac21a91ff0, (CMBitMap*) 0x000001ac21a92030
 Prev Bits: [0x000001ac36df0000, 0x000001ac38d70000)
 Next Bits: [0x000001ac38d70000, 0x000001ac3acf0000)

Polling page: 0x000001ac21b20000

Metaspace:

Usage:
  Non-class:     35.14 MB used.
      Class:      5.20 MB used.
       Both:     40.34 MB used.

Virtual space:
  Non-class space:       40.00 MB reserved,      35.31 MB ( 88%) committed,  5 nodes.
      Class space:        1.00 GB reserved,       5.38 MB ( <1%) committed,  1 nodes.
              Both:        1.04 GB reserved,      40.69 MB (  4%) committed. 

Chunk freelists:
   Non-Class:  327.00 KB
       Class:  2.64 MB
        Both:  2.96 MB

MaxMetaspaceSize: 17179869184.00 GB
CompressedClassSpaceSize: 1.00 GB
 - commit_granule_bytes: 65536.
 - commit_granule_words: 8192.
 - virtual_space_node_default_size: 1048576.
 - enlarge_chunks_in_place: 1.
 - new_chunks_are_fully_committed: 0.
 - uncommit_free_chunks: 1.
 - use_allocation_guard: 0.
 - handle_deallocations: 1.


Internal statistics:

num_allocs_failed_limit: 6.
num_arena_births: 460.
num_arena_deaths: 0.
num_vsnodes_births: 6.
num_vsnodes_deaths: 0.
num_space_committed: 651.
num_space_uncommitted: 0.
num_chunks_returned_to_freelist: 6.
num_chunks_taken_from_freelist: 1586.
num_chunk_merges: 6.
num_chunk_splits: 1062.
num_chunks_enlarged: 771.
num_purges: 0.

CodeHeap 'non-profiled nmethods': size=238336Kb used=6161Kb max_used=6161Kb free=232174Kb
 bounds [0x000001ac26f00000, 0x000001ac27510000, 0x000001ac357c0000]
CodeHeap 'non-nmethods': size=7424Kb used=1196Kb max_used=1196Kb free=6227Kb
 bounds [0x000001ac267c0000, 0x000001ac26a30000, 0x000001ac26f00000]
 total_blobs=4346 nmethods=3853 adapters=420
 compilation: enabled
              stopped_count=0, restarted_count=0
 full_count=0

Compilation events (20 events):
Event: 6.091 Thread 0x000001ac3e146030 3845       1       jdk.internal.util.ArraysSupport::mismatch (73 bytes)
Event: 6.091 Thread 0x000001ac3e146030 nmethod 3845 0x000001ac27500810 code [0x000001ac275009e0, 0x000001ac27500c58]
Event: 6.091 Thread 0x000001ac3e146030 3846       1       sun.security.x509.X509AttributeName::getSuffix (5 bytes)
Event: 6.092 Thread 0x000001ac3e146030 nmethod 3846 0x000001ac27500e10 code [0x000001ac27500fa0, 0x000001ac27501078]
Event: 6.093 Thread 0x000001ac3e146030 3847       1       sun.security.util.DerValue::subs (75 bytes)
Event: 6.094 Thread 0x000001ac3e146030 nmethod 3847 0x000001ac27501110 code [0x000001ac27501320, 0x000001ac27501878]
Event: 6.094 Thread 0x000001ac3e146030 3848       1       sun.security.x509.X509AttributeName::getPrefix (5 bytes)
Event: 6.094 Thread 0x000001ac3e146030 nmethod 3848 0x000001ac27501b90 code [0x000001ac27501d20, 0x000001ac27501df8]
Event: 6.094 Thread 0x000001ac3e146030 3849       1       java.security.Provider$ServiceKey::<init> (39 bytes)
Event: 6.095 Thread 0x000001ac3e146030 nmethod 3849 0x000001ac27501e90 code [0x000001ac27502060, 0x000001ac27502308]
Event: 6.108 Thread 0x000001ac3e146030 3851       1       java.math.MutableBigInteger::leftShift (293 bytes)
Event: 6.109 Thread 0x000001ac3e146030 nmethod 3851 0x000001ac27502410 code [0x000001ac27502620, 0x000001ac27502b58]
Event: 6.109 Thread 0x000001ac3e146030 3853       1       java.math.MutableBigInteger::divWord (108 bytes)
Event: 6.109 Thread 0x000001ac3e146030 nmethod 3853 0x000001ac27502e10 code [0x000001ac27502fc0, 0x000001ac27503198]
Event: 6.109 Thread 0x000001ac3e146030 3850       1       java.math.MutableBigInteger::rightShift (79 bytes)
Event: 6.109 Thread 0x000001ac3e146030 nmethod 3850 0x000001ac27503290 code [0x000001ac27503460, 0x000001ac27503688]
Event: 6.109 Thread 0x000001ac3e146030 3852       1       java.math.SignedMutableBigInteger::signedSubtract (34 bytes)
Event: 6.109 Thread 0x000001ac3e146030 nmethod 3852 0x000001ac27503810 code [0x000001ac275039c0, 0x000001ac27503b18]
Event: 6.109 Thread 0x000001ac3e146030 3854       1       java.util.Arrays::copyOfRange (64 bytes)
Event: 6.110 Thread 0x000001ac3e146030 nmethod 3854 0x000001ac27503c10 code [0x000001ac27503e20, 0x000001ac27504338]

GC Heap History (20 events):
Event: 1.585 GC heap after
{Heap after GC invocations=2 (full 0):
 garbage-first heap   total 129024K, used 10195K [0x0000000082000000, 0x0000000100000000)
  region size 1024K, 2 young (2048K), 2 survivors (2048K)
 Metaspace       used 16123K, committed 16320K, reserved 1064960K
  class space    used 1705K, committed 1792K, reserved 1048576K
}
Event: 1.666 GC heap before
{Heap before GC invocations=2 (full 0):
 garbage-first heap   total 129024K, used 53203K [0x0000000082000000, 0x0000000100000000)
  region size 1024K, 44 young (45056K), 2 survivors (2048K)
 Metaspace       used 16123K, committed 16320K, reserved 1064960K
  class space    used 1705K, committed 1792K, reserved 1048576K
}
Event: 1.671 GC heap after
{Heap after GC invocations=3 (full 0):
 garbage-first heap   total 129024K, used 10155K [0x0000000082000000, 0x0000000100000000)
  region size 1024K, 2 young (2048K), 2 survivors (2048K)
 Metaspace       used 16123K, committed 16320K, reserved 1064960K
  class space    used 1705K, committed 1792K, reserved 1048576K
}
Event: 2.765 GC heap before
{Heap before GC invocations=3 (full 0):
 garbage-first heap   total 129024K, used 34731K [0x0000000082000000, 0x0000000100000000)
  region size 1024K, 27 young (27648K), 2 survivors (2048K)
 Metaspace       used 21012K, committed 21248K, reserved 1073152K
  class space    used 2396K, committed 2496K, reserved 1048576K
}
Event: 2.770 GC heap after
{Heap after GC invocations=4 (full 0):
 garbage-first heap   total 129024K, used 11753K [0x0000000082000000, 0x0000000100000000)
  region size 1024K, 4 young (4096K), 4 survivors (4096K)
 Metaspace       used 21012K, committed 21248K, reserved 1073152K
  class space    used 2396K, committed 2496K, reserved 1048576K
}
Event: 3.345 GC heap before
{Heap before GC invocations=5 (full 0):
 garbage-first heap   total 51200K, used 48617K [0x0000000082000000, 0x0000000100000000)
  region size 1024K, 41 young (41984K), 4 survivors (4096K)
 Metaspace       used 26386K, committed 26624K, reserved 1073152K
  class space    used 3228K, committed 3328K, reserved 1048576K
}
Event: 3.352 GC heap after
{Heap after GC invocations=6 (full 0):
 garbage-first heap   total 56320K, used 13356K [0x0000000082000000, 0x0000000100000000)
  region size 1024K, 5 young (5120K), 5 survivors (5120K)
 Metaspace       used 26386K, committed 26624K, reserved 1073152K
  class space    used 3228K, committed 3328K, reserved 1048576K
}
Event: 3.358 GC heap before
{Heap before GC invocations=6 (full 0):
 garbage-first heap   total 56320K, used 37932K [0x0000000082000000, 0x0000000100000000)
  region size 1024K, 30 young (30720K), 5 survivors (5120K)
 Metaspace       used 26420K, committed 26624K, reserved 1073152K
  class space    used 3231K, committed 3328K, reserved 1048576K
}
Event: 3.363 GC heap after
{Heap after GC invocations=7 (full 0):
 garbage-first heap   total 70656K, used 13476K [0x0000000082000000, 0x0000000100000000)
  region size 1024K, 2 young (2048K), 2 survivors (2048K)
 Metaspace       used 26420K, committed 26624K, reserved 1073152K
  class space    used 3231K, committed 3328K, reserved 1048576K
}
Event: 3.931 GC heap before
{Heap before GC invocations=7 (full 0):
 garbage-first heap   total 70656K, used 52388K [0x0000000082000000, 0x0000000100000000)
  region size 1024K, 41 young (41984K), 2 survivors (2048K)
 Metaspace       used 31259K, committed 31552K, reserved 1081344K
  class space    used 3814K, committed 3968K, reserved 1048576K
}
Event: 3.936 GC heap after
{Heap after GC invocations=8 (full 0):
 garbage-first heap   total 70656K, used 15043K [0x0000000082000000, 0x0000000100000000)
  region size 1024K, 4 young (4096K), 4 survivors (4096K)
 Metaspace       used 31259K, committed 31552K, reserved 1081344K
  class space    used 3814K, committed 3968K, reserved 1048576K
}
Event: 4.881 GC heap before
{Heap before GC invocations=8 (full 0):
 garbage-first heap   total 70656K, used 52931K [0x0000000082000000, 0x0000000100000000)
  region size 1024K, 41 young (41984K), 4 survivors (4096K)
 Metaspace       used 35221K, committed 35520K, reserved 1081344K
  class space    used 4496K, committed 4672K, reserved 1048576K
}
Event: 4.887 GC heap after
{Heap after GC invocations=9 (full 0):
 garbage-first heap   total 70656K, used 16689K [0x0000000082000000, 0x0000000100000000)
  region size 1024K, 4 young (4096K), 4 survivors (4096K)
 Metaspace       used 35221K, committed 35520K, reserved 1081344K
  class space    used 4496K, committed 4672K, reserved 1048576K
}
Event: 4.950 GC heap before
{Heap before GC invocations=9 (full 0):
 garbage-first heap   total 70656K, used 18737K [0x0000000082000000, 0x0000000100000000)
  region size 1024K, 7 young (7168K), 4 survivors (4096K)
 Metaspace       used 35534K, committed 35840K, reserved 1081344K
  class space    used 4553K, committed 4736K, reserved 1048576K
}
Event: 4.955 GC heap after
{Heap after GC invocations=10 (full 0):
 garbage-first heap   total 70656K, used 17009K [0x0000000082000000, 0x0000000100000000)
  region size 1024K, 3 young (3072K), 3 survivors (3072K)
 Metaspace       used 35534K, committed 35840K, reserved 1081344K
  class space    used 4553K, committed 4736K, reserved 1048576K
}
Event: 5.801 GC heap before
{Heap before GC invocations=11 (full 0):
 garbage-first heap   total 65536K, used 51825K [0x0000000082000000, 0x0000000100000000)
  region size 1024K, 38 young (38912K), 3 survivors (3072K)
 Metaspace       used 39931K, committed 40320K, reserved 1089536K
  class space    used 5187K, committed 5376K, reserved 1048576K
}
Event: 5.811 GC heap after
{Heap after GC invocations=12 (full 0):
 garbage-first heap   total 65536K, used 19607K [0x0000000082000000, 0x0000000100000000)
  region size 1024K, 5 young (5120K), 5 survivors (5120K)
 Metaspace       used 39931K, committed 40320K, reserved 1089536K
  class space    used 5187K, committed 5376K, reserved 1048576K
}
Event: 5.821 GC heap before
{Heap before GC invocations=12 (full 0):
 garbage-first heap   total 65536K, used 49303K [0x0000000082000000, 0x0000000100000000)
  region size 1024K, 35 young (35840K), 5 survivors (5120K)
 Metaspace       used 39931K, committed 40320K, reserved 1089536K
  class space    used 5187K, committed 5376K, reserved 1048576K
}
Event: 5.827 GC heap after
{Heap after GC invocations=13 (full 0):
 garbage-first heap   total 65536K, used 19937K [0x0000000082000000, 0x0000000100000000)
  region size 1024K, 1 young (1024K), 1 survivors (1024K)
 Metaspace       used 39931K, committed 40320K, reserved 1089536K
  class space    used 5187K, committed 5376K, reserved 1048576K
}
Event: 6.148 GC heap before
{Heap before GC invocations=13 (full 0):
 garbage-first heap   total 65536K, used 56801K [0x0000000082000000, 0x0000000100000000)
  region size 1024K, 31 young (31744K), 1 survivors (1024K)
 Metaspace       used 41304K, committed 41664K, reserved 1089536K
  class space    used 5325K, committed 5504K, reserved 1048576K
}

Deoptimization events (2 events):
Event: 4.412 Thread 0x000001ac3fd6a0a0 DEOPT PACKING pc=0x000001ac2721e6bc sp=0x0000005c42afd060
Event: 4.412 Thread 0x000001ac3fd6a0a0 DEOPT UNPACKING pc=0x000001ac2680dece sp=0x0000005c42afc5b8 mode 0

Classes unloaded (0 events):
No events

Classes redefined (0 events):
No events

Internal exceptions (20 events):
Event: 5.224 Thread 0x000001ac3fd6a0a0 Exception <a 'java/lang/ClassNotFoundException'{0x00000000853e4620}: org/springframework/beans/factory/config/BeanPostProcessorCustomizer> (0x00000000853e4620) 
thrown [t:\workspace\open\src\hotspot\share\classfile\systemDictionary.cpp, line 256]
Event: 5.225 Thread 0x000001ac3fd6a0a0 Exception <a 'java/lang/ClassNotFoundException'{0x00000000853ebf18}: org/springframework/beans/factory/BeanFactoryAwareCustomizer> (0x00000000853ebf18) 
thrown [t:\workspace\open\src\hotspot\share\classfile\systemDictionary.cpp, line 256]
Event: 5.225 Thread 0x000001ac3fd6a0a0 Exception <a 'java/lang/ClassNotFoundException'{0x00000000853f3590}: org/springframework/beans/factory/AwareCustomizer> (0x00000000853f3590) 
thrown [t:\workspace\open\src\hotspot\share\classfile\systemDictionary.cpp, line 256]
Event: 5.226 Thread 0x000001ac3fd6a0a0 Exception <a 'java/lang/ClassNotFoundException'{0x00000000853f8f58}: org/springframework/core/OrderedCustomizer> (0x00000000853f8f58) 
thrown [t:\workspace\open\src\hotspot\share\classfile\systemDictionary.cpp, line 256]
Event: 5.227 Thread 0x000001ac3fd6a0a0 Exception <a 'java/lang/ClassNotFoundException'{0x00000000853ffc18}: org/springframework/beans/factory/BeanClassLoaderAwareCustomizer> (0x00000000853ffc18) 
thrown [t:\workspace\open\src\hotspot\share\classfile\systemDictionary.cpp, line 256]
Event: 5.228 Thread 0x000001ac3fd6a0a0 Exception <a 'java/lang/ClassNotFoundException'{0x0000000085206c38}: org/springframework/beans/factory/AwareCustomizer> (0x0000000085206c38) 
thrown [t:\workspace\open\src\hotspot\share\classfile\systemDictionary.cpp, line 256]
Event: 5.228 Thread 0x000001ac3fd6a0a0 Exception <a 'java/lang/ClassNotFoundException'{0x000000008520cdc0}: org/springframework/aop/framework/AopInfrastructureBeanCustomizer> (0x000000008520cdc0) 
thrown [t:\workspace\open\src\hotspot\share\classfile\systemDictionary.cpp, line 256]
Event: 5.263 Thread 0x000001ac3fd6a0a0 Exception <a 'java/lang/ClassNotFoundException'{0x00000000852e39f0}: java/lang/ObjectCustomizer> (0x00000000852e39f0) 
thrown [t:\workspace\open\src\hotspot\share\classfile\systemDictionary.cpp, line 256]
Event: 5.265 Thread 0x000001ac3fd6a0a0 Exception <a 'java/lang/ClassNotFoundException'{0x00000000852ee5a8}: org/springframework/transaction/annotation/AbstractTransactionManagementConfigurationCustomizer> (0x00000000852ee5a8) 
thrown [t:\workspace\open\src\hotspot\share\classfile\systemDictionary.cpp, line 256]
Event: 5.266 Thread 0x000001ac3fd6a0a0 Exception <a 'java/lang/ClassNotFoundException'{0x00000000852f7b40}: org/springframework/transaction/annotation/ProxyTransactionManagementConfigurationCustomizer> (0x00000000852f7b40) 
thrown [t:\workspace\open\src\hotspot\share\classfile\systemDictionary.cpp, line 256]
Event: 5.267 Thread 0x000001ac3fd6a0a0 Exception <a 'java/lang/ClassNotFoundException'{0x0000000085102878}: org/springframework/context/annotation/ImportAwareCustomizer> (0x0000000085102878) 
thrown [t:\workspace\open\src\hotspot\share\classfile\systemDictionary.cpp, line 256]
Event: 5.268 Thread 0x000001ac3fd6a0a0 Exception <a 'java/lang/ClassNotFoundException'{0x0000000085109f88}: org/springframework/beans/factory/AwareCustomizer> (0x0000000085109f88) 
thrown [t:\workspace\open\src\hotspot\share\classfile\systemDictionary.cpp, line 256]
Event: 5.332 Thread 0x000001ac3ea3a770 Exception <a 'java/lang/reflect/InvocationTargetException'{0x0000000084f01e20}> (0x0000000084f01e20) 
thrown [t:\workspace\open\src\hotspot\share\runtime\reflection.cpp, line 1157]
Event: 5.339 Thread 0x000001ac3fd6a0a0 Exception <a 'java/lang/NoSuchMethodError'{0x00000000850e4ec8}: 'java.lang.Object java.lang.invoke.DirectMethodHandle$Holder.invokeSpecialIFC(java.lang.Object, java.lang.Object, java.lang.Object)'> (0x00000000850e4ec8) 
thrown [t:\workspace\open\src\hotspot\share\interpreter\linkResolver.cpp, line 790]
Event: 5.507 Thread 0x000001ac3fd6a0a0 Exception <a 'java/lang/NoSuchMethodError'{0x0000000084ba2650}: 'void java.lang.invoke.DirectMethodHandle$Holder.invokeInterface(java.lang.Object, java.lang.Object, int)'> (0x0000000084ba2650) 
thrown [t:\workspace\open\src\hotspot\share\interpreter\linkResolver.cpp, line 790]
Event: 5.510 Thread 0x000001ac3fd6a0a0 Exception <a 'java/lang/NoSuchMethodError'{0x0000000084bbcaf8}: 'int java.lang.invoke.DirectMethodHandle$Holder.invokeVirtual(java.lang.Object, java.lang.Object)'> (0x0000000084bbcaf8) 
thrown [t:\workspace\open\src\hotspot\share\interpreter\linkResolver.cpp, line 790]
Event: 5.515 Thread 0x000001ac3fd6a0a0 Exception <a 'java/lang/IncompatibleClassChangeError'{0x0000000084bf7fd8}: Found class java.lang.Object, but interface was expected> (0x0000000084bf7fd8) 
thrown [t:\workspace\open\src\hotspot\share\interpreter\linkResolver.cpp, line 857]
Event: 5.515 Thread 0x000001ac3fd6a0a0 Exception <a 'java/lang/NoSuchMethodError'{0x0000000084bfd410}: 'void java.lang.invoke.DirectMethodHandle$Holder.invokeStatic(java.lang.Object, int, java.lang.Object)'> (0x0000000084bfd410) 
thrown [t:\workspace\open\src\hotspot\share\interpreter\linkResolver.cpp, line 790]
Event: 5.519 Thread 0x000001ac3fd6a0a0 Exception <a 'java/lang/NoSuchMethodError'{0x0000000084a2e100}: 'int java.lang.invoke.DirectMethodHandle$Holder.invokeSpecial(java.lang.Object, java.lang.Object, int)'> (0x0000000084a2e100) 
thrown [t:\workspace\open\src\hotspot\share\interpreter\linkResolver.cpp, line 790]
Event: 5.885 Thread 0x000001ac3ea3a770 Exception <a 'java/lang/reflect/InvocationTargetException'{0x0000000085902340}> (0x0000000085902340) 
thrown [t:\workspace\open\src\hotspot\share\runtime\reflection.cpp, line 1157]

Events (20 events):
Event: 5.949 loading class java/security/interfaces/XECKey done
Event: 5.949 loading class sun/security/util/KeyUtil
Event: 5.949 loading class sun/security/util/KeyUtil done
Event: 5.949 loading class sun/security/util/Length
Event: 5.949 loading class sun/security/util/Length done
Event: 5.949 loading class javax/crypto/SecretKey
Event: 5.949 loading class javax/crypto/SecretKey done
Event: 5.953 loading class java/util/Base64
Event: 5.953 loading class java/util/Base64 done
Event: 5.953 loading class java/util/Base64$Decoder
Event: 5.953 loading class java/util/Base64$Decoder done
Event: 5.953 loading class java/util/Base64$Encoder
Event: 5.954 loading class java/util/Base64$Encoder done
Event: 5.959 loading class sun/security/rsa/RSASignature$SHA256withRSA
Event: 5.959 loading class sun/security/rsa/RSASignature$SHA256withRSA done
Event: 5.961 loading class sun/security/provider/DSA$SHA256withDSA
Event: 5.961 loading class sun/security/provider/DSA$SHA256withDSA done
Event: 5.990 loading class java/util/jar/JarVerifier$VerifierStream
Event: 5.991 loading class java/util/jar/JarVerifier$VerifierStream done
Event: 6.148 Executing  VM operation: G1CollectForAllocation


Dynamic libraries:
0x00007ff7568b0000 - 0x00007ff7568be000 	C:\Users\Hp_ProBook\Downloads\sts-4.11.0.RELEASE\plugins\org.eclipse.justj.openjdk.hotspot.jre.full.win32.x86_64_16.0.1.v20210528-1205\jre\bin\javaw.exe
0x00007ffbf8a30000 - 0x00007ffbf8c25000 	C:\WINDOWS\SYSTEM32\ntdll.dll
0x00007ffbf78e0000 - 0x00007ffbf799d000 	C:\WINDOWS\System32\KERNEL32.DLL
0x00007ffbf61f0000 - 0x00007ffbf64b9000 	C:\WINDOWS\System32\KERNELBASE.dll
0x00007ffbf69a0000 - 0x00007ffbf6aa0000 	C:\WINDOWS\System32\ucrtbase.dll
0x00007ffbe14f0000 - 0x00007ffbe1508000 	C:\Users\Hp_ProBook\Downloads\sts-4.11.0.RELEASE\plugins\org.eclipse.justj.openjdk.hotspot.jre.full.win32.x86_64_16.0.1.v20210528-1205\jre\bin\jli.dll
0x00007ffbeab10000 - 0x00007ffbeab29000 	C:\Users\Hp_ProBook\Downloads\sts-4.11.0.RELEASE\plugins\org.eclipse.justj.openjdk.hotspot.jre.full.win32.x86_64_16.0.1.v20210528-1205\jre\bin\VCRUNTIME140.dll
0x00007ffbf8560000 - 0x00007ffbf8700000 	C:\WINDOWS\System32\USER32.dll
0x00007ffbddc60000 - 0x00007ffbddefa000 	C:\WINDOWS\WinSxS\amd64_microsoft.windows.common-controls_6595b64144ccf1df_6.0.19041.1110_none_60b5254171f9507e\COMCTL32.dll
0x00007ffbf6620000 - 0x00007ffbf6642000 	C:\WINDOWS\System32\win32u.dll
0x00007ffbf6d50000 - 0x00007ffbf6dee000 	C:\WINDOWS\System32\msvcrt.dll
0x00007ffbf88e0000 - 0x00007ffbf890a000 	C:\WINDOWS\System32\GDI32.dll
0x00007ffbf6890000 - 0x00007ffbf699b000 	C:\WINDOWS\System32\gdi32full.dll
0x00007ffbf66b0000 - 0x00007ffbf674d000 	C:\WINDOWS\System32\msvcp_win.dll
0x00007ffbf6b50000 - 0x00007ffbf6b80000 	C:\WINDOWS\System32\IMM32.DLL
0x00007ffbf3c40000 - 0x00007ffbf3c4c000 	C:\Users\Hp_ProBook\Downloads\sts-4.11.0.RELEASE\plugins\org.eclipse.justj.openjdk.hotspot.jre.full.win32.x86_64_16.0.1.v20210528-1205\jre\bin\vcruntime140_1.dll
0x00007ffbc5a40000 - 0x00007ffbc5ad1000 	C:\Users\Hp_ProBook\Downloads\sts-4.11.0.RELEASE\plugins\org.eclipse.justj.openjdk.hotspot.jre.full.win32.x86_64_16.0.1.v20210528-1205\jre\bin\msvcp140.dll
0x00007ffb99ee0000 - 0x00007ffb9aa8b000 	C:\Users\Hp_ProBook\Downloads\sts-4.11.0.RELEASE\plugins\org.eclipse.justj.openjdk.hotspot.jre.full.win32.x86_64_16.0.1.v20210528-1205\jre\bin\server\jvm.dll
0x00007ffbf6aa0000 - 0x00007ffbf6b4c000 	C:\WINDOWS\System32\ADVAPI32.dll
0x00007ffbf8700000 - 0x00007ffbf879b000 	C:\WINDOWS\System32\sechost.dll
0x00007ffbf6c20000 - 0x00007ffbf6d4a000 	C:\WINDOWS\System32\RPCRT4.dll
0x00007ffbf78d0000 - 0x00007ffbf78d8000 	C:\WINDOWS\System32\PSAPI.DLL
0x00007ffbca220000 - 0x00007ffbca229000 	C:\WINDOWS\SYSTEM32\WSOCK32.dll
0x00007ffbda6c0000 - 0x00007ffbda6e7000 	C:\WINDOWS\SYSTEM32\WINMM.dll
0x00007ffbecef0000 - 0x00007ffbecefa000 	C:\WINDOWS\SYSTEM32\VERSION.dll
0x00007ffbf8870000 - 0x00007ffbf88db000 	C:\WINDOWS\System32\WS2_32.dll
0x00007ffbf4a40000 - 0x00007ffbf4a52000 	C:\WINDOWS\SYSTEM32\kernel.appcore.dll
0x00007ffbf3aa0000 - 0x00007ffbf3aaa000 	C:\Users\Hp_ProBook\Downloads\sts-4.11.0.RELEASE\plugins\org.eclipse.justj.openjdk.hotspot.jre.full.win32.x86_64_16.0.1.v20210528-1205\jre\bin\jimage.dll
0x00007ffbf47d0000 - 0x00007ffbf49b4000 	C:\WINDOWS\SYSTEM32\DBGHELP.DLL
0x00007ffbde5d0000 - 0x00007ffbde5fc000 	C:\WINDOWS\SYSTEM32\dbgcore.DLL
0x00007ffbf6800000 - 0x00007ffbf6883000 	C:\WINDOWS\System32\bcryptPrimitives.dll
0x00007ffbda120000 - 0x00007ffbda145000 	C:\Users\Hp_ProBook\Downloads\sts-4.11.0.RELEASE\plugins\org.eclipse.justj.openjdk.hotspot.jre.full.win32.x86_64_16.0.1.v20210528-1205\jre\bin\java.dll
0x00007ffbe0b50000 - 0x00007ffbe0b68000 	C:\Users\Hp_ProBook\Downloads\sts-4.11.0.RELEASE\plugins\org.eclipse.justj.openjdk.hotspot.jre.full.win32.x86_64_16.0.1.v20210528-1205\jre\bin\zip.dll
0x00007ffbf79b0000 - 0x00007ffbf80ef000 	C:\WINDOWS\System32\SHELL32.dll
0x00007ffbf3f70000 - 0x00007ffbf4701000 	C:\WINDOWS\SYSTEM32\windows.storage.dll
0x00007ffbf7510000 - 0x00007ffbf7865000 	C:\WINDOWS\System32\combase.dll
0x00007ffbf5a30000 - 0x00007ffbf5a5c000 	C:\WINDOWS\SYSTEM32\Wldp.dll
0x00007ffbf7000000 - 0x00007ffbf70ae000 	C:\WINDOWS\System32\SHCORE.dll
0x00007ffbf7870000 - 0x00007ffbf78c5000 	C:\WINDOWS\System32\shlwapi.dll
0x00007ffbf60b0000 - 0x00007ffbf60cf000 	C:\WINDOWS\SYSTEM32\profapi.dll
0x00007ffbdf580000 - 0x00007ffbdf599000 	C:\Users\Hp_ProBook\Downloads\sts-4.11.0.RELEASE\plugins\org.eclipse.justj.openjdk.hotspot.jre.full.win32.x86_64_16.0.1.v20210528-1205\jre\bin\net.dll
0x00007ffbec120000 - 0x00007ffbec22a000 	C:\WINDOWS\SYSTEM32\WINHTTP.dll
0x00007ffbf5810000 - 0x00007ffbf587a000 	C:\WINDOWS\system32\mswsock.dll
0x00007ffbdcb20000 - 0x00007ffbdcb33000 	C:\Users\Hp_ProBook\Downloads\sts-4.11.0.RELEASE\plugins\org.eclipse.justj.openjdk.hotspot.jre.full.win32.x86_64_16.0.1.v20210528-1205\jre\bin\nio.dll
0x00007ffbf3160000 - 0x00007ffbf3169000 	C:\Users\Hp_ProBook\Downloads\sts-4.11.0.RELEASE\plugins\org.eclipse.justj.openjdk.hotspot.jre.full.win32.x86_64_16.0.1.v20210528-1205\jre\bin\management.dll
0x00007ffbef1a0000 - 0x00007ffbef1ab000 	C:\Users\Hp_ProBook\Downloads\sts-4.11.0.RELEASE\plugins\org.eclipse.justj.openjdk.hotspot.jre.full.win32.x86_64_16.0.1.v20210528-1205\jre\bin\management_ext.dll
0x00007ffbca230000 - 0x00007ffbca247000 	C:\WINDOWS\system32\napinsp.dll
0x00007ffbca1d0000 - 0x00007ffbca1eb000 	C:\WINDOWS\system32\pnrpnsp.dll
0x00007ffbf01f0000 - 0x00007ffbf0205000 	C:\WINDOWS\system32\wshbth.dll
0x00007ffbf1300000 - 0x00007ffbf131d000 	C:\WINDOWS\system32\NLAapi.dll
0x00007ffbf5520000 - 0x00007ffbf555b000 	C:\WINDOWS\SYSTEM32\IPHLPAPI.DLL
0x00007ffbf5560000 - 0x00007ffbf562c000 	C:\WINDOWS\SYSTEM32\DNSAPI.dll
0x00007ffbf6c10000 - 0x00007ffbf6c18000 	C:\WINDOWS\System32\NSI.dll
0x00007ffbca1b0000 - 0x00007ffbca1c2000 	C:\WINDOWS\System32\winrnr.dll
0x0000000075ce0000 - 0x0000000075d06000 	C:\Program Files\Bonjour\mdnsNSP.dll
0x00007ffbeaad0000 - 0x00007ffbeaada000 	C:\Windows\System32\rasadhlp.dll
0x00007ffbe0b90000 - 0x00007ffbe0c0f000 	C:\WINDOWS\System32\fwpuclnt.dll
0x00007ffbf61c0000 - 0x00007ffbf61e7000 	C:\WINDOWS\System32\bcrypt.dll
0x00007ffbf5a70000 - 0x00007ffbf5a88000 	C:\WINDOWS\SYSTEM32\CRYPTSP.dll
0x00007ffbf51d0000 - 0x00007ffbf5204000 	C:\WINDOWS\system32\rsaenh.dll
0x00007ffbf6070000 - 0x00007ffbf609e000 	C:\WINDOWS\SYSTEM32\USERENV.dll
0x00007ffbf5990000 - 0x00007ffbf599c000 	C:\WINDOWS\SYSTEM32\CRYPTBASE.dll
0x00007ffbf3f50000 - 0x00007ffbf3f67000 	C:\WINDOWS\SYSTEM32\dhcpcsvc6.DLL
0x00007ffbf3f30000 - 0x00007ffbf3f4d000 	C:\WINDOWS\SYSTEM32\dhcpcsvc.DLL
0x00007ffbf3ab0000 - 0x00007ffbf3ac0000 	C:\Users\Hp_ProBook\Downloads\sts-4.11.0.RELEASE\plugins\org.eclipse.justj.openjdk.hotspot.jre.full.win32.x86_64_16.0.1.v20210528-1205\jre\bin\verify.dll

dbghelp: loaded successfully - version: 4.0.5 - missing functions: none
symbol engine: initialized successfully - sym options: 0x614 - pdb path: .;C:\Users\Hp_ProBook\Downloads\sts-4.11.0.RELEASE\plugins\org.eclipse.justj.openjdk.hotspot.jre.full.win32.x86_64_16.0.1.v20210528-1205\jre\bin;C:\WINDOWS\SYSTEM32;C:\WINDOWS\WinSxS\amd64_microsoft.windows.common-controls_6595b64144ccf1df_6.0.19041.1110_none_60b5254171f9507e;C:\Users\Hp_ProBook\Downloads\sts-4.11.0.RELEASE\plugins\org.eclipse.justj.openjdk.hotspot.jre.full.win32.x86_64_16.0.1.v20210528-1205\jre\bin\server;C:\Program Files\Bonjour

VM Arguments:
jvm_args: -Dcom.sun.management.jmxremote -Dcom.sun.management.jmxremote.port=55883 -Dcom.sun.management.jmxremote.authenticate=false -Dcom.sun.management.jmxremote.ssl=false -Djava.rmi.server.hostname=localhost -Dspring.jmx.enabled=true -Dspring.application.admin.enabled=true -XX:TieredStopAtLevel=1 -Dspring.boot.project.name=AG-payment-service -Dfile.encoding=UTF-8 -XX:+ShowCodeDetailsInExceptionMessages 
java_command: org.art.AgPaymentServiceApplication --spring.output.ansi.enabled=always
java_class_path (initial): C:\Users\Hp_ProBook\Documents\workspace-spring-tool-suite-4-4.11.0.RELEASE\AG-payment-service\target\classes;C:\Users\Hp_ProBook\.m2\repository\org\springframework\boot\spring-boot-starter-data-jpa\2.5.4\spring-boot-starter-data-jpa-2.5.4.jar;C:\Users\Hp_ProBook\.m2\repository\org\springframework\boot\spring-boot-starter-aop\2.5.4\spring-boot-starter-aop-2.5.4.jar;C:\Users\Hp_ProBook\.m2\repository\org\springframework\spring-aop\5.3.9\spring-aop-5.3.9.jar;C:\Users\Hp_ProBook\.m2\repository\org\aspectj\aspectjweaver\1.9.7\aspectjweaver-1.9.7.jar;C:\Users\Hp_ProBook\.m2\repository\org\springframework\boot\spring-boot-starter-jdbc\2.5.4\spring-boot-starter-jdbc-2.5.4.jar;C:\Users\Hp_ProBook\.m2\repository\com\zaxxer\HikariCP\4.0.3\HikariCP-4.0.3.jar;C:\Users\Hp_ProBook\.m2\repository\org\springframework\spring-jdbc\5.3.9\spring-jdbc-5.3.9.jar;C:\Users\Hp_ProBook\.m2\repository\jakarta\transaction\jakarta.transaction-api\1.3.3\jakarta.transaction-api-1.3.3.jar;C:\Users\Hp_ProBook\.m2\repository\jakarta\persistence\jakarta.persistence-api\2.2.3\jakarta.persistence-api-2.2.3.jar;C:\Users\Hp_ProBook\.m2\repository\org\hibernate\hibernate-core\5.4.32.Final\hibernate-core-5.4.32.Final.jar;C:\Users\Hp_ProBook\.m2\repository\org\jboss\logging\jboss-logging\3.4.2.Final\jboss-logging-3.4.2.Final.jar;C:\Users\Hp_ProBook\.m2\repository\org\javassist\javassist\3.27.0-GA\javassist-3.27.0-GA.jar;C:\Users\Hp_ProBook\.m2\repository\net\bytebuddy\byte-buddy\1.10.22\byte-buddy-1.10.22.jar;C:\Users\Hp_ProBook\.m2\repository\antlr\antlr\2.7.7\antlr-2.7.7.jar;C:\Users\Hp_ProBook\.m2\repository\org\jboss\jandex\2.2.3.Final\jandex-2.2.3.Final.jar;C:\Users\Hp_ProBook\.m2\repository\com\fasterxml\classmate\1.5.1\classmate-1.5.1.jar;C:\Users\Hp_ProBook\.m2\repository\org\dom4j\dom4j\2.1.3\dom4j-2.1.3.jar;C:\Users\Hp_ProBook\.m2\repository\org\hibernate\common\hibernate-commons-annotations\5.1.2.Final\hibernate-commons-annotations-5.1.2.Final.jar;C:\Users\Hp_ProBook\.
Launcher Type: SUN_STANDARD

[Global flags]
     intx CICompilerCount                          = 4                                         {product} {ergonomic}
     uint ConcGCThreads                            = 2                                         {product} {ergonomic}
     uint G1ConcRefinementThreads                  = 8                                         {product} {ergonomic}
   size_t G1HeapRegionSize                         = 1048576                                   {product} {ergonomic}
    uintx GCDrainStackTargetSize                   = 64                                        {product} {ergonomic}
   size_t InitialHeapSize                          = 132120576                                 {product} {ergonomic}
     bool ManagementServer                         = true                                      {product} {command line}
   size_t MarkStackSize                            = 4194304                                   {product} {ergonomic}
   size_t MaxHeapSize                              = 2113929216                                {product} {ergonomic}
   size_t MaxNewSize                               = 1267728384                                {product} {ergonomic}
   size_t MinHeapDeltaBytes                        = 1048576                                   {product} {ergonomic}
   size_t MinHeapSize                              = 8388608                                   {product} {ergonomic}
    uintx NonNMethodCodeHeapSize                   = 7549744                                {pd product} {ergonomic}
    uintx NonProfiledCodeHeapSize                  = 244108496                              {pd product} {ergonomic}
    uintx ProfiledCodeHeapSize                     = 0                                      {pd product} {ergonomic}
    uintx ReservedCodeCacheSize                    = 251658240                              {pd product} {ergonomic}
     bool SegmentedCodeCache                       = true                                      {product} {ergonomic}
     bool ShowCodeDetailsInExceptionMessages       = true                                   {manageable} {command line}
   size_t SoftMaxHeapSize                          = 2113929216                             {manageable} {ergonomic}
     intx TieredStopAtLevel                        = 1                                         {product} {command line}
     bool UseCompressedClassPointers               = true                           {product lp64_product} {ergonomic}
     bool UseCompressedOops                        = true                           {product lp64_product} {ergonomic}
     bool UseG1GC                                  = true                                      {product} {ergonomic}
     bool UseLargePagesIndividualAllocation        = false                                  {pd product} {ergonomic}

Logging:
Log output configuration:
 #0: stdout all=warning uptime,level,tags
 #1: stderr all=off uptime,level,tags

Environment Variables:
JAVA_HOME=C:\Program Files\Java\jdk1.8.0_121
PATH=C:/Users/Hp_ProBook/Downloads/sts-4.11.0.RELEASE//plugins/org.eclipse.justj.openjdk.hotspot.jre.full.win32.x86_64_16.0.1.v20210528-1205/jre/bin/server;C:/Users/Hp_ProBook/Downloads/sts-4.11.0.RELEASE//plugins/org.eclipse.justj.openjdk.hotspot.jre.full.win32.x86_64_16.0.1.v20210528-1205/jre/bin;C:\Program Files\Java\jdk1.8.0_121\bin;C:\WINDOWS;C:\WINDOWS\System32\Wbem;C:\WINDOWS\System32\WindowsPowerShell\v1.0\;C:\WINDOWS\System32\OpenSSH\;C:\Program Files (x86)\Intel\Intel(R) Management Engine Components\DAL;C:\Program Files\Intel\Intel(R) Management Engine Components\DAL;C:\Program Files\Intel\WiFi\bin\;C:\Program Files\Common Files\Intel\WirelessCommon\;C:\Program Files\Microsoft SQL Server\Client SDK\ODBC\130\Tools\Binn\;C:\Program Files (x86)\Microsoft SQL Server\140\Tools\Binn\;C:\Program Files\Microsoft SQL Server\140\Tools\Binn\;C:\Program Files\Microsoft SQL Server\140\DTS\Binn\;C:\Program Files (x86)\Microsoft SQL Server\150\DTS\Binn\;C:\WINDOWS\system32;C:\Program Files\Git\cmd;C:\Program Files\Git\mingw64\bin;C:\Program Files\Git\usr\bin;C:\Program Files\Docker\Docker\resources\bin;C:\ProgramData\DockerDesktop\version-bin;C:\Program Files\nodejs\;C:\Users\Hp_ProBook\AppData\Local\Microsoft\WindowsApps;C:\apache-maven-3.0.5\bin;C:\Users\Hp_ProBook\AppData\Local\Programs\Microsoft VS Code\bin;C:\Users\Hp_ProBook\AppData\Local\GitHubDesktop\bin;C:\Users\Hp_ProBook\AppData\Roaming\npm;C:\Users\Hp_ProBook\Downloads\sts-4.11.0.RELEASE;
USERNAME=Hp_ProBook
OS=Windows_NT
PROCESSOR_IDENTIFIER=Intel64 Family 6 Model 142 Stepping 11, GenuineIntel



---------------  S Y S T E M  ---------------

OS:
 Windows 10 , 64 bit Build 19041 (10.0.19041.1023)
OS uptime: 31 days 3:12 hours
Hyper-V role detected

CPU: total 8 (initial active 8) (4 cores per cpu, 2 threads per core) family 6 model 142 stepping 11 microcode 0xde, cx8, cmov, fxsr, ht, mmx, 3dnowpref, sse, sse2, sse3, ssse3, sse4.1, sse4.2, popcnt, lzcnt, tsc, tscinvbit, avx, avx2, aes, erms, clmul, bmi1, bmi2, adx, fma, vzeroupper, clflush, clflushopt, hv

Memory: 4k page, system-wide physical 8062M (823M free)
TotalPageFile size 20920M (AvailPageFile size 36M)
current process WorkingSet (physical memory assigned to process): 163M, peak: 164M
current process commit charge ("private bytes"): 199M, peak: 236M

vm_info: OpenJDK 64-Bit Server VM (16.0.1+9-24) for windows-amd64 JRE (16.0.1+9-24), built on Mar 26 2021 19:30:07 by "mach5one" with MS VC++ 16.7 (VS2019)

END.
